-- Install configuration: ""
-- Up-to-date: /home/mmms/ros2-ws/install/pegasus_arm_moveit_config/share/pegasus_arm_moveit_config/config
-- Up-to-date: /home/mmms/ros2-ws/install/pegasus_arm_moveit_config/share/pegasus_arm_moveit_config/config/ros2_controllers.yaml
-- Up-to-date: /home/mmms/ros2-ws/install/pegasus_arm_moveit_config/share/pegasus_arm_moveit_config/config/ompl_planning.yaml
-- Up-to-date: /home/mmms/ros2-ws/install/pegasus_arm_moveit_config/share/pegasus_arm_moveit_config/config/pegasus_arm.urdf.xacro
-- Up-to-date: /home/mmms/ros2-ws/install/pegasus_arm_moveit_config/share/pegasus_arm_moveit_config/config/pilz_cartesian_limits.yaml
-- Up-to-date: /home/mmms/ros2-ws/install/pegasus_arm_moveit_config/share/pegasus_arm_moveit_config/config/initial_positions.yaml
-- Up-to-date: /home/mmms/ros2-ws/install/pegasus_arm_moveit_config/share/pegasus_arm_moveit_config/config/pegasus_arm.ros2_control.xacro
-- Up-to-date: /home/mmms/ros2-ws/install/pegasus_arm_moveit_config/share/pegasus_arm_moveit_config/config/pegasus_arm.srdf
-- Up-to-date: /home/mmms/ros2-ws/install/pegasus_arm_moveit_config/share/pegasus_arm_moveit_config/config/.vscode
-- Up-to-date: /home/mmms/ros2-ws/install/pegasus_arm_moveit_config/share/pegasus_arm_moveit_config/config/.vscode/c_cpp_properties.json
-- Up-to-date: /home/mmms/ros2-ws/install/pegasus_arm_moveit_config/share/pegasus_arm_moveit_config/config/.vscode/settings.json
-- Installing: /home/mmms/ros2-ws/install/pegasus_arm_moveit_config/share/pegasus_arm_moveit_config/config/joint_limits.yaml
-- Up-to-date: /home/mmms/ros2-ws/install/pegasus_arm_moveit_config/share/pegasus_arm_moveit_config/config/controllers.yaml
-- Up-to-date: /home/mmms/ros2-ws/install/pegasus_arm_moveit_config/share/pegasus_arm_moveit_config/config/kinematics.yaml
-- Up-to-date: /home/mmms/ros2-ws/install/pegasus_arm_moveit_config/share/pegasus_arm_moveit_config/config/moveit.rviz
-- Up-to-date: /home/mmms/ros2-ws/install/pegasus_arm_moveit_config/share/pegasus_arm_moveit_config/config/sensors_3d.yaml
-- Up-to-date: /home/mmms/ros2-ws/install/pegasus_arm_moveit_config/share/pegasus_arm_moveit_config/launch
-- Up-to-date: /home/mmms/ros2-ws/install/pegasus_arm_moveit_config/share/pegasus_arm_moveit_config/launch/demo.launch.py
-- Up-to-date: /home/mmms/ros2-ws/install/pegasus_arm_moveit_config/share/pegasus_arm_moveit_config/launch/install
-- Up-to-date: /home/mmms/ros2-ws/install/pegasus_arm_moveit_config/share/pegasus_arm_moveit_config/launch/install/local_setup.bash
-- Up-to-date: /home/mmms/ros2-ws/install/pegasus_arm_moveit_config/share/pegasus_arm_moveit_config/launch/install/setup.sh
-- Up-to-date: /home/mmms/ros2-ws/install/pegasus_arm_moveit_config/share/pegasus_arm_moveit_config/launch/install/local_setup.ps1
-- Up-to-date: /home/mmms/ros2-ws/install/pegasus_arm_moveit_config/share/pegasus_arm_moveit_config/launch/install/_local_setup_util_sh.py
-- Up-to-date: /home/mmms/ros2-ws/install/pegasus_arm_moveit_config/share/pegasus_arm_moveit_config/launch/install/setup.bash
-- Up-to-date: /home/mmms/ros2-ws/install/pegasus_arm_moveit_config/share/pegasus_arm_moveit_config/launch/install/.colcon_install_layout
-- Up-to-date: /home/mmms/ros2-ws/install/pegasus_arm_moveit_config/share/pegasus_arm_moveit_config/launch/install/local_setup.sh
-- Up-to-date: /home/mmms/ros2-ws/install/pegasus_arm_moveit_config/share/pegasus_arm_moveit_config/launch/install/COLCON_IGNORE
-- Up-to-date: /home/mmms/ros2-ws/install/pegasus_arm_moveit_config/share/pegasus_arm_moveit_config/launch/install/setup.ps1
-- Up-to-date: /home/mmms/ros2-ws/install/pegasus_arm_moveit_config/share/pegasus_arm_moveit_config/launch/install/setup.zsh
-- Up-to-date: /home/mmms/ros2-ws/install/pegasus_arm_moveit_config/share/pegasus_arm_moveit_config/launch/install/local_setup.zsh
-- Up-to-date: /home/mmms/ros2-ws/install/pegasus_arm_moveit_config/share/pegasus_arm_moveit_config/launch/install/_local_setup_util_ps1.py
-- Up-to-date: /home/mmms/ros2-ws/install/pegasus_arm_moveit_config/share/pegasus_arm_moveit_config/launch/rsp.launch.py
-- Up-to-date: /home/mmms/ros2-ws/install/pegasus_arm_moveit_config/share/pegasus_arm_moveit_config/launch/move_group.launch.py
-- Up-to-date: /home/mmms/ros2-ws/install/pegasus_arm_moveit_config/share/pegasus_arm_moveit_config/launch/static_virtual_joint_tfs.launch.py
-- Up-to-date: /home/mmms/ros2-ws/install/pegasus_arm_moveit_config/share/pegasus_arm_moveit_config/launch/.vscode
-- Up-to-date: /home/mmms/ros2-ws/install/pegasus_arm_moveit_config/share/pegasus_arm_moveit_config/launch/.vscode/c_cpp_properties.json
-- Up-to-date: /home/mmms/ros2-ws/install/pegasus_arm_moveit_config/share/pegasus_arm_moveit_config/launch/.vscode/settings.json
-- Up-to-date: /home/mmms/ros2-ws/install/pegasus_arm_moveit_config/share/pegasus_arm_moveit_config/launch/log
-- Up-to-date: /home/mmms/ros2-ws/install/pegasus_arm_moveit_config/share/pegasus_arm_moveit_config/launch/log/COLCON_IGNORE
-- Up-to-date: /home/mmms/ros2-ws/install/pegasus_arm_moveit_config/share/pegasus_arm_moveit_config/launch/log/latest
-- Up-to-date: /home/mmms/ros2-ws/install/pegasus_arm_moveit_config/share/pegasus_arm_moveit_config/launch/log/build_2025-05-07_15-53-01
-- Up-to-date: /home/mmms/ros2-ws/install/pegasus_arm_moveit_config/share/pegasus_arm_moveit_config/launch/log/build_2025-05-07_15-53-01/events.log
-- Up-to-date: /home/mmms/ros2-ws/install/pegasus_arm_moveit_config/share/pegasus_arm_moveit_config/launch/log/build_2025-05-07_15-53-01/logger_all.log
-- Up-to-date: /home/mmms/ros2-ws/install/pegasus_arm_moveit_config/share/pegasus_arm_moveit_config/launch/log/latest_build
-- Up-to-date: /home/mmms/ros2-ws/install/pegasus_arm_moveit_config/share/pegasus_arm_moveit_config/launch/spawn_controllers.launch.py
-- Up-to-date: /home/mmms/ros2-ws/install/pegasus_arm_moveit_config/share/pegasus_arm_moveit_config/launch/warehouse_db.launch.py
-- Up-to-date: /home/mmms/ros2-ws/install/pegasus_arm_moveit_config/share/pegasus_arm_moveit_config/launch/moveit_rviz.launch.py
-- Up-to-date: /home/mmms/ros2-ws/install/pegasus_arm_moveit_config/share/pegasus_arm_moveit_config/launch/setup_assistant.launch.py
-- Up-to-date: /home/mmms/ros2-ws/install/pegasus_arm_moveit_config/share/pegasus_arm_moveit_config/launch/build
-- Up-to-date: /home/mmms/ros2-ws/install/pegasus_arm_moveit_config/share/pegasus_arm_moveit_config/launch/build/COLCON_IGNORE
-- Up-to-date: /home/mmms/ros2-ws/install/pegasus_arm_moveit_config/share/pegasus_arm_moveit_config/launch/build/.built_by
-- Up-to-date: /home/mmms/ros2-ws/install/pegasus_arm_moveit_config/share/pegasus_arm_moveit_config/.setup_assistant
-- Up-to-date: /home/mmms/ros2-ws/install/pegasus_arm_moveit_config/share/ament_index/resource_index/package_run_dependencies/pegasus_arm_moveit_config
-- Up-to-date: /home/mmms/ros2-ws/install/pegasus_arm_moveit_config/share/ament_index/resource_index/parent_prefix_path/pegasus_arm_moveit_config
-- Up-to-date: /home/mmms/ros2-ws/install/pegasus_arm_moveit_config/share/pegasus_arm_moveit_config/environment/ament_prefix_path.sh
-- Up-to-date: /home/mmms/ros2-ws/install/pegasus_arm_moveit_config/share/pegasus_arm_moveit_config/environment/ament_prefix_path.dsv
-- Up-to-date: /home/mmms/ros2-ws/install/pegasus_arm_moveit_config/share/pegasus_arm_moveit_config/environment/path.sh
-- Up-to-date: /home/mmms/ros2-ws/install/pegasus_arm_moveit_config/share/pegasus_arm_moveit_config/environment/path.dsv
-- Up-to-date: /home/mmms/ros2-ws/install/pegasus_arm_moveit_config/share/pegasus_arm_moveit_config/local_setup.bash
-- Up-to-date: /home/mmms/ros2-ws/install/pegasus_arm_moveit_config/share/pegasus_arm_moveit_config/local_setup.sh
-- Up-to-date: /home/mmms/ros2-ws/install/pegasus_arm_moveit_config/share/pegasus_arm_moveit_config/local_setup.zsh
-- Up-to-date: /home/mmms/ros2-ws/install/pegasus_arm_moveit_config/share/pegasus_arm_moveit_config/local_setup.dsv
-- Up-to-date: /home/mmms/ros2-ws/install/pegasus_arm_moveit_config/share/pegasus_arm_moveit_config/package.dsv
-- Up-to-date: /home/mmms/ros2-ws/install/pegasus_arm_moveit_config/share/ament_index/resource_index/packages/pegasus_arm_moveit_config
-- Up-to-date: /home/mmms/ros2-ws/install/pegasus_arm_moveit_config/share/pegasus_arm_moveit_config/cmake/pegasus_arm_moveit_configConfig.cmake
-- Up-to-date: /home/mmms/ros2-ws/install/pegasus_arm_moveit_config/share/pegasus_arm_moveit_config/cmake/pegasus_arm_moveit_configConfig-version.cmake
-- Up-to-date: /home/mmms/ros2-ws/install/pegasus_arm_moveit_config/share/pegasus_arm_moveit_config/package.xml
