[0.018s] Invoking command in '/home/mmms/ros2-ws/build/pegasus_arm_moveit_config': CMAKE_PREFIX_PATH=/home/mmms/ros2-ws/install/pegasus_arm_description:/home/mmms/ros2-ws/install/pegasus_arm_moveit_config:/home/mmms/ros2-ws/install/pegasus_arm_moveit:/home/mmms/ros2-ws/install/moveit_srdf:/opt/ros/humble /usr/bin/cmake /home/mmms/ros2-ws/src/pegasus_arm_moveit_config -DCMAKE_INSTALL_PREFIX=/home/mmms/ros2-ws/install/pegasus_arm_moveit_config
[0.113s] -- The C compiler identification is GNU 11.4.0
[0.210s] -- The CXX compiler identification is GNU 11.4.0
[0.221s] -- Detecting C compiler ABI info
[0.327s] -- Detecting C compiler ABI info - done
[0.343s] -- Check for working C compiler: /usr/bin/cc - skipped
[0.343s] -- Detecting C compile features
[0.344s] -- Detecting C compile features - done
[0.349s] -- Detecting CXX compiler ABI info
[0.481s] -- Detecting CXX compiler ABI info - done
[0.497s] -- Check for working CXX compiler: /usr/bin/c++ - skipped
[0.497s] -- Detecting CXX compile features
[0.498s] -- Detecting CXX compile features - done
[0.502s] -- Found ament_cmake: 1.3.11 (/opt/ros/humble/share/ament_cmake/cmake)
[0.751s] -- Found Python3: /usr/bin/python3 (found version "3.10.12") found components: Interpreter 
[1.026s] -- Configuring done
[1.030s] -- Generating done
[1.032s] -- Build files have been written to: /home/mmms/ros2-ws/build/pegasus_arm_moveit_config
[1.040s] Invoked command in '/home/mmms/ros2-ws/build/pegasus_arm_moveit_config' returned '0': CMAKE_PREFIX_PATH=/home/mmms/ros2-ws/install/pegasus_arm_description:/home/mmms/ros2-ws/install/pegasus_arm_moveit_config:/home/mmms/ros2-ws/install/pegasus_arm_moveit:/home/mmms/ros2-ws/install/moveit_srdf:/opt/ros/humble /usr/bin/cmake /home/mmms/ros2-ws/src/pegasus_arm_moveit_config -DCMAKE_INSTALL_PREFIX=/home/mmms/ros2-ws/install/pegasus_arm_moveit_config
[1.043s] Invoking command in '/home/mmms/ros2-ws/build/pegasus_arm_moveit_config': CMAKE_PREFIX_PATH=/home/mmms/ros2-ws/install/pegasus_arm_description:/home/mmms/ros2-ws/install/pegasus_arm_moveit_config:/home/mmms/ros2-ws/install/pegasus_arm_moveit:/home/mmms/ros2-ws/install/moveit_srdf:/opt/ros/humble /usr/bin/cmake --build /home/mmms/ros2-ws/build/pegasus_arm_moveit_config -- -j4 -l4
[1.103s] Invoked command in '/home/mmms/ros2-ws/build/pegasus_arm_moveit_config' returned '0': CMAKE_PREFIX_PATH=/home/mmms/ros2-ws/install/pegasus_arm_description:/home/mmms/ros2-ws/install/pegasus_arm_moveit_config:/home/mmms/ros2-ws/install/pegasus_arm_moveit:/home/mmms/ros2-ws/install/moveit_srdf:/opt/ros/humble /usr/bin/cmake --build /home/mmms/ros2-ws/build/pegasus_arm_moveit_config -- -j4 -l4
[1.107s] Invoking command in '/home/mmms/ros2-ws/build/pegasus_arm_moveit_config': CMAKE_PREFIX_PATH=/home/mmms/ros2-ws/install/pegasus_arm_description:/home/mmms/ros2-ws/install/pegasus_arm_moveit_config:/home/mmms/ros2-ws/install/pegasus_arm_moveit:/home/mmms/ros2-ws/install/moveit_srdf:/opt/ros/humble /usr/bin/cmake --install /home/mmms/ros2-ws/build/pegasus_arm_moveit_config
[1.119s] -- Install configuration: ""
[1.120s] -- Installing: /home/mmms/ros2-ws/install/pegasus_arm_moveit_config/share/ament_index/resource_index/package_run_dependencies/pegasus_arm_moveit_config
[1.121s] -- Installing: /home/mmms/ros2-ws/install/pegasus_arm_moveit_config/share/ament_index/resource_index/parent_prefix_path/pegasus_arm_moveit_config
[1.121s] -- Installing: /home/mmms/ros2-ws/install/pegasus_arm_moveit_config/share/pegasus_arm_moveit_config/environment/ament_prefix_path.sh
[1.121s] -- Installing: /home/mmms/ros2-ws/install/pegasus_arm_moveit_config/share/pegasus_arm_moveit_config/environment/ament_prefix_path.dsv
[1.122s] -- Installing: /home/mmms/ros2-ws/install/pegasus_arm_moveit_config/share/pegasus_arm_moveit_config/environment/path.sh
[1.122s] -- Installing: /home/mmms/ros2-ws/install/pegasus_arm_moveit_config/share/pegasus_arm_moveit_config/environment/path.dsv
[1.122s] -- Installing: /home/mmms/ros2-ws/install/pegasus_arm_moveit_config/share/pegasus_arm_moveit_config/local_setup.bash
[1.123s] -- Installing: /home/mmms/ros2-ws/install/pegasus_arm_moveit_config/share/pegasus_arm_moveit_config/local_setup.sh
[1.123s] -- Installing: /home/mmms/ros2-ws/install/pegasus_arm_moveit_config/share/pegasus_arm_moveit_config/local_setup.zsh
[1.123s] -- Installing: /home/mmms/ros2-ws/install/pegasus_arm_moveit_config/share/pegasus_arm_moveit_config/local_setup.dsv
[1.123s] -- Installing: /home/mmms/ros2-ws/install/pegasus_arm_moveit_config/share/pegasus_arm_moveit_config/package.dsv
[1.123s] -- Installing: /home/mmms/ros2-ws/install/pegasus_arm_moveit_config/share/ament_index/resource_index/packages/pegasus_arm_moveit_config
[1.124s] -- Installing: /home/mmms/ros2-ws/install/pegasus_arm_moveit_config/share/pegasus_arm_moveit_config/cmake/pegasus_arm_moveit_configConfig.cmake
[1.124s] -- Installing: /home/mmms/ros2-ws/install/pegasus_arm_moveit_config/share/pegasus_arm_moveit_config/cmake/pegasus_arm_moveit_configConfig-version.cmake
[1.124s] -- Installing: /home/mmms/ros2-ws/install/pegasus_arm_moveit_config/share/pegasus_arm_moveit_config/package.xml
[1.124s] -- Installing: /home/mmms/ros2-ws/install/pegasus_arm_moveit_config/share/pegasus_arm_moveit_config/launch
[1.124s] -- Installing: /home/mmms/ros2-ws/install/pegasus_arm_moveit_config/share/pegasus_arm_moveit_config/launch/moveit_rviz.launch.py
[1.124s] -- Installing: /home/mmms/ros2-ws/install/pegasus_arm_moveit_config/share/pegasus_arm_moveit_config/launch/move_group.launch.py
[1.125s] -- Installing: /home/mmms/ros2-ws/install/pegasus_arm_moveit_config/share/pegasus_arm_moveit_config/launch/rsp.launch.py
[1.125s] -- Installing: /home/mmms/ros2-ws/install/pegasus_arm_moveit_config/share/pegasus_arm_moveit_config/launch/spawn_controllers.launch.py
[1.125s] -- Installing: /home/mmms/ros2-ws/install/pegasus_arm_moveit_config/share/pegasus_arm_moveit_config/launch/static_virtual_joint_tfs.launch.py
[1.125s] -- Installing: /home/mmms/ros2-ws/install/pegasus_arm_moveit_config/share/pegasus_arm_moveit_config/launch/warehouse_db.launch.py
[1.126s] -- Installing: /home/mmms/ros2-ws/install/pegasus_arm_moveit_config/share/pegasus_arm_moveit_config/launch/setup_assistant.launch.py
[1.126s] -- Installing: /home/mmms/ros2-ws/install/pegasus_arm_moveit_config/share/pegasus_arm_moveit_config/launch/demo.launch.py
[1.126s] -- Installing: /home/mmms/ros2-ws/install/pegasus_arm_moveit_config/share/pegasus_arm_moveit_config/config
[1.126s] -- Installing: /home/mmms/ros2-ws/install/pegasus_arm_moveit_config/share/pegasus_arm_moveit_config/config/ros2_controllers.yaml
[1.147s] -- Installing: /home/mmms/ros2-ws/install/pegasus_arm_moveit_config/share/pegasus_arm_moveit_config/config/pegasus_arm.ros2_control.xacro
[1.148s] -- Installing: /home/mmms/ros2-ws/install/pegasus_arm_moveit_config/share/pegasus_arm_moveit_config/config/moveit.rviz
[1.148s] -- Installing: /home/mmms/ros2-ws/install/pegasus_arm_moveit_config/share/pegasus_arm_moveit_config/config/pilz_cartesian_limits.yaml
[1.148s] -- Installing: /home/mmms/ros2-ws/install/pegasus_arm_moveit_config/share/pegasus_arm_moveit_config/config/kinematics.yaml
[1.149s] -- Installing: /home/mmms/ros2-ws/install/pegasus_arm_moveit_config/share/pegasus_arm_moveit_config/config/pegasus_arm.urdf.xacro
[1.149s] -- Installing: /home/mmms/ros2-ws/install/pegasus_arm_moveit_config/share/pegasus_arm_moveit_config/config/initial_positions.yaml
[1.149s] -- Installing: /home/mmms/ros2-ws/install/pegasus_arm_moveit_config/share/pegasus_arm_moveit_config/config/sensors_3d.yaml
[1.149s] -- Installing: /home/mmms/ros2-ws/install/pegasus_arm_moveit_config/share/pegasus_arm_moveit_config/config/joint_limits.yaml
[1.149s] -- Installing: /home/mmms/ros2-ws/install/pegasus_arm_moveit_config/share/pegasus_arm_moveit_config/config/pegasus_arm.srdf
[1.149s] -- Installing: /home/mmms/ros2-ws/install/pegasus_arm_moveit_config/share/pegasus_arm_moveit_config/config/controllers.yaml
[1.149s] -- Installing: /home/mmms/ros2-ws/install/pegasus_arm_moveit_config/share/pegasus_arm_moveit_config/.setup_assistant
[1.153s] Invoked command in '/home/mmms/ros2-ws/build/pegasus_arm_moveit_config' returned '0': CMAKE_PREFIX_PATH=/home/mmms/ros2-ws/install/pegasus_arm_description:/home/mmms/ros2-ws/install/pegasus_arm_moveit_config:/home/mmms/ros2-ws/install/pegasus_arm_moveit:/home/mmms/ros2-ws/install/moveit_srdf:/opt/ros/humble /usr/bin/cmake --install /home/mmms/ros2-ws/build/pegasus_arm_moveit_config
