[0.177s] DEBUG:colcon:Command line arguments: ['/usr/bin/colcon', 'build', '--symlink-install']
[0.177s] DEBUG:colcon:Parsed command line arguments: Namespace(log_base=None, log_level=None, verb_name='build', build_base='build', install_base='install', merge_install=False, symlink_install=True, test_result_base=None, continue_on_error=False, executor='parallel', parallel_workers=4, event_handlers=None, ignore_user_meta=False, metas=['./colcon.meta'], base_paths=['.'], packages_ignore=None, packages_ignore_regex=None, paths=None, packages_up_to=None, packages_up_to_regex=None, packages_above=None, packages_above_and_dependencies=None, packages_above_depth=None, packages_select_by_dep=None, packages_skip_by_dep=None, packages_skip_up_to=None, packages_select_build_failed=False, packages_skip_build_finished=False, packages_select_test_failures=False, packages_skip_test_passed=False, packages_select=None, packages_skip=None, packages_select_regex=None, packages_skip_regex=None, packages_start=None, packages_end=None, allow_overriding=[], cmake_args=None, cmake_target=None, cmake_target_skip_unavailable=False, cmake_clean_cache=False, cmake_clean_first=False, cmake_force_configure=False, ament_cmake_args=None, catkin_cmake_args=None, catkin_skip_building_tests=False, mixin_files=None, mixin=None, verb_parser=<colcon_mixin.mixin.mixin_argument.MixinArgumentDecorator object at 0x72768d1ddbd0>, verb_extension=<colcon_core.verb.build.BuildVerb object at 0x72768d1dd660>, main=<bound method BuildVerb.main of <colcon_core.verb.build.BuildVerb object at 0x72768d1dd660>>, mixin_verb=('build',))
[0.464s] Level 1:colcon.colcon_core.package_discovery:discover_packages(colcon_meta) check parameters
[0.464s] Level 1:colcon.colcon_core.package_discovery:discover_packages(recursive) check parameters
[0.464s] Level 1:colcon.colcon_core.package_discovery:discover_packages(ignore) check parameters
[0.464s] Level 1:colcon.colcon_core.package_discovery:discover_packages(path) check parameters
[0.464s] Level 1:colcon.colcon_core.package_discovery:discover_packages(colcon_meta) discover
[0.464s] Level 1:colcon.colcon_core.package_discovery:discover_packages(recursive) discover
[0.464s] INFO:colcon.colcon_core.package_discovery:Crawling recursively for packages in '/home/mmms/ros2-ws/src/pegasus_arm_moveit_config'
[0.464s] Level 1:colcon.colcon_core.package_identification:_identify(.) by extensions ['ignore', 'ignore_ament_install']
[0.465s] Level 1:colcon.colcon_core.package_identification:_identify(.) by extension 'ignore'
[0.465s] Level 1:colcon.colcon_core.package_identification:_identify(.) by extension 'ignore_ament_install'
[0.465s] Level 1:colcon.colcon_core.package_identification:_identify(.) by extensions ['colcon_pkg']
[0.465s] Level 1:colcon.colcon_core.package_identification:_identify(.) by extension 'colcon_pkg'
[0.465s] Level 1:colcon.colcon_core.package_identification:_identify(.) by extensions ['colcon_meta']
[0.465s] Level 1:colcon.colcon_core.package_identification:_identify(.) by extension 'colcon_meta'
[0.465s] Level 1:colcon.colcon_core.package_identification:_identify(.) by extensions ['ros']
[0.465s] Level 1:colcon.colcon_core.package_identification:_identify(.) by extension 'ros'
[0.485s] DEBUG:colcon.colcon_core.package_identification:Package '.' with type 'ros.ament_cmake' and name 'pegasus_arm_moveit_config'
[0.485s] Level 1:colcon.colcon_core.package_discovery:discover_packages(recursive) using defaults
[0.486s] Level 1:colcon.colcon_core.package_discovery:discover_packages(ignore) discover
[0.486s] Level 1:colcon.colcon_core.package_discovery:discover_packages(ignore) using defaults
[0.486s] Level 1:colcon.colcon_core.package_discovery:discover_packages(path) discover
[0.486s] Level 1:colcon.colcon_core.package_discovery:discover_packages(path) using defaults
[0.533s] Level 1:colcon.colcon_core.package_discovery:discover_packages(prefix_path) check parameters
[0.533s] Level 1:colcon.colcon_core.package_discovery:discover_packages(prefix_path) discover
[0.536s] DEBUG:colcon.colcon_installed_package_information.package_discovery:Found 9 installed packages in /home/mmms/ros2-ws/install
[0.539s] DEBUG:colcon.colcon_installed_package_information.package_discovery:Found 340 installed packages in /opt/ros/humble
[0.542s] Level 1:colcon.colcon_core.package_discovery:discover_packages(prefix_path) using defaults
[0.622s] Level 5:colcon.colcon_core.verb:set package 'pegasus_arm_moveit_config' build argument 'cmake_args' from command line to 'None'
[0.623s] Level 5:colcon.colcon_core.verb:set package 'pegasus_arm_moveit_config' build argument 'cmake_target' from command line to 'None'
[0.623s] Level 5:colcon.colcon_core.verb:set package 'pegasus_arm_moveit_config' build argument 'cmake_target_skip_unavailable' from command line to 'False'
[0.623s] Level 5:colcon.colcon_core.verb:set package 'pegasus_arm_moveit_config' build argument 'cmake_clean_cache' from command line to 'False'
[0.623s] Level 5:colcon.colcon_core.verb:set package 'pegasus_arm_moveit_config' build argument 'cmake_clean_first' from command line to 'False'
[0.623s] Level 5:colcon.colcon_core.verb:set package 'pegasus_arm_moveit_config' build argument 'cmake_force_configure' from command line to 'False'
[0.623s] Level 5:colcon.colcon_core.verb:set package 'pegasus_arm_moveit_config' build argument 'ament_cmake_args' from command line to 'None'
[0.623s] Level 5:colcon.colcon_core.verb:set package 'pegasus_arm_moveit_config' build argument 'catkin_cmake_args' from command line to 'None'
[0.623s] Level 5:colcon.colcon_core.verb:set package 'pegasus_arm_moveit_config' build argument 'catkin_skip_building_tests' from command line to 'False'
[0.623s] DEBUG:colcon.colcon_core.verb:Building package 'pegasus_arm_moveit_config' with the following arguments: {'ament_cmake_args': None, 'build_base': '/home/mmms/ros2-ws/src/pegasus_arm_moveit_config/build/pegasus_arm_moveit_config', 'catkin_cmake_args': None, 'catkin_skip_building_tests': False, 'cmake_args': None, 'cmake_clean_cache': False, 'cmake_clean_first': False, 'cmake_force_configure': False, 'cmake_target': None, 'cmake_target_skip_unavailable': False, 'install_base': '/home/mmms/ros2-ws/src/pegasus_arm_moveit_config/install/pegasus_arm_moveit_config', 'merge_install': False, 'path': '/home/mmms/ros2-ws/src/pegasus_arm_moveit_config', 'symlink_install': True, 'test_result_base': None}
[0.623s] INFO:colcon.colcon_core.executor:Executing jobs using 'parallel' executor
[0.625s] DEBUG:colcon.colcon_parallel_executor.executor.parallel:run_until_complete
[0.626s] INFO:colcon.colcon_ros.task.ament_cmake.build:Building ROS package in '/home/mmms/ros2-ws/src/pegasus_arm_moveit_config' with build type 'ament_cmake'
[0.626s] INFO:colcon.colcon_cmake.task.cmake.build:Building CMake package in '/home/mmms/ros2-ws/src/pegasus_arm_moveit_config'
[0.629s] INFO:colcon.colcon_core.plugin_system:Skipping extension 'colcon_core.shell.bat': Not used on non-Windows systems
[0.629s] INFO:colcon.colcon_core.shell:Skip shell extension 'powershell' for command environment: Not usable outside of PowerShell
[0.629s] DEBUG:colcon.colcon_core.shell:Skip shell extension 'dsv' for command environment
[0.649s] DEBUG:colcon.colcon_core.event_handler.log_command:Invoking command in '/home/mmms/ros2-ws/src/pegasus_arm_moveit_config/build/pegasus_arm_moveit_config': CMAKE_PREFIX_PATH=${CMAKE_PREFIX_PATH}:/opt/ros/humble /usr/bin/cmake --build /home/mmms/ros2-ws/src/pegasus_arm_moveit_config/build/pegasus_arm_moveit_config -- -j4 -l4
[0.701s] DEBUG:colcon.colcon_core.event_handler.log_command:Invoked command in '/home/mmms/ros2-ws/src/pegasus_arm_moveit_config/build/pegasus_arm_moveit_config' returned '0': CMAKE_PREFIX_PATH=${CMAKE_PREFIX_PATH}:/opt/ros/humble /usr/bin/cmake --build /home/mmms/ros2-ws/src/pegasus_arm_moveit_config/build/pegasus_arm_moveit_config -- -j4 -l4
[0.715s] DEBUG:colcon.colcon_core.event_handler.log_command:Invoking command in '/home/mmms/ros2-ws/src/pegasus_arm_moveit_config/build/pegasus_arm_moveit_config': CMAKE_PREFIX_PATH=${CMAKE_PREFIX_PATH}:/opt/ros/humble /usr/bin/cmake --install /home/mmms/ros2-ws/src/pegasus_arm_moveit_config/build/pegasus_arm_moveit_config
[0.755s] Level 1:colcon.colcon_core.environment:create_environment_scripts_only(pegasus_arm_moveit_config)
[0.756s] DEBUG:colcon.colcon_core.event_handler.log_command:Invoked command in '/home/mmms/ros2-ws/src/pegasus_arm_moveit_config/build/pegasus_arm_moveit_config' returned '0': CMAKE_PREFIX_PATH=${CMAKE_PREFIX_PATH}:/opt/ros/humble /usr/bin/cmake --install /home/mmms/ros2-ws/src/pegasus_arm_moveit_config/build/pegasus_arm_moveit_config
[0.762s] Level 1:colcon.colcon_core.environment:checking '/home/mmms/ros2-ws/src/pegasus_arm_moveit_config/install/pegasus_arm_moveit_config' for CMake module files
[0.764s] Level 1:colcon.colcon_core.environment:checking '/home/mmms/ros2-ws/src/pegasus_arm_moveit_config/install/pegasus_arm_moveit_config' for CMake config files
[0.765s] Level 1:colcon.colcon_core.shell:create_environment_hook('pegasus_arm_moveit_config', 'cmake_prefix_path')
[0.766s] INFO:colcon.colcon_core.shell:Creating environment hook '/home/mmms/ros2-ws/src/pegasus_arm_moveit_config/install/pegasus_arm_moveit_config/share/pegasus_arm_moveit_config/hook/cmake_prefix_path.ps1'
[0.767s] INFO:colcon.colcon_core.shell:Creating environment descriptor '/home/mmms/ros2-ws/src/pegasus_arm_moveit_config/install/pegasus_arm_moveit_config/share/pegasus_arm_moveit_config/hook/cmake_prefix_path.dsv'
[0.769s] INFO:colcon.colcon_core.shell:Creating environment hook '/home/mmms/ros2-ws/src/pegasus_arm_moveit_config/install/pegasus_arm_moveit_config/share/pegasus_arm_moveit_config/hook/cmake_prefix_path.sh'
[0.771s] Level 1:colcon.colcon_core.environment:checking '/home/mmms/ros2-ws/src/pegasus_arm_moveit_config/install/pegasus_arm_moveit_config/bin'
[0.771s] Level 1:colcon.colcon_core.environment:checking '/home/mmms/ros2-ws/src/pegasus_arm_moveit_config/install/pegasus_arm_moveit_config/lib/pkgconfig/pegasus_arm_moveit_config.pc'
[0.772s] Level 1:colcon.colcon_core.environment:checking '/home/mmms/ros2-ws/src/pegasus_arm_moveit_config/install/pegasus_arm_moveit_config/lib/python3.10/site-packages'
[0.773s] Level 1:colcon.colcon_core.environment:checking '/home/mmms/ros2-ws/src/pegasus_arm_moveit_config/install/pegasus_arm_moveit_config/bin'
[0.774s] INFO:colcon.colcon_core.shell:Creating package script '/home/mmms/ros2-ws/src/pegasus_arm_moveit_config/install/pegasus_arm_moveit_config/share/pegasus_arm_moveit_config/package.ps1'
[0.776s] INFO:colcon.colcon_core.shell:Creating package descriptor '/home/mmms/ros2-ws/src/pegasus_arm_moveit_config/install/pegasus_arm_moveit_config/share/pegasus_arm_moveit_config/package.dsv'
[0.777s] INFO:colcon.colcon_core.shell:Creating package script '/home/mmms/ros2-ws/src/pegasus_arm_moveit_config/install/pegasus_arm_moveit_config/share/pegasus_arm_moveit_config/package.sh'
[0.779s] INFO:colcon.colcon_core.shell:Creating package script '/home/mmms/ros2-ws/src/pegasus_arm_moveit_config/install/pegasus_arm_moveit_config/share/pegasus_arm_moveit_config/package.bash'
[0.781s] INFO:colcon.colcon_core.shell:Creating package script '/home/mmms/ros2-ws/src/pegasus_arm_moveit_config/install/pegasus_arm_moveit_config/share/pegasus_arm_moveit_config/package.zsh'
[0.783s] Level 1:colcon.colcon_core.environment:create_file_with_runtime_dependencies(/home/mmms/ros2-ws/src/pegasus_arm_moveit_config/install/pegasus_arm_moveit_config/share/colcon-core/packages/pegasus_arm_moveit_config)
[0.784s] Level 1:colcon.colcon_core.environment:create_environment_scripts_only(pegasus_arm_moveit_config)
[0.784s] Level 1:colcon.colcon_core.environment:checking '/home/mmms/ros2-ws/src/pegasus_arm_moveit_config/install/pegasus_arm_moveit_config' for CMake module files
[0.786s] Level 1:colcon.colcon_core.environment:checking '/home/mmms/ros2-ws/src/pegasus_arm_moveit_config/install/pegasus_arm_moveit_config' for CMake config files
[0.786s] Level 1:colcon.colcon_core.shell:create_environment_hook('pegasus_arm_moveit_config', 'cmake_prefix_path')
[0.787s] INFO:colcon.colcon_core.shell:Creating environment hook '/home/mmms/ros2-ws/src/pegasus_arm_moveit_config/install/pegasus_arm_moveit_config/share/pegasus_arm_moveit_config/hook/cmake_prefix_path.ps1'
[0.788s] INFO:colcon.colcon_core.shell:Creating environment descriptor '/home/mmms/ros2-ws/src/pegasus_arm_moveit_config/install/pegasus_arm_moveit_config/share/pegasus_arm_moveit_config/hook/cmake_prefix_path.dsv'
[0.789s] INFO:colcon.colcon_core.shell:Creating environment hook '/home/mmms/ros2-ws/src/pegasus_arm_moveit_config/install/pegasus_arm_moveit_config/share/pegasus_arm_moveit_config/hook/cmake_prefix_path.sh'
[0.790s] Level 1:colcon.colcon_core.environment:checking '/home/mmms/ros2-ws/src/pegasus_arm_moveit_config/install/pegasus_arm_moveit_config/bin'
[0.790s] Level 1:colcon.colcon_core.environment:checking '/home/mmms/ros2-ws/src/pegasus_arm_moveit_config/install/pegasus_arm_moveit_config/lib/pkgconfig/pegasus_arm_moveit_config.pc'
[0.791s] Level 1:colcon.colcon_core.environment:checking '/home/mmms/ros2-ws/src/pegasus_arm_moveit_config/install/pegasus_arm_moveit_config/lib/python3.10/site-packages'
[0.791s] Level 1:colcon.colcon_core.environment:checking '/home/mmms/ros2-ws/src/pegasus_arm_moveit_config/install/pegasus_arm_moveit_config/bin'
[0.792s] INFO:colcon.colcon_core.shell:Creating package script '/home/mmms/ros2-ws/src/pegasus_arm_moveit_config/install/pegasus_arm_moveit_config/share/pegasus_arm_moveit_config/package.ps1'
[0.793s] INFO:colcon.colcon_core.shell:Creating package descriptor '/home/mmms/ros2-ws/src/pegasus_arm_moveit_config/install/pegasus_arm_moveit_config/share/pegasus_arm_moveit_config/package.dsv'
[0.794s] INFO:colcon.colcon_core.shell:Creating package script '/home/mmms/ros2-ws/src/pegasus_arm_moveit_config/install/pegasus_arm_moveit_config/share/pegasus_arm_moveit_config/package.sh'
[0.795s] INFO:colcon.colcon_core.shell:Creating package script '/home/mmms/ros2-ws/src/pegasus_arm_moveit_config/install/pegasus_arm_moveit_config/share/pegasus_arm_moveit_config/package.bash'
[0.796s] INFO:colcon.colcon_core.shell:Creating package script '/home/mmms/ros2-ws/src/pegasus_arm_moveit_config/install/pegasus_arm_moveit_config/share/pegasus_arm_moveit_config/package.zsh'
[0.797s] Level 1:colcon.colcon_core.environment:create_file_with_runtime_dependencies(/home/mmms/ros2-ws/src/pegasus_arm_moveit_config/install/pegasus_arm_moveit_config/share/colcon-core/packages/pegasus_arm_moveit_config)
[0.798s] DEBUG:colcon.colcon_parallel_executor.executor.parallel:closing loop
[0.799s] DEBUG:colcon.colcon_parallel_executor.executor.parallel:loop closed
[0.799s] DEBUG:colcon.colcon_parallel_executor.executor.parallel:run_until_complete finished with '0'
[0.799s] DEBUG:colcon.colcon_core.event_reactor:joining thread
[0.814s] INFO:colcon.colcon_core.plugin_system:Skipping extension 'colcon_notification.desktop_notification.terminal_notifier': Not used on non-Darwin systems
[0.814s] INFO:colcon.colcon_core.plugin_system:Skipping extension 'colcon_notification.desktop_notification.win32': Not used on non-Windows systems
[0.814s] INFO:colcon.colcon_notification.desktop_notification:Sending desktop notification using 'notify2'
[0.845s] DEBUG:colcon.colcon_core.event_reactor:joined thread
[0.846s] INFO:colcon.colcon_core.shell:Creating prefix script '/home/mmms/ros2-ws/src/pegasus_arm_moveit_config/install/local_setup.ps1'
[0.848s] INFO:colcon.colcon_core.shell:Creating prefix util module '/home/mmms/ros2-ws/src/pegasus_arm_moveit_config/install/_local_setup_util_ps1.py'
[0.854s] INFO:colcon.colcon_core.shell:Creating prefix chain script '/home/mmms/ros2-ws/src/pegasus_arm_moveit_config/install/setup.ps1'
[0.857s] INFO:colcon.colcon_core.shell:Creating prefix script '/home/mmms/ros2-ws/src/pegasus_arm_moveit_config/install/local_setup.sh'
[0.858s] INFO:colcon.colcon_core.shell:Creating prefix util module '/home/mmms/ros2-ws/src/pegasus_arm_moveit_config/install/_local_setup_util_sh.py'
[0.859s] INFO:colcon.colcon_core.shell:Creating prefix chain script '/home/mmms/ros2-ws/src/pegasus_arm_moveit_config/install/setup.sh'
[0.863s] INFO:colcon.colcon_core.shell:Creating prefix script '/home/mmms/ros2-ws/src/pegasus_arm_moveit_config/install/local_setup.bash'
[0.865s] INFO:colcon.colcon_core.shell:Creating prefix chain script '/home/mmms/ros2-ws/src/pegasus_arm_moveit_config/install/setup.bash'
[0.869s] INFO:colcon.colcon_core.shell:Creating prefix script '/home/mmms/ros2-ws/src/pegasus_arm_moveit_config/install/local_setup.zsh'
[0.871s] INFO:colcon.colcon_core.shell:Creating prefix chain script '/home/mmms/ros2-ws/src/pegasus_arm_moveit_config/install/setup.zsh'
