[11.836s] Invoking command in '/home/mmms/ros2-ws/src/pegasus_arm_commander': DEBUGINFOD_URLS=https://debuginfod.ubuntu.com PYTHONPATH=/home/mmms/ros2-ws/build/pegasus_arm_commander/prefix_override:/usr/lib/python3/dist-packages/colcon_core/task/python/colcon_distutils_commands:/home/mmms/ros2-ws/install/pegasus_arm_commander/lib/python3.12/site-packages:${PYTHONPATH} /usr/bin/python3 -W ignore:setup.py install is deprecated -W ignore:easy_install command is deprecated setup.py egg_info --egg-base ../../build/pegasus_arm_commander build --build-base /home/mmms/ros2-ws/build/pegasus_arm_commander/build install --record /home/mmms/ros2-ws/build/pegasus_arm_commander/install.log --single-version-externally-managed install_data
[12.421s] running egg_info
[12.462s] writing ../../build/pegasus_arm_commander/pegasus_arm_commander.egg-info/PKG-INFO
[12.462s] writing dependency_links to ../../build/pegasus_arm_commander/pegasus_arm_commander.egg-info/dependency_links.txt
[12.463s] writing entry points to ../../build/pegasus_arm_commander/pegasus_arm_commander.egg-info/entry_points.txt
[12.463s] writing requirements to ../../build/pegasus_arm_commander/pegasus_arm_commander.egg-info/requires.txt
[12.464s] writing top-level names to ../../build/pegasus_arm_commander/pegasus_arm_commander.egg-info/top_level.txt
[12.577s] reading manifest file '../../build/pegasus_arm_commander/pegasus_arm_commander.egg-info/SOURCES.txt'
[12.644s] writing manifest file '../../build/pegasus_arm_commander/pegasus_arm_commander.egg-info/SOURCES.txt'
[12.645s] running build
[12.645s] running build_py
[12.645s] copying pegasus_arm_commander/pegasus_commander.py -> /home/mmms/ros2-ws/build/pegasus_arm_commander/build/lib/pegasus_arm_commander
[12.645s] running install
[12.655s] running install_lib
[12.697s] copying /home/mmms/ros2-ws/build/pegasus_arm_commander/build/lib/pegasus_arm_commander/pegasus_commander.py -> /home/mmms/ros2-ws/install/pegasus_arm_commander/lib/python3.12/site-packages/pegasus_arm_commander
[12.700s] byte-compiling /home/mmms/ros2-ws/install/pegasus_arm_commander/lib/python3.12/site-packages/pegasus_arm_commander/pegasus_commander.py to pegasus_commander.cpython-312.pyc
[12.723s] running install_data
[12.723s] running install_egg_info
[12.762s] removing '/home/mmms/ros2-ws/install/pegasus_arm_commander/lib/python3.12/site-packages/pegasus_arm_commander-0.0.1-py3.12.egg-info' (and everything under it)
[12.762s] Copying ../../build/pegasus_arm_commander/pegasus_arm_commander.egg-info to /home/mmms/ros2-ws/install/pegasus_arm_commander/lib/python3.12/site-packages/pegasus_arm_commander-0.0.1-py3.12.egg-info
[12.814s] running install_scripts
[13.062s] Installing pegasus_commander script to /home/mmms/ros2-ws/install/pegasus_arm_commander/lib/pegasus_arm_commander
[13.063s] writing list of installed files to '/home/mmms/ros2-ws/build/pegasus_arm_commander/install.log'
[13.122s] Invoked command in '/home/mmms/ros2-ws/src/pegasus_arm_commander' returned '0': DEBUGINFOD_URLS=https://debuginfod.ubuntu.com PYTHONPATH=/home/mmms/ros2-ws/build/pegasus_arm_commander/prefix_override:/usr/lib/python3/dist-packages/colcon_core/task/python/colcon_distutils_commands:/home/mmms/ros2-ws/install/pegasus_arm_commander/lib/python3.12/site-packages:${PYTHONPATH} /usr/bin/python3 -W ignore:setup.py install is deprecated -W ignore:easy_install command is deprecated setup.py egg_info --egg-base ../../build/pegasus_arm_commander build --build-base /home/mmms/ros2-ws/build/pegasus_arm_commander/build install --record /home/mmms/ros2-ws/build/pegasus_arm_commander/install.log --single-version-externally-managed install_data
