[0.019s] Invoking command in '/home/mmms/ros2-ws/build/moveit_srdf': CMAKE_PREFIX_PATH=/home/mmms/ros2-ws/install/pegasus_arm_description:/home/mmms/ros2-ws/install/pegasus_arm_moveit_config:/home/mmms/ros2-ws/install/pegasus_arm_moveit:/home/mmms/ros2-ws/install/moveit_srdf:/opt/ros/humble /usr/bin/cmake /home/mmms/ros2-ws/src/moveit_srdf -DCMAKE_INSTALL_PREFIX=/home/mmms/ros2-ws/install/moveit_srdf
[0.111s] -- The C compiler identification is GNU 11.4.0
[0.206s] -- The CXX compiler identification is GNU 11.4.0
[0.218s] -- Detecting C compiler ABI info
[0.324s] -- Detecting C compiler ABI info - done
[0.338s] -- Check for working C compiler: /usr/bin/cc - skipped
[0.338s] -- Detecting C compile features
[0.339s] -- Detecting C compile features - done
[0.345s] -- Detecting CXX compiler ABI info
[0.473s] -- Detecting CXX compiler ABI info - done
[0.489s] -- Check for working CXX compiler: /usr/bin/c++ - skipped
[0.489s] -- Detecting CXX compile features
[0.490s] -- Detecting CXX compile features - done
[0.494s] -- Found ament_cmake: 1.3.11 (/opt/ros/humble/share/ament_cmake/cmake)
[0.740s] -- Found Python3: /usr/bin/python3 (found version "3.10.12") found components: Interpreter 
[1.012s] -- Configuring done
[1.017s] -- Generating done
[1.021s] -- Build files have been written to: /home/mmms/ros2-ws/build/moveit_srdf
[1.029s] Invoked command in '/home/mmms/ros2-ws/build/moveit_srdf' returned '0': CMAKE_PREFIX_PATH=/home/mmms/ros2-ws/install/pegasus_arm_description:/home/mmms/ros2-ws/install/pegasus_arm_moveit_config:/home/mmms/ros2-ws/install/pegasus_arm_moveit:/home/mmms/ros2-ws/install/moveit_srdf:/opt/ros/humble /usr/bin/cmake /home/mmms/ros2-ws/src/moveit_srdf -DCMAKE_INSTALL_PREFIX=/home/mmms/ros2-ws/install/moveit_srdf
[1.032s] Invoking command in '/home/mmms/ros2-ws/build/moveit_srdf': CMAKE_PREFIX_PATH=/home/mmms/ros2-ws/install/pegasus_arm_description:/home/mmms/ros2-ws/install/pegasus_arm_moveit_config:/home/mmms/ros2-ws/install/pegasus_arm_moveit:/home/mmms/ros2-ws/install/moveit_srdf:/opt/ros/humble /usr/bin/cmake --build /home/mmms/ros2-ws/build/moveit_srdf -- -j4 -l4
[1.089s] Invoked command in '/home/mmms/ros2-ws/build/moveit_srdf' returned '0': CMAKE_PREFIX_PATH=/home/mmms/ros2-ws/install/pegasus_arm_description:/home/mmms/ros2-ws/install/pegasus_arm_moveit_config:/home/mmms/ros2-ws/install/pegasus_arm_moveit:/home/mmms/ros2-ws/install/moveit_srdf:/opt/ros/humble /usr/bin/cmake --build /home/mmms/ros2-ws/build/moveit_srdf -- -j4 -l4
[1.092s] Invoking command in '/home/mmms/ros2-ws/build/moveit_srdf': CMAKE_PREFIX_PATH=/home/mmms/ros2-ws/install/pegasus_arm_description:/home/mmms/ros2-ws/install/pegasus_arm_moveit_config:/home/mmms/ros2-ws/install/pegasus_arm_moveit:/home/mmms/ros2-ws/install/moveit_srdf:/opt/ros/humble /usr/bin/cmake --install /home/mmms/ros2-ws/build/moveit_srdf
[1.103s] -- Install configuration: ""
[1.104s] -- Installing: /home/mmms/ros2-ws/install/moveit_srdf/share/moveit_srdf/launch
[1.104s] -- Installing: /home/mmms/ros2-ws/install/moveit_srdf/share/moveit_srdf/launch/moveit_rviz.launch.py
[1.104s] -- Installing: /home/mmms/ros2-ws/install/moveit_srdf/share/moveit_srdf/launch/.vscode
[1.104s] -- Installing: /home/mmms/ros2-ws/install/moveit_srdf/share/moveit_srdf/launch/.vscode/c_cpp_properties.json
[1.104s] -- Installing: /home/mmms/ros2-ws/install/moveit_srdf/share/moveit_srdf/launch/.vscode/settings.json
[1.105s] -- Installing: /home/mmms/ros2-ws/install/moveit_srdf/share/moveit_srdf/launch/move_group.launch.py
[1.105s] -- Installing: /home/mmms/ros2-ws/install/moveit_srdf/share/moveit_srdf/launch/rsp.launch.py
[1.105s] -- Installing: /home/mmms/ros2-ws/install/moveit_srdf/share/moveit_srdf/launch/spawn_controllers.launch.py
[1.105s] -- Installing: /home/mmms/ros2-ws/install/moveit_srdf/share/moveit_srdf/launch/static_virtual_joint_tfs.launch.py
[1.106s] -- Installing: /home/mmms/ros2-ws/install/moveit_srdf/share/moveit_srdf/launch/warehouse_db.launch.py
[1.106s] -- Installing: /home/mmms/ros2-ws/install/moveit_srdf/share/moveit_srdf/launch/setup_assistant.launch.py
[1.106s] -- Installing: /home/mmms/ros2-ws/install/moveit_srdf/share/moveit_srdf/launch/demo.launch.py
[1.107s] -- Installing: /home/mmms/ros2-ws/install/moveit_srdf/share/moveit_srdf/config
[1.107s] -- Installing: /home/mmms/ros2-ws/install/moveit_srdf/share/moveit_srdf/config/pegasus_arm.urdf
[1.107s] -- Installing: /home/mmms/ros2-ws/install/moveit_srdf/share/moveit_srdf/config/moveit.rviz
[1.107s] -- Installing: /home/mmms/ros2-ws/install/moveit_srdf/share/moveit_srdf/config/pilz_cartesian_limits.yaml
[1.107s] -- Installing: /home/mmms/ros2-ws/install/moveit_srdf/share/moveit_srdf/config/kinematics.yaml
[1.107s] -- Installing: /home/mmms/ros2-ws/install/moveit_srdf/share/moveit_srdf/config/joint_limits.yaml
[1.108s] -- Installing: /home/mmms/ros2-ws/install/moveit_srdf/share/moveit_srdf/config/pegasus_arm.srdf
[1.108s] -- Installing: /home/mmms/ros2-ws/install/moveit_srdf/share/ament_index/resource_index/package_run_dependencies/moveit_srdf
[1.108s] -- Installing: /home/mmms/ros2-ws/install/moveit_srdf/share/ament_index/resource_index/parent_prefix_path/moveit_srdf
[1.108s] -- Installing: /home/mmms/ros2-ws/install/moveit_srdf/share/moveit_srdf/environment/ament_prefix_path.sh
[1.109s] -- Installing: /home/mmms/ros2-ws/install/moveit_srdf/share/moveit_srdf/environment/ament_prefix_path.dsv
[1.109s] -- Installing: /home/mmms/ros2-ws/install/moveit_srdf/share/moveit_srdf/environment/path.sh
[1.109s] -- Installing: /home/mmms/ros2-ws/install/moveit_srdf/share/moveit_srdf/environment/path.dsv
[1.110s] -- Installing: /home/mmms/ros2-ws/install/moveit_srdf/share/moveit_srdf/local_setup.bash
[1.111s] -- Installing: /home/mmms/ros2-ws/install/moveit_srdf/share/moveit_srdf/local_setup.sh
[1.111s] -- Installing: /home/mmms/ros2-ws/install/moveit_srdf/share/moveit_srdf/local_setup.zsh
[1.111s] -- Installing: /home/mmms/ros2-ws/install/moveit_srdf/share/moveit_srdf/local_setup.dsv
[1.111s] -- Installing: /home/mmms/ros2-ws/install/moveit_srdf/share/moveit_srdf/package.dsv
[1.111s] -- Installing: /home/mmms/ros2-ws/install/moveit_srdf/share/ament_index/resource_index/packages/moveit_srdf
[1.111s] -- Installing: /home/mmms/ros2-ws/install/moveit_srdf/share/moveit_srdf/cmake/moveit_srdfConfig.cmake
[1.111s] -- Installing: /home/mmms/ros2-ws/install/moveit_srdf/share/moveit_srdf/cmake/moveit_srdfConfig-version.cmake
[1.112s] -- Installing: /home/mmms/ros2-ws/install/moveit_srdf/share/moveit_srdf/package.xml
[1.116s] Invoked command in '/home/mmms/ros2-ws/build/moveit_srdf' returned '0': CMAKE_PREFIX_PATH=/home/mmms/ros2-ws/install/pegasus_arm_description:/home/mmms/ros2-ws/install/pegasus_arm_moveit_config:/home/mmms/ros2-ws/install/pegasus_arm_moveit:/home/mmms/ros2-ws/install/moveit_srdf:/opt/ros/humble /usr/bin/cmake --install /home/mmms/ros2-ws/build/moveit_srdf
