[0.024s] Invoking command in '/home/mmms/ros2-ws/build/pegasus_arm_moveit': CMAKE_PREFIX_PATH=${CMAKE_PREFIX_PATH}:/opt/ros/humble /usr/bin/cmake /home/mmms/ros2-ws/src/pegasus_arm_moveit -DCMAKE_INSTALL_PREFIX=/home/mmms/ros2-ws/install/pegasus_arm_moveit
[0.114s] -- The C compiler identification is GNU 11.4.0
[0.219s] -- The CXX compiler identification is GNU 11.4.0
[0.233s] -- Detecting C compiler ABI info
[0.346s] -- Detecting C compiler ABI info - done
[0.359s] -- Check for working C compiler: /usr/bin/cc - skipped
[0.359s] -- Detecting C compile features
[0.359s] -- Detecting C compile features - done
[0.365s] -- Detecting CXX compiler ABI info
[0.488s] -- Detecting CXX compiler ABI info - done
[0.501s] -- Check for working CXX compiler: /usr/bin/c++ - skipped
[0.502s] -- Detecting CXX compile features
[0.503s] -- Detecting CXX compile features - done
[0.506s] -- Found ament_cmake: 1.3.11 (/opt/ros/humble/share/ament_cmake/cmake)
[0.787s] -- Found Python3: /usr/bin/python3 (found version "3.10.12") found components: Interpreter 
[1.042s] -- Configuring done
[1.046s] -- Generating done
[1.049s] -- Build files have been written to: /home/mmms/ros2-ws/build/pegasus_arm_moveit
[1.055s] Invoked command in '/home/mmms/ros2-ws/build/pegasus_arm_moveit' returned '0': CMAKE_PREFIX_PATH=${CMAKE_PREFIX_PATH}:/opt/ros/humble /usr/bin/cmake /home/mmms/ros2-ws/src/pegasus_arm_moveit -DCMAKE_INSTALL_PREFIX=/home/mmms/ros2-ws/install/pegasus_arm_moveit
[1.057s] Invoking command in '/home/mmms/ros2-ws/build/pegasus_arm_moveit': CMAKE_PREFIX_PATH=${CMAKE_PREFIX_PATH}:/opt/ros/humble /usr/bin/cmake --build /home/mmms/ros2-ws/build/pegasus_arm_moveit -- -j4 -l4
[1.111s] Invoked command in '/home/mmms/ros2-ws/build/pegasus_arm_moveit' returned '0': CMAKE_PREFIX_PATH=${CMAKE_PREFIX_PATH}:/opt/ros/humble /usr/bin/cmake --build /home/mmms/ros2-ws/build/pegasus_arm_moveit -- -j4 -l4
[1.129s] Invoking command in '/home/mmms/ros2-ws/build/pegasus_arm_moveit': CMAKE_PREFIX_PATH=${CMAKE_PREFIX_PATH}:/opt/ros/humble /usr/bin/cmake --install /home/mmms/ros2-ws/build/pegasus_arm_moveit
[1.140s] -- Install configuration: ""
[1.141s] -- Installing: /home/mmms/ros2-ws/install/pegasus_arm_moveit/share/pegasus_arm_moveit/config
[1.141s] -- Installing: /home/mmms/ros2-ws/install/pegasus_arm_moveit/share/pegasus_arm_moveit/config/pegasus_arm.urdf
[1.141s] -- Installing: /home/mmms/ros2-ws/install/pegasus_arm_moveit/share/pegasus_arm_moveit/config/kinematics.yaml
[1.141s] -- Installing: /home/mmms/ros2-ws/install/pegasus_arm_moveit/share/pegasus_arm_moveit/config/moveit_controllers.yaml
[1.142s] -- Installing: /home/mmms/ros2-ws/install/pegasus_arm_moveit/share/pegasus_arm_moveit/config/joint_limits.yaml
[1.142s] -- Installing: /home/mmms/ros2-ws/install/pegasus_arm_moveit/share/pegasus_arm_moveit/config/ompl_planning.yaml
[1.142s] -- Installing: /home/mmms/ros2-ws/install/pegasus_arm_moveit/share/pegasus_arm_moveit/config/pegasus_arm.srdf
[1.142s] -- Installing: /home/mmms/ros2-ws/install/pegasus_arm_moveit/share/pegasus_arm_moveit/launch
[1.143s] -- Installing: /home/mmms/ros2-ws/install/pegasus_arm_moveit/share/pegasus_arm_moveit/launch/pegasus_moveit.launch.py
[1.143s] -- Installing: /home/mmms/ros2-ws/install/pegasus_arm_moveit/share/pegasus_arm_moveit/launch/.vscode
[1.143s] -- Installing: /home/mmms/ros2-ws/install/pegasus_arm_moveit/share/pegasus_arm_moveit/launch/.vscode/c_cpp_properties.json
[1.144s] -- Installing: /home/mmms/ros2-ws/install/pegasus_arm_moveit/share/pegasus_arm_moveit/launch/.vscode/settings.json
[1.144s] -- Installing: /home/mmms/ros2-ws/install/pegasus_arm_moveit/share/pegasus_arm_moveit/launch/kinematics.yaml
[1.144s] -- Installing: /home/mmms/ros2-ws/install/pegasus_arm_moveit/share/pegasus_arm_moveit/launch/package.xml
[1.144s] -- Installing: /home/mmms/ros2-ws/install/pegasus_arm_moveit/share/pegasus_arm_moveit/launch/CMakeLists.txt
[1.145s] -- Installing: /home/mmms/ros2-ws/install/pegasus_arm_moveit/share/ament_index/resource_index/package_run_dependencies/pegasus_arm_moveit
[1.145s] -- Installing: /home/mmms/ros2-ws/install/pegasus_arm_moveit/share/ament_index/resource_index/parent_prefix_path/pegasus_arm_moveit
[1.145s] -- Installing: /home/mmms/ros2-ws/install/pegasus_arm_moveit/share/pegasus_arm_moveit/environment/ament_prefix_path.sh
[1.145s] -- Installing: /home/mmms/ros2-ws/install/pegasus_arm_moveit/share/pegasus_arm_moveit/environment/ament_prefix_path.dsv
[1.146s] -- Installing: /home/mmms/ros2-ws/install/pegasus_arm_moveit/share/pegasus_arm_moveit/environment/path.sh
[1.147s] -- Installing: /home/mmms/ros2-ws/install/pegasus_arm_moveit/share/pegasus_arm_moveit/environment/path.dsv
[1.147s] -- Installing: /home/mmms/ros2-ws/install/pegasus_arm_moveit/share/pegasus_arm_moveit/local_setup.bash
[1.147s] -- Installing: /home/mmms/ros2-ws/install/pegasus_arm_moveit/share/pegasus_arm_moveit/local_setup.sh
[1.148s] -- Installing: /home/mmms/ros2-ws/install/pegasus_arm_moveit/share/pegasus_arm_moveit/local_setup.zsh
[1.148s] -- Installing: /home/mmms/ros2-ws/install/pegasus_arm_moveit/share/pegasus_arm_moveit/local_setup.dsv
[1.148s] -- Installing: /home/mmms/ros2-ws/install/pegasus_arm_moveit/share/pegasus_arm_moveit/package.dsv
[1.148s] -- Installing: /home/mmms/ros2-ws/install/pegasus_arm_moveit/share/ament_index/resource_index/packages/pegasus_arm_moveit
[1.148s] -- Installing: /home/mmms/ros2-ws/install/pegasus_arm_moveit/share/pegasus_arm_moveit/cmake/pegasus_arm_moveitConfig.cmake
[1.148s] -- Installing: /home/mmms/ros2-ws/install/pegasus_arm_moveit/share/pegasus_arm_moveit/cmake/pegasus_arm_moveitConfig-version.cmake
[1.149s] -- Installing: /home/mmms/ros2-ws/install/pegasus_arm_moveit/share/pegasus_arm_moveit/package.xml
[1.151s] Invoked command in '/home/mmms/ros2-ws/build/pegasus_arm_moveit' returned '0': CMAKE_PREFIX_PATH=${CMAKE_PREFIX_PATH}:/opt/ros/humble /usr/bin/cmake --install /home/mmms/ros2-ws/build/pegasus_arm_moveit
