[0.150s] Invoking command in '/home/mmms/ros2-ws/build/pegasus_arm_moveit_config': CMAKE_PREFIX_PATH=/home/mmms/ros2-ws/install/pegasus_arm_description:/home/mmms/ros2-ws/install/pegasus_arm_moveit_config:/home/mmms/ros2-ws/install/pegasus_arm_moveit:/home/mmms/ros2-ws/install/moveit_srdf:/opt/ros/humble /usr/bin/cmake --build /home/mmms/ros2-ws/build/pegasus_arm_moveit_config -- -j4 -l4
[0.201s] Invoked command in '/home/mmms/ros2-ws/build/pegasus_arm_moveit_config' returned '0': CMAKE_PREFIX_PATH=/home/mmms/ros2-ws/install/pegasus_arm_description:/home/mmms/ros2-ws/install/pegasus_arm_moveit_config:/home/mmms/ros2-ws/install/pegasus_arm_moveit:/home/mmms/ros2-ws/install/moveit_srdf:/opt/ros/humble /usr/bin/cmake --build /home/mmms/ros2-ws/build/pegasus_arm_moveit_config -- -j4 -l4
[0.212s] Invoking command in '/home/mmms/ros2-ws/build/pegasus_arm_moveit_config': CMAKE_PREFIX_PATH=/home/mmms/ros2-ws/install/pegasus_arm_description:/home/mmms/ros2-ws/install/pegasus_arm_moveit_config:/home/mmms/ros2-ws/install/pegasus_arm_moveit:/home/mmms/ros2-ws/install/moveit_srdf:/opt/ros/humble /usr/bin/cmake --install /home/mmms/ros2-ws/build/pegasus_arm_moveit_config
[0.227s] -- Install configuration: ""
[0.227s] -- Up-to-date: /home/mmms/ros2-ws/install/pegasus_arm_moveit_config/share/ament_index/resource_index/package_run_dependencies/pegasus_arm_moveit_config
[0.228s] -- Up-to-date: /home/mmms/ros2-ws/install/pegasus_arm_moveit_config/share/ament_index/resource_index/parent_prefix_path/pegasus_arm_moveit_config
[0.228s] -- Up-to-date: /home/mmms/ros2-ws/install/pegasus_arm_moveit_config/share/pegasus_arm_moveit_config/environment/ament_prefix_path.sh
[0.229s] -- Up-to-date: /home/mmms/ros2-ws/install/pegasus_arm_moveit_config/share/pegasus_arm_moveit_config/environment/ament_prefix_path.dsv
[0.229s] -- Up-to-date: /home/mmms/ros2-ws/install/pegasus_arm_moveit_config/share/pegasus_arm_moveit_config/environment/path.sh
[0.230s] -- Up-to-date: /home/mmms/ros2-ws/install/pegasus_arm_moveit_config/share/pegasus_arm_moveit_config/environment/path.dsv
[0.230s] -- Up-to-date: /home/mmms/ros2-ws/install/pegasus_arm_moveit_config/share/pegasus_arm_moveit_config/local_setup.bash
[0.231s] -- Up-to-date: /home/mmms/ros2-ws/install/pegasus_arm_moveit_config/share/pegasus_arm_moveit_config/local_setup.sh
[0.231s] -- Up-to-date: /home/mmms/ros2-ws/install/pegasus_arm_moveit_config/share/pegasus_arm_moveit_config/local_setup.zsh
[0.231s] -- Up-to-date: /home/mmms/ros2-ws/install/pegasus_arm_moveit_config/share/pegasus_arm_moveit_config/local_setup.dsv
[0.232s] -- Installing: /home/mmms/ros2-ws/install/pegasus_arm_moveit_config/share/pegasus_arm_moveit_config/package.dsv
[0.237s] -- Up-to-date: /home/mmms/ros2-ws/install/pegasus_arm_moveit_config/share/ament_index/resource_index/packages/pegasus_arm_moveit_config
[0.237s] -- Up-to-date: /home/mmms/ros2-ws/install/pegasus_arm_moveit_config/share/pegasus_arm_moveit_config/cmake/pegasus_arm_moveit_configConfig.cmake
[0.238s] -- Up-to-date: /home/mmms/ros2-ws/install/pegasus_arm_moveit_config/share/pegasus_arm_moveit_config/cmake/pegasus_arm_moveit_configConfig-version.cmake
[0.239s] -- Up-to-date: /home/mmms/ros2-ws/install/pegasus_arm_moveit_config/share/pegasus_arm_moveit_config/package.xml
[0.239s] -- Up-to-date: /home/mmms/ros2-ws/install/pegasus_arm_moveit_config/share/pegasus_arm_moveit_config/launch
[0.250s] -- Up-to-date: /home/mmms/ros2-ws/install/pegasus_arm_moveit_config/share/pegasus_arm_moveit_config/launch/moveit_rviz.launch.py
[0.250s] -- Up-to-date: /home/mmms/ros2-ws/install/pegasus_arm_moveit_config/share/pegasus_arm_moveit_config/launch/move_group.launch.py
[0.251s] -- Up-to-date: /home/mmms/ros2-ws/install/pegasus_arm_moveit_config/share/pegasus_arm_moveit_config/launch/rsp.launch.py
[0.251s] -- Up-to-date: /home/mmms/ros2-ws/install/pegasus_arm_moveit_config/share/pegasus_arm_moveit_config/launch/spawn_controllers.launch.py
[0.251s] -- Up-to-date: /home/mmms/ros2-ws/install/pegasus_arm_moveit_config/share/pegasus_arm_moveit_config/launch/static_virtual_joint_tfs.launch.py
[0.251s] -- Up-to-date: /home/mmms/ros2-ws/install/pegasus_arm_moveit_config/share/pegasus_arm_moveit_config/launch/warehouse_db.launch.py
[0.251s] -- Up-to-date: /home/mmms/ros2-ws/install/pegasus_arm_moveit_config/share/pegasus_arm_moveit_config/launch/setup_assistant.launch.py
[0.251s] -- Up-to-date: /home/mmms/ros2-ws/install/pegasus_arm_moveit_config/share/pegasus_arm_moveit_config/launch/demo.launch.py
[0.251s] -- Up-to-date: /home/mmms/ros2-ws/install/pegasus_arm_moveit_config/share/pegasus_arm_moveit_config/config
[0.252s] -- Up-to-date: /home/mmms/ros2-ws/install/pegasus_arm_moveit_config/share/pegasus_arm_moveit_config/config/ros2_controllers.yaml
[0.252s] -- Up-to-date: /home/mmms/ros2-ws/install/pegasus_arm_moveit_config/share/pegasus_arm_moveit_config/config/pegasus_arm.ros2_control.xacro
[0.252s] -- Up-to-date: /home/mmms/ros2-ws/install/pegasus_arm_moveit_config/share/pegasus_arm_moveit_config/config/.vscode
[0.252s] -- Up-to-date: /home/mmms/ros2-ws/install/pegasus_arm_moveit_config/share/pegasus_arm_moveit_config/config/.vscode/c_cpp_properties.json
[0.252s] -- Up-to-date: /home/mmms/ros2-ws/install/pegasus_arm_moveit_config/share/pegasus_arm_moveit_config/config/.vscode/settings.json
[0.252s] -- Up-to-date: /home/mmms/ros2-ws/install/pegasus_arm_moveit_config/share/pegasus_arm_moveit_config/config/moveit.rviz
[0.253s] -- Up-to-date: /home/mmms/ros2-ws/install/pegasus_arm_moveit_config/share/pegasus_arm_moveit_config/config/pilz_cartesian_limits.yaml
[0.254s] -- Up-to-date: /home/mmms/ros2-ws/install/pegasus_arm_moveit_config/share/pegasus_arm_moveit_config/config/kinematics.yaml
[0.255s] -- Up-to-date: /home/mmms/ros2-ws/install/pegasus_arm_moveit_config/share/pegasus_arm_moveit_config/config/pegasus_arm.urdf.xacro
[0.255s] -- Up-to-date: /home/mmms/ros2-ws/install/pegasus_arm_moveit_config/share/pegasus_arm_moveit_config/config/initial_positions.yaml
[0.257s] -- Up-to-date: /home/mmms/ros2-ws/install/pegasus_arm_moveit_config/share/pegasus_arm_moveit_config/config/sensors_3d.yaml
[0.257s] -- Up-to-date: /home/mmms/ros2-ws/install/pegasus_arm_moveit_config/share/pegasus_arm_moveit_config/config/joint_limits.yaml
[0.258s] -- Up-to-date: /home/mmms/ros2-ws/install/pegasus_arm_moveit_config/share/pegasus_arm_moveit_config/config/pegasus_arm.srdf
[0.258s] -- Up-to-date: /home/mmms/ros2-ws/install/pegasus_arm_moveit_config/share/pegasus_arm_moveit_config/config/controllers.yaml
[0.258s] -- Up-to-date: /home/mmms/ros2-ws/install/pegasus_arm_moveit_config/share/pegasus_arm_moveit_config/.setup_assistant
[0.258s] Invoked command in '/home/mmms/ros2-ws/build/pegasus_arm_moveit_config' returned '0': CMAKE_PREFIX_PATH=/home/mmms/ros2-ws/install/pegasus_arm_description:/home/mmms/ros2-ws/install/pegasus_arm_moveit_config:/home/mmms/ros2-ws/install/pegasus_arm_moveit:/home/mmms/ros2-ws/install/moveit_srdf:/opt/ros/humble /usr/bin/cmake --install /home/mmms/ros2-ws/build/pegasus_arm_moveit_config
