[0.122s] Invoking command in '/home/mmms/ros2-ws/build/pegasus_arm_description': CMAKE_PREFIX_PATH=${CMAKE_PREFIX_PATH}:/home/mmms/ros2-ws/install/pegasus_arm_commander:/opt/ros/jazzy DEBUGINFOD_URLS=https://debuginfod.ubuntu.com /usr/bin/cmake --build /home/mmms/ros2-ws/build/pegasus_arm_description -- -j4 -l4
[1.561s] Invoked command in '/home/mmms/ros2-ws/build/pegasus_arm_description' returned '0': CMAKE_PREFIX_PATH=${CMAKE_PREFIX_PATH}:/home/mmms/ros2-ws/install/pegasus_arm_commander:/opt/ros/jazzy DEBUGINFOD_URLS=https://debuginfod.ubuntu.com /usr/bin/cmake --build /home/mmms/ros2-ws/build/pegasus_arm_description -- -j4 -l4
[1.627s] Invoking command in '/home/mmms/ros2-ws/build/pegasus_arm_description': CMAKE_PREFIX_PATH=${CMAKE_PREFIX_PATH}:/home/mmms/ros2-ws/install/pegasus_arm_commander:/opt/ros/jazzy DEBUGINFOD_URLS=https://debuginfod.ubuntu.com /usr/bin/cmake --install /home/mmms/ros2-ws/build/pegasus_arm_description
[1.679s] -- Install configuration: ""
[1.680s] -- Up-to-date: /home/mmms/ros2-ws/install/pegasus_arm_description/share/pegasus_arm_description/urdf
[1.695s] -- Up-to-date: /home/mmms/ros2-ws/install/pegasus_arm_description/share/pegasus_arm_description/urdf/pegasus_arm.urdf.xacro
[1.695s] -- Up-to-date: /home/mmms/ros2-ws/install/pegasus_arm_description/share/pegasus_arm_description/urdf/pegasus_arm.ros2_control.xacro
[1.695s] -- Up-to-date: /home/mmms/ros2-ws/install/pegasus_arm_description/share/pegasus_arm_description/URDF
[1.695s] -- Up-to-date: /home/mmms/ros2-ws/install/pegasus_arm_description/share/pegasus_arm_description/URDF/pegasus_arm_new.urdf.xacro
[1.696s] -- Up-to-date: /home/mmms/ros2-ws/install/pegasus_arm_description/share/pegasus_arm_description/URDF/pegasus_arm.urdf.xacro
[1.696s] -- Up-to-date: /home/mmms/ros2-ws/install/pegasus_arm_description/share/pegasus_arm_description/URDF/.vscode
[1.705s] -- Up-to-date: /home/mmms/ros2-ws/install/pegasus_arm_description/share/pegasus_arm_description/URDF/.vscode/c_cpp_properties.json
[1.705s] -- Up-to-date: /home/mmms/ros2-ws/install/pegasus_arm_description/share/pegasus_arm_description/URDF/.vscode/settings.json
[1.706s] -- Up-to-date: /home/mmms/ros2-ws/install/pegasus_arm_description/share/pegasus_arm_description/URDF/my_robot.urdf
[1.706s] -- Up-to-date: /home/mmms/ros2-ws/install/pegasus_arm_description/share/pegasus_arm_description/URDF/pegasus_arm.urdf
[1.706s] -- Up-to-date: /home/mmms/ros2-ws/install/pegasus_arm_description/share/pegasus_arm_description/srdf
[1.706s] -- Up-to-date: /home/mmms/ros2-ws/install/pegasus_arm_description/share/pegasus_arm_description/srdf/pegasus_arm.srdf
[1.707s] -- Up-to-date: /home/mmms/ros2-ws/install/pegasus_arm_description/share/pegasus_arm_description/config
[1.707s] -- Up-to-date: /home/mmms/ros2-ws/install/pegasus_arm_description/share/pegasus_arm_description/config/moveit.yaml
[1.707s] -- Up-to-date: /home/mmms/ros2-ws/install/pegasus_arm_description/share/pegasus_arm_description/config/ros2_controllers.yaml
[1.707s] -- Installing: /home/mmms/ros2-ws/install/pegasus_arm_description/share/pegasus_arm_description/config/ompl_planning.yaml
[1.728s] -- Up-to-date: /home/mmms/ros2-ws/install/pegasus_arm_description/share/pegasus_arm_description/config/moveit_planners.yaml
[1.728s] -- Up-to-date: /home/mmms/ros2-ws/install/pegasus_arm_description/share/pegasus_arm_description/config/pegasus_commander_params.yaml
[1.729s] -- Up-to-date: /home/mmms/ros2-ws/install/pegasus_arm_description/share/pegasus_arm_description/config/moveit_planning.yaml
[1.729s] -- Up-to-date: /home/mmms/ros2-ws/install/pegasus_arm_description/share/pegasus_arm_description/config/pegasus_arm.srdf
[1.730s] -- Up-to-date: /home/mmms/ros2-ws/install/pegasus_arm_description/share/pegasus_arm_description/config/moveit_controllers.yaml
[1.730s] -- Up-to-date: /home/mmms/ros2-ws/install/pegasus_arm_description/share/pegasus_arm_description/config/controllers.yaml
[1.730s] -- Up-to-date: /home/mmms/ros2-ws/install/pegasus_arm_description/share/pegasus_arm_description/config/kinematics.yaml
[1.730s] -- Up-to-date: /home/mmms/ros2-ws/install/pegasus_arm_description/share/pegasus_arm_description/rviz
[1.731s] -- Up-to-date: /home/mmms/ros2-ws/install/pegasus_arm_description/share/pegasus_arm_description/rviz/minimal.rviz
[1.731s] -- Up-to-date: /home/mmms/ros2-ws/install/pegasus_arm_description/share/pegasus_arm_description/rviz/moveit.rviz
[1.731s] -- Up-to-date: /home/mmms/ros2-ws/install/pegasus_arm_description/share/pegasus_arm_description/launch
[1.732s] -- Up-to-date: /home/mmms/ros2-ws/install/pegasus_arm_description/share/pegasus_arm_description/launch/demo.launch.py
[1.732s] -- Up-to-date: /home/mmms/ros2-ws/install/pegasus_arm_description/share/pegasus_arm_description/launch/install
[1.732s] -- Up-to-date: /home/mmms/ros2-ws/install/pegasus_arm_description/share/pegasus_arm_description/launch/install/local_setup.bash
[1.733s] -- Up-to-date: /home/mmms/ros2-ws/install/pegasus_arm_description/share/pegasus_arm_description/launch/install/setup.sh
[1.734s] -- Up-to-date: /home/mmms/ros2-ws/install/pegasus_arm_description/share/pegasus_arm_description/launch/install/local_setup.ps1
[1.734s] -- Up-to-date: /home/mmms/ros2-ws/install/pegasus_arm_description/share/pegasus_arm_description/launch/install/_local_setup_util_sh.py
[1.734s] -- Up-to-date: /home/mmms/ros2-ws/install/pegasus_arm_description/share/pegasus_arm_description/launch/install/setup.bash
[1.735s] -- Up-to-date: /home/mmms/ros2-ws/install/pegasus_arm_description/share/pegasus_arm_description/launch/install/.colcon_install_layout
[1.735s] -- Up-to-date: /home/mmms/ros2-ws/install/pegasus_arm_description/share/pegasus_arm_description/launch/install/local_setup.sh
[1.735s] -- Up-to-date: /home/mmms/ros2-ws/install/pegasus_arm_description/share/pegasus_arm_description/launch/install/COLCON_IGNORE
[1.735s] -- Up-to-date: /home/mmms/ros2-ws/install/pegasus_arm_description/share/pegasus_arm_description/launch/install/setup.ps1
[1.736s] -- Up-to-date: /home/mmms/ros2-ws/install/pegasus_arm_description/share/pegasus_arm_description/launch/install/setup.zsh
[1.736s] -- Up-to-date: /home/mmms/ros2-ws/install/pegasus_arm_description/share/pegasus_arm_description/launch/install/local_setup.zsh
[1.736s] -- Up-to-date: /home/mmms/ros2-ws/install/pegasus_arm_description/share/pegasus_arm_description/launch/install/_local_setup_util_ps1.py
[1.736s] -- Up-to-date: /home/mmms/ros2-ws/install/pegasus_arm_description/share/pegasus_arm_description/launch/moveit_display_minimal.launch.py
[1.737s] -- Installing: /home/mmms/ros2-ws/install/pegasus_arm_description/share/pegasus_arm_description/launch/moveit_display.launch.py
[1.752s] -- Up-to-date: /home/mmms/ros2-ws/install/pegasus_arm_description/share/pegasus_arm_description/launch/rsp.launch.py
[1.753s] -- Up-to-date: /home/mmms/ros2-ws/install/pegasus_arm_description/share/pegasus_arm_description/launch/move_group.launch.py
[1.753s] -- Up-to-date: /home/mmms/ros2-ws/install/pegasus_arm_description/share/pegasus_arm_description/launch/static_virtual_joint_tfs.launch.py
[1.753s] -- Up-to-date: /home/mmms/ros2-ws/install/pegasus_arm_description/share/pegasus_arm_description/launch/.vscode
[1.756s] -- Up-to-date: /home/mmms/ros2-ws/install/pegasus_arm_description/share/pegasus_arm_description/launch/.vscode/c_cpp_properties.json
[1.757s] -- Up-to-date: /home/mmms/ros2-ws/install/pegasus_arm_description/share/pegasus_arm_description/launch/.vscode/settings.json
[1.758s] -- Up-to-date: /home/mmms/ros2-ws/install/pegasus_arm_description/share/pegasus_arm_description/launch/log
[1.758s] -- Up-to-date: /home/mmms/ros2-ws/install/pegasus_arm_description/share/pegasus_arm_description/launch/log/COLCON_IGNORE
[1.759s] -- Up-to-date: /home/mmms/ros2-ws/install/pegasus_arm_description/share/pegasus_arm_description/launch/log/latest
[1.759s] -- Up-to-date: /home/mmms/ros2-ws/install/pegasus_arm_description/share/pegasus_arm_description/launch/log/build_2025-05-07_15-53-01
[1.759s] -- Up-to-date: /home/mmms/ros2-ws/install/pegasus_arm_description/share/pegasus_arm_description/launch/log/build_2025-05-07_15-53-01/events.log
[1.760s] -- Up-to-date: /home/mmms/ros2-ws/install/pegasus_arm_description/share/pegasus_arm_description/launch/log/build_2025-05-07_15-53-01/logger_all.log
[1.760s] -- Up-to-date: /home/mmms/ros2-ws/install/pegasus_arm_description/share/pegasus_arm_description/launch/log/latest_build
[1.761s] -- Up-to-date: /home/mmms/ros2-ws/install/pegasus_arm_description/share/pegasus_arm_description/launch/spawn_controllers.launch.py
[1.761s] -- Up-to-date: /home/mmms/ros2-ws/install/pegasus_arm_description/share/pegasus_arm_description/launch/warehouse_db.launch.py
[1.761s] -- Up-to-date: /home/mmms/ros2-ws/install/pegasus_arm_description/share/pegasus_arm_description/launch/moveit_rviz.launch.py
[1.761s] -- Up-to-date: /home/mmms/ros2-ws/install/pegasus_arm_description/share/pegasus_arm_description/launch/setup_assistant.launch.py
[1.761s] -- Up-to-date: /home/mmms/ros2-ws/install/pegasus_arm_description/share/pegasus_arm_description/launch/display.launch.py
[1.762s] -- Up-to-date: /home/mmms/ros2-ws/install/pegasus_arm_description/share/pegasus_arm_description/launch/build
[1.762s] -- Up-to-date: /home/mmms/ros2-ws/install/pegasus_arm_description/share/pegasus_arm_description/launch/build/COLCON_IGNORE
[1.762s] -- Up-to-date: /home/mmms/ros2-ws/install/pegasus_arm_description/share/pegasus_arm_description/launch/build/.built_by
[1.763s] -- Up-to-date: /home/mmms/ros2-ws/install/pegasus_arm_description/share/ament_index/resource_index/package_run_dependencies/pegasus_arm_description
[1.763s] -- Up-to-date: /home/mmms/ros2-ws/install/pegasus_arm_description/share/ament_index/resource_index/parent_prefix_path/pegasus_arm_description
[1.763s] -- Up-to-date: /home/mmms/ros2-ws/install/pegasus_arm_description/share/pegasus_arm_description/environment/ament_prefix_path.sh
[1.763s] -- Up-to-date: /home/mmms/ros2-ws/install/pegasus_arm_description/share/pegasus_arm_description/environment/ament_prefix_path.dsv
[1.763s] -- Up-to-date: /home/mmms/ros2-ws/install/pegasus_arm_description/share/pegasus_arm_description/environment/path.sh
[1.763s] -- Up-to-date: /home/mmms/ros2-ws/install/pegasus_arm_description/share/pegasus_arm_description/environment/path.dsv
[1.763s] -- Up-to-date: /home/mmms/ros2-ws/install/pegasus_arm_description/share/pegasus_arm_description/local_setup.bash
[1.764s] -- Up-to-date: /home/mmms/ros2-ws/install/pegasus_arm_description/share/pegasus_arm_description/local_setup.sh
[1.764s] -- Up-to-date: /home/mmms/ros2-ws/install/pegasus_arm_description/share/pegasus_arm_description/local_setup.zsh
[1.764s] -- Up-to-date: /home/mmms/ros2-ws/install/pegasus_arm_description/share/pegasus_arm_description/local_setup.dsv
[1.764s] -- Installing: /home/mmms/ros2-ws/install/pegasus_arm_description/share/pegasus_arm_description/package.dsv
[1.772s] -- Up-to-date: /home/mmms/ros2-ws/install/pegasus_arm_description/share/ament_index/resource_index/packages/pegasus_arm_description
[1.773s] -- Up-to-date: /home/mmms/ros2-ws/install/pegasus_arm_description/share/pegasus_arm_description/cmake/pegasus_arm_descriptionConfig.cmake
[1.774s] -- Up-to-date: /home/mmms/ros2-ws/install/pegasus_arm_description/share/pegasus_arm_description/cmake/pegasus_arm_descriptionConfig-version.cmake
[1.774s] -- Up-to-date: /home/mmms/ros2-ws/install/pegasus_arm_description/share/pegasus_arm_description/package.xml
[1.828s] Invoked command in '/home/mmms/ros2-ws/build/pegasus_arm_description' returned '0': CMAKE_PREFIX_PATH=${CMAKE_PREFIX_PATH}:/home/mmms/ros2-ws/install/pegasus_arm_commander:/opt/ros/jazzy DEBUGINFOD_URLS=https://debuginfod.ubuntu.com /usr/bin/cmake --install /home/mmms/ros2-ws/build/pegasus_arm_description
