-- Install configuration: ""
-- Up-to-date: /home/mmms/ros2-ws/install/moveit_srdf/share/moveit_srdf/launch
-- Up-to-date: /home/mmms/ros2-ws/install/moveit_srdf/share/moveit_srdf/launch/moveit_rviz.launch.py
-- Up-to-date: /home/mmms/ros2-ws/install/moveit_srdf/share/moveit_srdf/launch/.vscode
-- Up-to-date: /home/mmms/ros2-ws/install/moveit_srdf/share/moveit_srdf/launch/.vscode/c_cpp_properties.json
-- Up-to-date: /home/mmms/ros2-ws/install/moveit_srdf/share/moveit_srdf/launch/.vscode/settings.json
-- Up-to-date: /home/mmms/ros2-ws/install/moveit_srdf/share/moveit_srdf/launch/move_group.launch.py
-- Up-to-date: /home/mmms/ros2-ws/install/moveit_srdf/share/moveit_srdf/launch/rsp.launch.py
-- Up-to-date: /home/mmms/ros2-ws/install/moveit_srdf/share/moveit_srdf/launch/spawn_controllers.launch.py
-- Up-to-date: /home/mmms/ros2-ws/install/moveit_srdf/share/moveit_srdf/launch/static_virtual_joint_tfs.launch.py
-- Up-to-date: /home/mmms/ros2-ws/install/moveit_srdf/share/moveit_srdf/launch/warehouse_db.launch.py
-- Up-to-date: /home/mmms/ros2-ws/install/moveit_srdf/share/moveit_srdf/launch/setup_assistant.launch.py
-- Up-to-date: /home/mmms/ros2-ws/install/moveit_srdf/share/moveit_srdf/launch/demo.launch.py
-- Up-to-date: /home/mmms/ros2-ws/install/moveit_srdf/share/moveit_srdf/config
-- Up-to-date: /home/mmms/ros2-ws/install/moveit_srdf/share/moveit_srdf/config/pegasus_arm.urdf
-- Up-to-date: /home/mmms/ros2-ws/install/moveit_srdf/share/moveit_srdf/config/moveit.rviz
-- Up-to-date: /home/mmms/ros2-ws/install/moveit_srdf/share/moveit_srdf/config/pilz_cartesian_limits.yaml
-- Up-to-date: /home/mmms/ros2-ws/install/moveit_srdf/share/moveit_srdf/config/kinematics.yaml
-- Up-to-date: /home/mmms/ros2-ws/install/moveit_srdf/share/moveit_srdf/config/joint_limits.yaml
-- Up-to-date: /home/mmms/ros2-ws/install/moveit_srdf/share/moveit_srdf/config/pegasus_arm.srdf
-- Up-to-date: /home/mmms/ros2-ws/install/moveit_srdf/share/ament_index/resource_index/package_run_dependencies/moveit_srdf
-- Up-to-date: /home/mmms/ros2-ws/install/moveit_srdf/share/ament_index/resource_index/parent_prefix_path/moveit_srdf
-- Up-to-date: /home/mmms/ros2-ws/install/moveit_srdf/share/moveit_srdf/environment/ament_prefix_path.sh
-- Up-to-date: /home/mmms/ros2-ws/install/moveit_srdf/share/moveit_srdf/environment/ament_prefix_path.dsv
-- Up-to-date: /home/mmms/ros2-ws/install/moveit_srdf/share/moveit_srdf/environment/path.sh
-- Up-to-date: /home/mmms/ros2-ws/install/moveit_srdf/share/moveit_srdf/environment/path.dsv
-- Up-to-date: /home/mmms/ros2-ws/install/moveit_srdf/share/moveit_srdf/local_setup.bash
-- Up-to-date: /home/mmms/ros2-ws/install/moveit_srdf/share/moveit_srdf/local_setup.sh
-- Up-to-date: /home/mmms/ros2-ws/install/moveit_srdf/share/moveit_srdf/local_setup.zsh
-- Up-to-date: /home/mmms/ros2-ws/install/moveit_srdf/share/moveit_srdf/local_setup.dsv
-- Installing: /home/mmms/ros2-ws/install/moveit_srdf/share/moveit_srdf/package.dsv
-- Up-to-date: /home/mmms/ros2-ws/install/moveit_srdf/share/ament_index/resource_index/packages/moveit_srdf
-- Up-to-date: /home/mmms/ros2-ws/install/moveit_srdf/share/moveit_srdf/cmake/moveit_srdfConfig.cmake
-- Up-to-date: /home/mmms/ros2-ws/install/moveit_srdf/share/moveit_srdf/cmake/moveit_srdfConfig-version.cmake
-- Up-to-date: /home/mmms/ros2-ws/install/moveit_srdf/share/moveit_srdf/package.xml
