[0.079s] Invoking command in '/home/mmms/ros2-ws/build/pegasus_arm_description': CMAKE_PREFIX_PATH=${CMAKE_PREFIX_PATH}:/home/mmms/ros2-ws/install/rqt_joint_trajectory_controller:/home/mmms/ros2-ws/install/ros2_controllers_test_nodes:/opt/ros/jazzy DEBUGINFOD_URLS=https://debuginfod.ubuntu.com /usr/bin/cmake /home/mmms/ros2-ws/src/pegasus_arm_description -DCMAKE_INSTALL_PREFIX=/home/mmms/ros2-ws/install/pegasus_arm_description
[2.392s] -- The C compiler identification is GNU 13.3.0
[3.174s] -- The CXX compiler identification is GNU 13.3.0
[3.356s] -- Detecting C compiler ABI info
[3.792s] -- Detecting C compiler ABI info - done
[3.841s] -- Check for working C compiler: /usr/bin/cc - skipped
[3.843s] -- Detecting C compile features
[3.845s] -- Detecting C compile features - done
[3.919s] -- Detecting CXX compiler ABI info
[4.107s] -- Detecting CXX compiler ABI info - done
[4.124s] -- Check for working CXX compiler: /usr/bin/c++ - skipped
[4.124s] -- Detecting CXX compile features
[4.125s] -- Detecting CXX compile features - done
[4.563s] -- Found ament_cmake: 2.5.4 (/opt/ros/jazzy/share/ament_cmake/cmake)
[4.990s] -- Found Python3: /usr/bin/python3 (found version "3.12.3") found components: Interpreter 
[5.416s] -- Found rclcpp: 28.1.9 (/opt/ros/jazzy/share/rclcpp/cmake)
[5.950s] -- Found rosidl_generator_c: 4.6.5 (/opt/ros/jazzy/share/rosidl_generator_c/cmake)
[5.980s] -- Found rosidl_generator_cpp: 4.6.5 (/opt/ros/jazzy/share/rosidl_generator_cpp/cmake)
[6.100s] -- Using all available rosidl_typesupport_c: rosidl_typesupport_fastrtps_c;rosidl_typesupport_introspection_c
[6.206s] -- Using all available rosidl_typesupport_cpp: rosidl_typesupport_fastrtps_cpp;rosidl_typesupport_introspection_cpp
[6.517s] -- Found rmw_implementation_cmake: 7.3.2 (/opt/ros/jazzy/share/rmw_implementation_cmake/cmake)
[6.533s] -- Found rmw_fastrtps_cpp: 8.4.2 (/opt/ros/jazzy/share/rmw_fastrtps_cpp/cmake)
[6.999s] -- Found OpenSSL: /usr/lib/x86_64-linux-gnu/libcrypto.so (found version "3.0.13")  
[7.096s] -- Found FastRTPS: /opt/ros/jazzy/include (Required is at least version "2.13") 
[7.169s] -- Using RMW implementation 'rmw_fastrtps_cpp' as default
[7.438s] -- Found moveit_ros_planning_interface: 2.12.3 (/opt/ros/jazzy/share/moveit_ros_planning_interface/cmake)
[8.239s] -- Found Boost: /usr/lib/x86_64-linux-gnu/cmake/Boost-1.83.0/BoostConfig.cmake (found version "1.83.0") found components: date_time filesystem program_options system thread 
[9.273s] -- Found Boost: /usr/lib/x86_64-linux-gnu/cmake/Boost-1.83.0/BoostConfig.cmake (found version "1.83.0") found components: chrono date_time filesystem iostreams program_options regex serialization system thread 
[10.285s] -- Found parameter_traits: 0.4.0 (/opt/ros/jazzy/share/parameter_traits/cmake)
[10.411s] -- Found rclcpp_lifecycle: 28.1.9 (/opt/ros/jazzy/share/rclcpp_lifecycle/cmake)
[10.663s] -- Found Boost: /usr/lib/x86_64-linux-gnu/cmake/Boost-1.83.0/BoostConfig.cmake (found version "1.83.0") found components: filesystem 
[11.035s] -- Found Eigen3: TRUE (found version "3.4.0") 
[11.036s] -- Ensuring Eigen3 include directory is part of orocos-kdl CMake target
[12.017s] -- Found Boost: /usr/lib/x86_64-linux-gnu/cmake/Boost-1.83.0/BoostConfig.cmake (found version "1.83.0") found components: system filesystem date_time program_options thread chrono 
[12.157s] -- Found Boost: /usr/lib/x86_64-linux-gnu/cmake/Boost-1.83.0/BoostConfig.cmake (found version "1.83.0") found components: thread system filesystem regex date_time program_options 
[12.241s] -- Found Boost: /usr/lib/x86_64-linux-gnu/cmake/Boost-1.83.0/BoostConfig.cmake (found version "1.83.0") found components: system filesystem date_time program_options thread 
[12.352s] -- Found robot_state_publisher: 3.3.3 (/opt/ros/jazzy/share/robot_state_publisher/cmake)
[12.401s] -- Found controller_manager: 4.29.0 (/opt/ros/jazzy/share/controller_manager/cmake)
[13.078s] -- Found xacro: 2.0.13 (/opt/ros/jazzy/share/xacro/cmake)
[13.322s] -- Configuring done (12.4s)
[13.346s] -- Generating done (0.0s)
[13.380s] -- Build files have been written to: /home/mmms/ros2-ws/build/pegasus_arm_description
[13.423s] Invoked command in '/home/mmms/ros2-ws/build/pegasus_arm_description' returned '0': CMAKE_PREFIX_PATH=${CMAKE_PREFIX_PATH}:/home/mmms/ros2-ws/install/rqt_joint_trajectory_controller:/home/mmms/ros2-ws/install/ros2_controllers_test_nodes:/opt/ros/jazzy DEBUGINFOD_URLS=https://debuginfod.ubuntu.com /usr/bin/cmake /home/mmms/ros2-ws/src/pegasus_arm_description -DCMAKE_INSTALL_PREFIX=/home/mmms/ros2-ws/install/pegasus_arm_description
[13.427s] Invoking command in '/home/mmms/ros2-ws/build/pegasus_arm_description': CMAKE_PREFIX_PATH=${CMAKE_PREFIX_PATH}:/home/mmms/ros2-ws/install/rqt_joint_trajectory_controller:/home/mmms/ros2-ws/install/ros2_controllers_test_nodes:/opt/ros/jazzy DEBUGINFOD_URLS=https://debuginfod.ubuntu.com /usr/bin/cmake --build /home/mmms/ros2-ws/build/pegasus_arm_description -- -j4 -l4
[13.501s] Invoked command in '/home/mmms/ros2-ws/build/pegasus_arm_description' returned '0': CMAKE_PREFIX_PATH=${CMAKE_PREFIX_PATH}:/home/mmms/ros2-ws/install/rqt_joint_trajectory_controller:/home/mmms/ros2-ws/install/ros2_controllers_test_nodes:/opt/ros/jazzy DEBUGINFOD_URLS=https://debuginfod.ubuntu.com /usr/bin/cmake --build /home/mmms/ros2-ws/build/pegasus_arm_description -- -j4 -l4
[13.515s] Invoking command in '/home/mmms/ros2-ws/build/pegasus_arm_description': CMAKE_PREFIX_PATH=${CMAKE_PREFIX_PATH}:/home/mmms/ros2-ws/install/rqt_joint_trajectory_controller:/home/mmms/ros2-ws/install/ros2_controllers_test_nodes:/opt/ros/jazzy DEBUGINFOD_URLS=https://debuginfod.ubuntu.com /usr/bin/cmake --install /home/mmms/ros2-ws/build/pegasus_arm_description
[13.531s] -- Install configuration: ""
[13.531s] -- Installing: /home/mmms/ros2-ws/install/pegasus_arm_description/share/pegasus_arm_description/urdf
[13.531s] -- Installing: /home/mmms/ros2-ws/install/pegasus_arm_description/share/pegasus_arm_description/urdf/pegasus_arm.urdf.xacro
[13.566s] -- Installing: /home/mmms/ros2-ws/install/pegasus_arm_description/share/pegasus_arm_description/urdf/pegasus_arm.ros2_control.xacro
[13.586s] -- Installing: /home/mmms/ros2-ws/install/pegasus_arm_description/share/pegasus_arm_description/URDF
[13.611s] -- Installing: /home/mmms/ros2-ws/install/pegasus_arm_description/share/pegasus_arm_description/URDF/pegasus_arm_new.urdf.xacro
[13.629s] -- Installing: /home/mmms/ros2-ws/install/pegasus_arm_description/share/pegasus_arm_description/URDF/pegasus_arm.urdf.xacro
[13.643s] -- Installing: /home/mmms/ros2-ws/install/pegasus_arm_description/share/pegasus_arm_description/URDF/.vscode
[13.643s] -- Installing: /home/mmms/ros2-ws/install/pegasus_arm_description/share/pegasus_arm_description/URDF/.vscode/c_cpp_properties.json
[13.653s] -- Installing: /home/mmms/ros2-ws/install/pegasus_arm_description/share/pegasus_arm_description/URDF/.vscode/settings.json
[13.653s] -- Installing: /home/mmms/ros2-ws/install/pegasus_arm_description/share/pegasus_arm_description/URDF/my_robot.urdf
[13.668s] -- Installing: /home/mmms/ros2-ws/install/pegasus_arm_description/share/pegasus_arm_description/URDF/pegasus_arm.urdf
[13.673s] -- Installing: /home/mmms/ros2-ws/install/pegasus_arm_description/share/pegasus_arm_description/srdf
[13.674s] -- Installing: /home/mmms/ros2-ws/install/pegasus_arm_description/share/pegasus_arm_description/srdf/pegasus_arm.srdf
[13.684s] -- Installing: /home/mmms/ros2-ws/install/pegasus_arm_description/share/pegasus_arm_description/config
[13.684s] -- Installing: /home/mmms/ros2-ws/install/pegasus_arm_description/share/pegasus_arm_description/config/moveit.yaml
[13.698s] -- Installing: /home/mmms/ros2-ws/install/pegasus_arm_description/share/pegasus_arm_description/config/ros2_controllers.yaml
[13.701s] -- Installing: /home/mmms/ros2-ws/install/pegasus_arm_description/share/pegasus_arm_description/config/ompl_planning.yaml
[13.714s] -- Installing: /home/mmms/ros2-ws/install/pegasus_arm_description/share/pegasus_arm_description/config/moveit_planners.yaml
[13.725s] -- Installing: /home/mmms/ros2-ws/install/pegasus_arm_description/share/pegasus_arm_description/config/pegasus_commander_params.yaml
[13.731s] -- Installing: /home/mmms/ros2-ws/install/pegasus_arm_description/share/pegasus_arm_description/config/moveit_planning.yaml
[13.756s] -- Installing: /home/mmms/ros2-ws/install/pegasus_arm_description/share/pegasus_arm_description/config/pegasus_arm.srdf
[13.776s] -- Installing: /home/mmms/ros2-ws/install/pegasus_arm_description/share/pegasus_arm_description/config/moveit_controllers.yaml
[13.790s] -- Installing: /home/mmms/ros2-ws/install/pegasus_arm_description/share/pegasus_arm_description/config/ros2_controllers1.yaml
[13.811s] -- Installing: /home/mmms/ros2-ws/install/pegasus_arm_description/share/pegasus_arm_description/config/controllers.yaml
[13.819s] -- Installing: /home/mmms/ros2-ws/install/pegasus_arm_description/share/pegasus_arm_description/config/kinematics.yaml
[13.831s] -- Installing: /home/mmms/ros2-ws/install/pegasus_arm_description/share/pegasus_arm_description/rviz
[13.832s] -- Installing: /home/mmms/ros2-ws/install/pegasus_arm_description/share/pegasus_arm_description/rviz/minimal.rviz
[13.832s] -- Installing: /home/mmms/ros2-ws/install/pegasus_arm_description/share/pegasus_arm_description/rviz/moveit.rviz
[13.846s] -- Installing: /home/mmms/ros2-ws/install/pegasus_arm_description/share/pegasus_arm_description/launch
[13.846s] -- Installing: /home/mmms/ros2-ws/install/pegasus_arm_description/share/pegasus_arm_description/launch/demo.launch.py
[13.860s] -- Installing: /home/mmms/ros2-ws/install/pegasus_arm_description/share/pegasus_arm_description/launch/install
[13.875s] -- Installing: /home/mmms/ros2-ws/install/pegasus_arm_description/share/pegasus_arm_description/launch/install/local_setup.bash
[13.875s] -- Installing: /home/mmms/ros2-ws/install/pegasus_arm_description/share/pegasus_arm_description/launch/install/setup.sh
[13.875s] -- Installing: /home/mmms/ros2-ws/install/pegasus_arm_description/share/pegasus_arm_description/launch/install/local_setup.ps1
[13.891s] -- Installing: /home/mmms/ros2-ws/install/pegasus_arm_description/share/pegasus_arm_description/launch/install/_local_setup_util_sh.py
[13.893s] -- Installing: /home/mmms/ros2-ws/install/pegasus_arm_description/share/pegasus_arm_description/launch/install/setup.bash
[13.893s] -- Installing: /home/mmms/ros2-ws/install/pegasus_arm_description/share/pegasus_arm_description/launch/install/.colcon_install_layout
[13.893s] -- Installing: /home/mmms/ros2-ws/install/pegasus_arm_description/share/pegasus_arm_description/launch/install/local_setup.sh
[13.894s] -- Installing: /home/mmms/ros2-ws/install/pegasus_arm_description/share/pegasus_arm_description/launch/install/COLCON_IGNORE
[13.894s] -- Installing: /home/mmms/ros2-ws/install/pegasus_arm_description/share/pegasus_arm_description/launch/install/setup.ps1
[13.894s] -- Installing: /home/mmms/ros2-ws/install/pegasus_arm_description/share/pegasus_arm_description/launch/install/setup.zsh
[13.895s] -- Installing: /home/mmms/ros2-ws/install/pegasus_arm_description/share/pegasus_arm_description/launch/install/local_setup.zsh
[13.895s] -- Installing: /home/mmms/ros2-ws/install/pegasus_arm_description/share/pegasus_arm_description/launch/install/_local_setup_util_ps1.py
[13.895s] -- Installing: /home/mmms/ros2-ws/install/pegasus_arm_description/share/pegasus_arm_description/launch/moveit_display_minimal.launch.py
[13.896s] -- Installing: /home/mmms/ros2-ws/install/pegasus_arm_description/share/pegasus_arm_description/launch/moveit_display.launch.py
[13.911s] -- Installing: /home/mmms/ros2-ws/install/pegasus_arm_description/share/pegasus_arm_description/launch/rsp.launch.py
[13.911s] -- Installing: /home/mmms/ros2-ws/install/pegasus_arm_description/share/pegasus_arm_description/launch/move_group.launch.py
[13.912s] -- Installing: /home/mmms/ros2-ws/install/pegasus_arm_description/share/pegasus_arm_description/launch/static_virtual_joint_tfs.launch.py
[13.912s] -- Installing: /home/mmms/ros2-ws/install/pegasus_arm_description/share/pegasus_arm_description/launch/.vscode
[13.912s] -- Installing: /home/mmms/ros2-ws/install/pegasus_arm_description/share/pegasus_arm_description/launch/.vscode/c_cpp_properties.json
[13.913s] -- Installing: /home/mmms/ros2-ws/install/pegasus_arm_description/share/pegasus_arm_description/launch/.vscode/settings.json
[13.913s] -- Installing: /home/mmms/ros2-ws/install/pegasus_arm_description/share/pegasus_arm_description/launch/log
[13.913s] -- Installing: /home/mmms/ros2-ws/install/pegasus_arm_description/share/pegasus_arm_description/launch/log/COLCON_IGNORE
[13.914s] -- Installing: /home/mmms/ros2-ws/install/pegasus_arm_description/share/pegasus_arm_description/launch/log/latest
[13.914s] -- Installing: /home/mmms/ros2-ws/install/pegasus_arm_description/share/pegasus_arm_description/launch/log/build_2025-05-07_15-53-01
[13.914s] -- Installing: /home/mmms/ros2-ws/install/pegasus_arm_description/share/pegasus_arm_description/launch/log/build_2025-05-07_15-53-01/events.log
[13.914s] -- Installing: /home/mmms/ros2-ws/install/pegasus_arm_description/share/pegasus_arm_description/launch/log/build_2025-05-07_15-53-01/logger_all.log
[13.915s] -- Installing: /home/mmms/ros2-ws/install/pegasus_arm_description/share/pegasus_arm_description/launch/log/latest_build
[13.915s] -- Installing: /home/mmms/ros2-ws/install/pegasus_arm_description/share/pegasus_arm_description/launch/spawn_controllers.launch.py
[13.915s] -- Installing: /home/mmms/ros2-ws/install/pegasus_arm_description/share/pegasus_arm_description/launch/warehouse_db.launch.py
[13.915s] -- Installing: /home/mmms/ros2-ws/install/pegasus_arm_description/share/pegasus_arm_description/launch/moveit_rviz.launch.py
[13.916s] -- Installing: /home/mmms/ros2-ws/install/pegasus_arm_description/share/pegasus_arm_description/launch/setup_assistant.launch.py
[13.916s] -- Installing: /home/mmms/ros2-ws/install/pegasus_arm_description/share/pegasus_arm_description/launch/display.launch.py
[13.916s] -- Installing: /home/mmms/ros2-ws/install/pegasus_arm_description/share/pegasus_arm_description/launch/build
[13.933s] -- Installing: /home/mmms/ros2-ws/install/pegasus_arm_description/share/pegasus_arm_description/launch/build/COLCON_IGNORE
[13.934s] -- Installing: /home/mmms/ros2-ws/install/pegasus_arm_description/share/pegasus_arm_description/launch/build/.built_by
[13.934s] -- Installing: /home/mmms/ros2-ws/install/pegasus_arm_description/share/ament_index/resource_index/package_run_dependencies/pegasus_arm_description
[13.934s] -- Installing: /home/mmms/ros2-ws/install/pegasus_arm_description/share/ament_index/resource_index/parent_prefix_path/pegasus_arm_description
[13.935s] -- Installing: /home/mmms/ros2-ws/install/pegasus_arm_description/share/pegasus_arm_description/environment/ament_prefix_path.sh
[13.935s] -- Installing: /home/mmms/ros2-ws/install/pegasus_arm_description/share/pegasus_arm_description/environment/ament_prefix_path.dsv
[13.935s] -- Installing: /home/mmms/ros2-ws/install/pegasus_arm_description/share/pegasus_arm_description/environment/path.sh
[13.935s] -- Installing: /home/mmms/ros2-ws/install/pegasus_arm_description/share/pegasus_arm_description/environment/path.dsv
[13.936s] -- Installing: /home/mmms/ros2-ws/install/pegasus_arm_description/share/pegasus_arm_description/local_setup.bash
[13.936s] -- Installing: /home/mmms/ros2-ws/install/pegasus_arm_description/share/pegasus_arm_description/local_setup.sh
[13.936s] -- Installing: /home/mmms/ros2-ws/install/pegasus_arm_description/share/pegasus_arm_description/local_setup.zsh
[13.937s] -- Installing: /home/mmms/ros2-ws/install/pegasus_arm_description/share/pegasus_arm_description/local_setup.dsv
[13.937s] -- Installing: /home/mmms/ros2-ws/install/pegasus_arm_description/share/pegasus_arm_description/package.dsv
[13.937s] -- Installing: /home/mmms/ros2-ws/install/pegasus_arm_description/share/ament_index/resource_index/packages/pegasus_arm_description
[13.937s] -- Installing: /home/mmms/ros2-ws/install/pegasus_arm_description/share/pegasus_arm_description/cmake/pegasus_arm_descriptionConfig.cmake
[13.938s] -- Installing: /home/mmms/ros2-ws/install/pegasus_arm_description/share/pegasus_arm_description/cmake/pegasus_arm_descriptionConfig-version.cmake
[13.938s] -- Installing: /home/mmms/ros2-ws/install/pegasus_arm_description/share/pegasus_arm_description/package.xml
[13.940s] Invoked command in '/home/mmms/ros2-ws/build/pegasus_arm_description' returned '0': CMAKE_PREFIX_PATH=${CMAKE_PREFIX_PATH}:/home/mmms/ros2-ws/install/rqt_joint_trajectory_controller:/home/mmms/ros2-ws/install/ros2_controllers_test_nodes:/opt/ros/jazzy DEBUGINFOD_URLS=https://debuginfod.ubuntu.com /usr/bin/cmake --install /home/mmms/ros2-ws/build/pegasus_arm_description
