[0.241s] Invoking command in '/home/mmms/ros2-ws/build/pegasus_assistant': CMAKE_PREFIX_PATH=/home/mmms/ros2-ws/install/pegasus_arm_description:/home/mmms/ros2-ws/install/pegasus_arm_moveit_config:/opt/ros/jazzy/opt/sdformat_vendor:/opt/ros/jazzy/opt/gz_math_vendor:/opt/ros/jazzy/opt/gz_utils_vendor:/opt/ros/jazzy/opt/gz_tools_vendor:/opt/ros/jazzy/opt/gz_cmake_vendor:/home/mmms/ros2-ws/install/pegasus_arm_commander:/opt/ros/jazzy DEBUGINFOD_URLS=https://debuginfod.ubuntu.com /usr/bin/cmake /home/mmms/ros2-ws/src/pegasus_assistant -DCMAKE_INSTALL_PREFIX=/home/mmms/ros2-ws/install/pegasus_assistant
[0.452s] -- Found ament_cmake: 2.5.4 (/opt/ros/jazzy/share/ament_cmake/cmake)
[5.644s] -- Configuring done (5.3s)
[5.679s] -- Generating done (0.0s)
[5.716s] -- Build files have been written to: /home/mmms/ros2-ws/build/pegasus_assistant
[5.791s] Invoked command in '/home/mmms/ros2-ws/build/pegasus_assistant' returned '0': CMAKE_PREFIX_PATH=/home/mmms/ros2-ws/install/pegasus_arm_description:/home/mmms/ros2-ws/install/pegasus_arm_moveit_config:/opt/ros/jazzy/opt/sdformat_vendor:/opt/ros/jazzy/opt/gz_math_vendor:/opt/ros/jazzy/opt/gz_utils_vendor:/opt/ros/jazzy/opt/gz_tools_vendor:/opt/ros/jazzy/opt/gz_cmake_vendor:/home/mmms/ros2-ws/install/pegasus_arm_commander:/opt/ros/jazzy DEBUGINFOD_URLS=https://debuginfod.ubuntu.com /usr/bin/cmake /home/mmms/ros2-ws/src/pegasus_assistant -DCMAKE_INSTALL_PREFIX=/home/mmms/ros2-ws/install/pegasus_assistant
[5.828s] Invoking command in '/home/mmms/ros2-ws/build/pegasus_assistant': CMAKE_PREFIX_PATH=/home/mmms/ros2-ws/install/pegasus_arm_description:/home/mmms/ros2-ws/install/pegasus_arm_moveit_config:/opt/ros/jazzy/opt/sdformat_vendor:/opt/ros/jazzy/opt/gz_math_vendor:/opt/ros/jazzy/opt/gz_utils_vendor:/opt/ros/jazzy/opt/gz_tools_vendor:/opt/ros/jazzy/opt/gz_cmake_vendor:/home/mmms/ros2-ws/install/pegasus_arm_commander:/opt/ros/jazzy DEBUGINFOD_URLS=https://debuginfod.ubuntu.com /usr/bin/cmake --build /home/mmms/ros2-ws/build/pegasus_assistant -- -j4 -l4
[6.459s] Invoked command in '/home/mmms/ros2-ws/build/pegasus_assistant' returned '0': CMAKE_PREFIX_PATH=/home/mmms/ros2-ws/install/pegasus_arm_description:/home/mmms/ros2-ws/install/pegasus_arm_moveit_config:/opt/ros/jazzy/opt/sdformat_vendor:/opt/ros/jazzy/opt/gz_math_vendor:/opt/ros/jazzy/opt/gz_utils_vendor:/opt/ros/jazzy/opt/gz_tools_vendor:/opt/ros/jazzy/opt/gz_cmake_vendor:/home/mmms/ros2-ws/install/pegasus_arm_commander:/opt/ros/jazzy DEBUGINFOD_URLS=https://debuginfod.ubuntu.com /usr/bin/cmake --build /home/mmms/ros2-ws/build/pegasus_assistant -- -j4 -l4
[6.585s] Invoking command in '/home/mmms/ros2-ws/build/pegasus_assistant': CMAKE_PREFIX_PATH=/home/mmms/ros2-ws/install/pegasus_arm_description:/home/mmms/ros2-ws/install/pegasus_arm_moveit_config:/opt/ros/jazzy/opt/sdformat_vendor:/opt/ros/jazzy/opt/gz_math_vendor:/opt/ros/jazzy/opt/gz_utils_vendor:/opt/ros/jazzy/opt/gz_tools_vendor:/opt/ros/jazzy/opt/gz_cmake_vendor:/home/mmms/ros2-ws/install/pegasus_arm_commander:/opt/ros/jazzy DEBUGINFOD_URLS=https://debuginfod.ubuntu.com /usr/bin/cmake --install /home/mmms/ros2-ws/build/pegasus_assistant
[6.817s] -- Install configuration: ""
[6.828s] -- Installing: /home/mmms/ros2-ws/install/pegasus_assistant/share/ament_index/resource_index/package_run_dependencies/pegasus_assistant
[6.828s] -- Installing: /home/mmms/ros2-ws/install/pegasus_assistant/share/ament_index/resource_index/parent_prefix_path/pegasus_assistant
[6.840s] -- Installing: /home/mmms/ros2-ws/install/pegasus_assistant/share/pegasus_assistant/environment/ament_prefix_path.sh
[6.843s] -- Installing: /home/mmms/ros2-ws/install/pegasus_assistant/share/pegasus_assistant/environment/ament_prefix_path.dsv
[6.843s] -- Installing: /home/mmms/ros2-ws/install/pegasus_assistant/share/pegasus_assistant/environment/path.sh
[6.844s] -- Installing: /home/mmms/ros2-ws/install/pegasus_assistant/share/pegasus_assistant/environment/path.dsv
[6.844s] -- Installing: /home/mmms/ros2-ws/install/pegasus_assistant/share/pegasus_assistant/local_setup.bash
[6.855s] -- Installing: /home/mmms/ros2-ws/install/pegasus_assistant/share/pegasus_assistant/local_setup.sh
[6.855s] -- Installing: /home/mmms/ros2-ws/install/pegasus_assistant/share/pegasus_assistant/local_setup.zsh
[6.864s] -- Installing: /home/mmms/ros2-ws/install/pegasus_assistant/share/pegasus_assistant/local_setup.dsv
[6.864s] -- Installing: /home/mmms/ros2-ws/install/pegasus_assistant/share/pegasus_assistant/package.dsv
[6.865s] -- Installing: /home/mmms/ros2-ws/install/pegasus_assistant/share/ament_index/resource_index/packages/pegasus_assistant
[6.865s] -- Installing: /home/mmms/ros2-ws/install/pegasus_assistant/share/pegasus_assistant/cmake/pegasus_assistantConfig.cmake
[6.865s] -- Installing: /home/mmms/ros2-ws/install/pegasus_assistant/share/pegasus_assistant/cmake/pegasus_assistantConfig-version.cmake
[6.876s] -- Installing: /home/mmms/ros2-ws/install/pegasus_assistant/share/pegasus_assistant/package.xml
[6.880s] -- Installing: /home/mmms/ros2-ws/install/pegasus_assistant/share/pegasus_assistant/launch
[6.938s] -- Installing: /home/mmms/ros2-ws/install/pegasus_assistant/share/pegasus_assistant/launch/demo.launch.py
[6.999s] -- Installing: /home/mmms/ros2-ws/install/pegasus_assistant/share/pegasus_assistant/launch/rsp.launch.py
[7.002s] -- Installing: /home/mmms/ros2-ws/install/pegasus_assistant/share/pegasus_assistant/launch/move_group.launch.py
[7.015s] -- Installing: /home/mmms/ros2-ws/install/pegasus_assistant/share/pegasus_assistant/launch/static_virtual_joint_tfs.launch.py
[7.024s] -- Installing: /home/mmms/ros2-ws/install/pegasus_assistant/share/pegasus_assistant/launch/spawn_controllers.launch.py
[7.035s] -- Installing: /home/mmms/ros2-ws/install/pegasus_assistant/share/pegasus_assistant/launch/warehouse_db.launch.py
[7.048s] -- Installing: /home/mmms/ros2-ws/install/pegasus_assistant/share/pegasus_assistant/launch/moveit_rviz.launch.py
[7.062s] -- Installing: /home/mmms/ros2-ws/install/pegasus_assistant/share/pegasus_assistant/launch/setup_assistant.launch.py
[7.065s] -- Installing: /home/mmms/ros2-ws/install/pegasus_assistant/share/pegasus_assistant/config
[7.073s] -- Installing: /home/mmms/ros2-ws/install/pegasus_assistant/share/pegasus_assistant/config/ros2_controllers.yaml
[7.074s] -- Installing: /home/mmms/ros2-ws/install/pegasus_assistant/share/pegasus_assistant/config/pilz_cartesian_limits.yaml
[7.088s] -- Installing: /home/mmms/ros2-ws/install/pegasus_assistant/share/pegasus_assistant/config/initial_positions.yaml
[7.099s] -- Installing: /home/mmms/ros2-ws/install/pegasus_assistant/share/pegasus_assistant/config/pegasus.urdf.xacro
[7.112s] -- Installing: /home/mmms/ros2-ws/install/pegasus_assistant/share/pegasus_assistant/config/moveit_controllers.yaml
[7.124s] -- Installing: /home/mmms/ros2-ws/install/pegasus_assistant/share/pegasus_assistant/config/joint_limits.yaml
[7.134s] -- Installing: /home/mmms/ros2-ws/install/pegasus_assistant/share/pegasus_assistant/config/pegasus.ros2_control.xacro
[7.136s] -- Installing: /home/mmms/ros2-ws/install/pegasus_assistant/share/pegasus_assistant/config/pegasus.srdf
[7.171s] -- Installing: /home/mmms/ros2-ws/install/pegasus_assistant/share/pegasus_assistant/config/kinematics.yaml
[7.195s] -- Installing: /home/mmms/ros2-ws/install/pegasus_assistant/share/pegasus_assistant/config/moveit.rviz
[7.208s] -- Installing: /home/mmms/ros2-ws/install/pegasus_assistant/share/pegasus_assistant/.setup_assistant
[7.232s] Invoked command in '/home/mmms/ros2-ws/build/pegasus_assistant' returned '0': CMAKE_PREFIX_PATH=/home/mmms/ros2-ws/install/pegasus_arm_description:/home/mmms/ros2-ws/install/pegasus_arm_moveit_config:/opt/ros/jazzy/opt/sdformat_vendor:/opt/ros/jazzy/opt/gz_math_vendor:/opt/ros/jazzy/opt/gz_utils_vendor:/opt/ros/jazzy/opt/gz_tools_vendor:/opt/ros/jazzy/opt/gz_cmake_vendor:/home/mmms/ros2-ws/install/pegasus_arm_commander:/opt/ros/jazzy DEBUGINFOD_URLS=https://debuginfod.ubuntu.com /usr/bin/cmake --install /home/mmms/ros2-ws/build/pegasus_assistant
