[6.615s] Invoking command in '/home/mmms/ros2-ws/src/pegasus_arm_commander': DEBUGINFOD_URLS=https://debuginfod.ubuntu.com PYTHONPATH=/home/mmms/ros2-ws/build/pegasus_arm_commander/prefix_override:/usr/lib/python3/dist-packages/colcon_core/task/python/colcon_distutils_commands:/home/mmms/ros2-ws/install/pegasus_arm_commander/lib/python3.12/site-packages:${PYTHONPATH} /usr/bin/python3 -W ignore:setup.py install is deprecated -W ignore:easy_install command is deprecated setup.py egg_info --egg-base ../../build/pegasus_arm_commander build --build-base /home/mmms/ros2-ws/build/pegasus_arm_commander/build install --record /home/mmms/ros2-ws/build/pegasus_arm_commander/install.log --single-version-externally-managed install_data
[7.147s] running egg_info
[7.188s] writing ../../build/pegasus_arm_commander/pegasus_arm_commander.egg-info/PKG-INFO
[7.188s] writing dependency_links to ../../build/pegasus_arm_commander/pegasus_arm_commander.egg-info/dependency_links.txt
[7.188s] writing entry points to ../../build/pegasus_arm_commander/pegasus_arm_commander.egg-info/entry_points.txt
[7.189s] writing requirements to ../../build/pegasus_arm_commander/pegasus_arm_commander.egg-info/requires.txt
[7.189s] writing top-level names to ../../build/pegasus_arm_commander/pegasus_arm_commander.egg-info/top_level.txt
[7.265s] reading manifest file '../../build/pegasus_arm_commander/pegasus_arm_commander.egg-info/SOURCES.txt'
[7.281s] writing manifest file '../../build/pegasus_arm_commander/pegasus_arm_commander.egg-info/SOURCES.txt'
[7.281s] running build
[7.281s] running build_py
[7.282s] running install
[7.291s] running install_lib
[7.328s] running install_data
[7.329s] running install_egg_info
[7.369s] removing '/home/mmms/ros2-ws/install/pegasus_arm_commander/lib/python3.12/site-packages/pegasus_arm_commander-0.0.1-py3.12.egg-info' (and everything under it)
[7.370s] Copying ../../build/pegasus_arm_commander/pegasus_arm_commander.egg-info to /home/mmms/ros2-ws/install/pegasus_arm_commander/lib/python3.12/site-packages/pegasus_arm_commander-0.0.1-py3.12.egg-info
[7.391s] running install_scripts
[7.632s] Installing pegasus_commander script to /home/mmms/ros2-ws/install/pegasus_arm_commander/lib/pegasus_arm_commander
[7.633s] writing list of installed files to '/home/mmms/ros2-ws/build/pegasus_arm_commander/install.log'
[7.688s] Invoked command in '/home/mmms/ros2-ws/src/pegasus_arm_commander' returned '0': DEBUGINFOD_URLS=https://debuginfod.ubuntu.com PYTHONPATH=/home/mmms/ros2-ws/build/pegasus_arm_commander/prefix_override:/usr/lib/python3/dist-packages/colcon_core/task/python/colcon_distutils_commands:/home/mmms/ros2-ws/install/pegasus_arm_commander/lib/python3.12/site-packages:${PYTHONPATH} /usr/bin/python3 -W ignore:setup.py install is deprecated -W ignore:easy_install command is deprecated setup.py egg_info --egg-base ../../build/pegasus_arm_commander build --build-base /home/mmms/ros2-ws/build/pegasus_arm_commander/build install --record /home/mmms/ros2-ws/build/pegasus_arm_commander/install.log --single-version-externally-managed install_data
