[0.025s] Invoking command in '/home/mmms/ros2-ws/build/pegasus_assistant': CMAKE_PREFIX_PATH=/home/mmms/ros2-ws/install/pegasus_arm_description:/home/mmms/ros2-ws/install/pegasus_assistant:/home/mmms/ros2-ws/install/pegasus_arm_moveit_config:/opt/ros/jazzy/opt/sdformat_vendor:/opt/ros/jazzy/opt/gz_math_vendor:/opt/ros/jazzy/opt/gz_utils_vendor:/opt/ros/jazzy/opt/gz_tools_vendor:/opt/ros/jazzy/opt/gz_cmake_vendor:/home/mmms/ros2-ws/install/pegasus_arm_commander:/opt/ros/jazzy DEBUGINFOD_URLS=https://debuginfod.ubuntu.com /usr/bin/cmake --build /home/mmms/ros2-ws/build/pegasus_assistant -- -j4 -l4
[0.087s] Invoked command in '/home/mmms/ros2-ws/build/pegasus_assistant' returned '0': CMAKE_PREFIX_PATH=/home/mmms/ros2-ws/install/pegasus_arm_description:/home/mmms/ros2-ws/install/pegasus_assistant:/home/mmms/ros2-ws/install/pegasus_arm_moveit_config:/opt/ros/jazzy/opt/sdformat_vendor:/opt/ros/jazzy/opt/gz_math_vendor:/opt/ros/jazzy/opt/gz_utils_vendor:/opt/ros/jazzy/opt/gz_tools_vendor:/opt/ros/jazzy/opt/gz_cmake_vendor:/home/mmms/ros2-ws/install/pegasus_arm_commander:/opt/ros/jazzy DEBUGINFOD_URLS=https://debuginfod.ubuntu.com /usr/bin/cmake --build /home/mmms/ros2-ws/build/pegasus_assistant -- -j4 -l4
[0.102s] Invoking command in '/home/mmms/ros2-ws/build/pegasus_assistant': CMAKE_PREFIX_PATH=/home/mmms/ros2-ws/install/pegasus_arm_description:/home/mmms/ros2-ws/install/pegasus_assistant:/home/mmms/ros2-ws/install/pegasus_arm_moveit_config:/opt/ros/jazzy/opt/sdformat_vendor:/opt/ros/jazzy/opt/gz_math_vendor:/opt/ros/jazzy/opt/gz_utils_vendor:/opt/ros/jazzy/opt/gz_tools_vendor:/opt/ros/jazzy/opt/gz_cmake_vendor:/home/mmms/ros2-ws/install/pegasus_arm_commander:/opt/ros/jazzy DEBUGINFOD_URLS=https://debuginfod.ubuntu.com /usr/bin/cmake --install /home/mmms/ros2-ws/build/pegasus_assistant
[0.117s] -- Install configuration: ""
[0.117s] -- Up-to-date: /home/mmms/ros2-ws/install/pegasus_assistant/share/ament_index/resource_index/package_run_dependencies/pegasus_assistant
[0.117s] -- Up-to-date: /home/mmms/ros2-ws/install/pegasus_assistant/share/ament_index/resource_index/parent_prefix_path/pegasus_assistant
[0.118s] -- Up-to-date: /home/mmms/ros2-ws/install/pegasus_assistant/share/pegasus_assistant/environment/ament_prefix_path.sh
[0.118s] -- Up-to-date: /home/mmms/ros2-ws/install/pegasus_assistant/share/pegasus_assistant/environment/ament_prefix_path.dsv
[0.118s] -- Up-to-date: /home/mmms/ros2-ws/install/pegasus_assistant/share/pegasus_assistant/environment/path.sh
[0.119s] -- Up-to-date: /home/mmms/ros2-ws/install/pegasus_assistant/share/pegasus_assistant/environment/path.dsv
[0.119s] -- Up-to-date: /home/mmms/ros2-ws/install/pegasus_assistant/share/pegasus_assistant/local_setup.bash
[0.119s] -- Up-to-date: /home/mmms/ros2-ws/install/pegasus_assistant/share/pegasus_assistant/local_setup.sh
[0.120s] -- Up-to-date: /home/mmms/ros2-ws/install/pegasus_assistant/share/pegasus_assistant/local_setup.zsh
[0.120s] -- Up-to-date: /home/mmms/ros2-ws/install/pegasus_assistant/share/pegasus_assistant/local_setup.dsv
[0.120s] -- Installing: /home/mmms/ros2-ws/install/pegasus_assistant/share/pegasus_assistant/package.dsv
[0.120s] -- Up-to-date: /home/mmms/ros2-ws/install/pegasus_assistant/share/ament_index/resource_index/packages/pegasus_assistant
[0.120s] -- Up-to-date: /home/mmms/ros2-ws/install/pegasus_assistant/share/pegasus_assistant/cmake/pegasus_assistantConfig.cmake
[0.120s] -- Up-to-date: /home/mmms/ros2-ws/install/pegasus_assistant/share/pegasus_assistant/cmake/pegasus_assistantConfig-version.cmake
[0.120s] -- Up-to-date: /home/mmms/ros2-ws/install/pegasus_assistant/share/pegasus_assistant/package.xml
[0.121s] -- Up-to-date: /home/mmms/ros2-ws/install/pegasus_assistant/share/pegasus_assistant/launch
[0.121s] -- Up-to-date: /home/mmms/ros2-ws/install/pegasus_assistant/share/pegasus_assistant/launch/demo.launch.py
[0.121s] -- Up-to-date: /home/mmms/ros2-ws/install/pegasus_assistant/share/pegasus_assistant/launch/rsp.launch.py
[0.121s] -- Up-to-date: /home/mmms/ros2-ws/install/pegasus_assistant/share/pegasus_assistant/launch/move_group.launch.py
[0.121s] -- Up-to-date: /home/mmms/ros2-ws/install/pegasus_assistant/share/pegasus_assistant/launch/static_virtual_joint_tfs.launch.py
[0.122s] -- Up-to-date: /home/mmms/ros2-ws/install/pegasus_assistant/share/pegasus_assistant/launch/spawn_controllers.launch.py
[0.122s] -- Up-to-date: /home/mmms/ros2-ws/install/pegasus_assistant/share/pegasus_assistant/launch/warehouse_db.launch.py
[0.123s] -- Up-to-date: /home/mmms/ros2-ws/install/pegasus_assistant/share/pegasus_assistant/launch/moveit_rviz.launch.py
[0.124s] -- Up-to-date: /home/mmms/ros2-ws/install/pegasus_assistant/share/pegasus_assistant/launch/setup_assistant.launch.py
[0.124s] -- Up-to-date: /home/mmms/ros2-ws/install/pegasus_assistant/share/pegasus_assistant/config
[0.125s] -- Up-to-date: /home/mmms/ros2-ws/install/pegasus_assistant/share/pegasus_assistant/config/ros2_controllers.yaml
[0.125s] -- Up-to-date: /home/mmms/ros2-ws/install/pegasus_assistant/share/pegasus_assistant/config/pilz_cartesian_limits.yaml
[0.125s] -- Up-to-date: /home/mmms/ros2-ws/install/pegasus_assistant/share/pegasus_assistant/config/initial_positions.yaml
[0.126s] -- Up-to-date: /home/mmms/ros2-ws/install/pegasus_assistant/share/pegasus_assistant/config/pegasus.urdf.xacro
[0.126s] -- Installing: /home/mmms/ros2-ws/install/pegasus_assistant/share/pegasus_assistant/config/moveit_controllers.yaml
[0.126s] -- Up-to-date: /home/mmms/ros2-ws/install/pegasus_assistant/share/pegasus_assistant/config/joint_limits.yaml
[0.126s] -- Up-to-date: /home/mmms/ros2-ws/install/pegasus_assistant/share/pegasus_assistant/config/pegasus.ros2_control.xacro
[0.127s] -- Up-to-date: /home/mmms/ros2-ws/install/pegasus_assistant/share/pegasus_assistant/config/pegasus.srdf
[0.127s] -- Up-to-date: /home/mmms/ros2-ws/install/pegasus_assistant/share/pegasus_assistant/config/kinematics.yaml
[0.127s] -- Up-to-date: /home/mmms/ros2-ws/install/pegasus_assistant/share/pegasus_assistant/config/moveit.rviz
[0.128s] -- Up-to-date: /home/mmms/ros2-ws/install/pegasus_assistant/share/pegasus_assistant/.setup_assistant
[0.128s] Invoked command in '/home/mmms/ros2-ws/build/pegasus_assistant' returned '0': CMAKE_PREFIX_PATH=/home/mmms/ros2-ws/install/pegasus_arm_description:/home/mmms/ros2-ws/install/pegasus_assistant:/home/mmms/ros2-ws/install/pegasus_arm_moveit_config:/opt/ros/jazzy/opt/sdformat_vendor:/opt/ros/jazzy/opt/gz_math_vendor:/opt/ros/jazzy/opt/gz_utils_vendor:/opt/ros/jazzy/opt/gz_tools_vendor:/opt/ros/jazzy/opt/gz_cmake_vendor:/home/mmms/ros2-ws/install/pegasus_arm_commander:/opt/ros/jazzy DEBUGINFOD_URLS=https://debuginfod.ubuntu.com /usr/bin/cmake --install /home/mmms/ros2-ws/build/pegasus_assistant
