[0.174s] DEBUG:colcon:Command line arguments: ['/usr/bin/colcon', 'build']
[0.174s] DEBUG:colcon:Parsed command line arguments: Namespace(log_base=None, log_level=None, verb_name='build', build_base='build', install_base='install', merge_install=False, symlink_install=False, test_result_base=None, continue_on_error=False, executor='parallel', parallel_workers=4, event_handlers=None, ignore_user_meta=False, metas=['./colcon.meta'], base_paths=['.'], packages_ignore=None, packages_ignore_regex=None, paths=None, packages_up_to=None, packages_up_to_regex=None, packages_above=None, packages_above_and_dependencies=None, packages_above_depth=None, packages_select_by_dep=None, packages_skip_by_dep=None, packages_skip_up_to=None, packages_select_build_failed=False, packages_skip_build_finished=False, packages_select_test_failures=False, packages_skip_test_passed=False, packages_select=None, packages_skip=None, packages_select_regex=None, packages_skip_regex=None, packages_start=None, packages_end=None, allow_overriding=[], cmake_args=None, cmake_target=None, cmake_target_skip_unavailable=False, cmake_clean_cache=False, cmake_clean_first=False, cmake_force_configure=False, ament_cmake_args=None, catkin_cmake_args=None, catkin_skip_building_tests=False, mixin_files=None, mixin=None, verb_parser=<colcon_mixin.mixin.mixin_argument.MixinArgumentDecorator object at 0x72818ee65660>, verb_extension=<colcon_core.verb.build.BuildVerb object at 0x72818ee650f0>, main=<bound method BuildVerb.main of <colcon_core.verb.build.BuildVerb object at 0x72818ee650f0>>, mixin_verb=('build',))
[0.448s] Level 1:colcon.colcon_core.package_discovery:discover_packages(colcon_meta) check parameters
[0.448s] Level 1:colcon.colcon_core.package_discovery:discover_packages(recursive) check parameters
[0.448s] Level 1:colcon.colcon_core.package_discovery:discover_packages(ignore) check parameters
[0.448s] Level 1:colcon.colcon_core.package_discovery:discover_packages(path) check parameters
[0.448s] Level 1:colcon.colcon_core.package_discovery:discover_packages(colcon_meta) discover
[0.449s] Level 1:colcon.colcon_core.package_discovery:discover_packages(recursive) discover
[0.449s] INFO:colcon.colcon_core.package_discovery:Crawling recursively for packages in '/home/mmms/ros2-ws/Sim'
[0.449s] Level 1:colcon.colcon_core.package_identification:_identify(.) by extensions ['ignore', 'ignore_ament_install']
[0.449s] Level 1:colcon.colcon_core.package_identification:_identify(.) by extension 'ignore'
[0.449s] Level 1:colcon.colcon_core.package_identification:_identify(.) by extension 'ignore_ament_install'
[0.449s] Level 1:colcon.colcon_core.package_identification:_identify(.) by extensions ['colcon_pkg']
[0.449s] Level 1:colcon.colcon_core.package_identification:_identify(.) by extension 'colcon_pkg'
[0.449s] Level 1:colcon.colcon_core.package_identification:_identify(.) by extensions ['colcon_meta']
[0.449s] Level 1:colcon.colcon_core.package_identification:_identify(.) by extension 'colcon_meta'
[0.449s] Level 1:colcon.colcon_core.package_identification:_identify(.) by extensions ['ros']
[0.449s] Level 1:colcon.colcon_core.package_identification:_identify(.) by extension 'ros'
[0.465s] Level 1:colcon.colcon_core.package_identification:_identify(.) by extensions ['cmake', 'python']
[0.465s] Level 1:colcon.colcon_core.package_identification:_identify(.) by extension 'cmake'
[0.465s] Level 1:colcon.colcon_core.package_identification:_identify(.) by extension 'python'
[0.465s] Level 1:colcon.colcon_core.package_identification:_identify(.) by extensions ['python_setup_py']
[0.465s] Level 1:colcon.colcon_core.package_identification:_identify(.) by extension 'python_setup_py'
[0.465s] Level 1:colcon.colcon_core.package_identification:_identify(build) by extensions ['ignore', 'ignore_ament_install']
[0.466s] Level 1:colcon.colcon_core.package_identification:_identify(build) by extension 'ignore'
[0.466s] Level 1:colcon.colcon_core.package_identification:_identify(build) ignored
[0.466s] Level 1:colcon.colcon_core.package_identification:_identify(install) by extensions ['ignore', 'ignore_ament_install']
[0.466s] Level 1:colcon.colcon_core.package_identification:_identify(install) by extension 'ignore'
[0.466s] Level 1:colcon.colcon_core.package_identification:_identify(install) ignored
[0.466s] Level 1:colcon.colcon_core.package_identification:_identify(log) by extensions ['ignore', 'ignore_ament_install']
[0.466s] Level 1:colcon.colcon_core.package_identification:_identify(log) by extension 'ignore'
[0.466s] Level 1:colcon.colcon_core.package_identification:_identify(log) ignored
[0.466s] Level 1:colcon.colcon_core.package_identification:_identify(pegasus_arm_description) by extensions ['ignore', 'ignore_ament_install']
[0.466s] Level 1:colcon.colcon_core.package_identification:_identify(pegasus_arm_description) by extension 'ignore'
[0.467s] Level 1:colcon.colcon_core.package_identification:_identify(pegasus_arm_description) by extension 'ignore_ament_install'
[0.467s] Level 1:colcon.colcon_core.package_identification:_identify(pegasus_arm_description) by extensions ['colcon_pkg']
[0.467s] Level 1:colcon.colcon_core.package_identification:_identify(pegasus_arm_description) by extension 'colcon_pkg'
[0.467s] Level 1:colcon.colcon_core.package_identification:_identify(pegasus_arm_description) by extensions ['colcon_meta']
[0.467s] Level 1:colcon.colcon_core.package_identification:_identify(pegasus_arm_description) by extension 'colcon_meta'
[0.467s] Level 1:colcon.colcon_core.package_identification:_identify(pegasus_arm_description) by extensions ['ros']
[0.467s] Level 1:colcon.colcon_core.package_identification:_identify(pegasus_arm_description) by extension 'ros'
[0.470s] DEBUG:colcon.colcon_core.package_identification:Package 'pegasus_arm_description' with type 'ros.ament_cmake' and name 'pegasus_arm_description'
[0.470s] Level 1:colcon.colcon_core.package_discovery:discover_packages(recursive) using defaults
[0.470s] Level 1:colcon.colcon_core.package_discovery:discover_packages(ignore) discover
[0.471s] Level 1:colcon.colcon_core.package_discovery:discover_packages(ignore) using defaults
[0.471s] Level 1:colcon.colcon_core.package_discovery:discover_packages(path) discover
[0.471s] Level 1:colcon.colcon_core.package_discovery:discover_packages(path) using defaults
[0.516s] Level 1:colcon.colcon_core.package_discovery:discover_packages(prefix_path) check parameters
[0.516s] Level 1:colcon.colcon_core.package_discovery:discover_packages(prefix_path) discover
[0.519s] DEBUG:colcon.colcon_installed_package_information.package_discovery:Found 6 installed packages in /home/mmms/ros2-ws/install
[0.522s] DEBUG:colcon.colcon_installed_package_information.package_discovery:Found 334 installed packages in /opt/ros/humble
[0.524s] Level 1:colcon.colcon_core.package_discovery:discover_packages(prefix_path) using defaults
[0.607s] Level 5:colcon.colcon_core.verb:set package 'pegasus_arm_description' build argument 'cmake_args' from command line to 'None'
[0.608s] Level 5:colcon.colcon_core.verb:set package 'pegasus_arm_description' build argument 'cmake_target' from command line to 'None'
[0.608s] Level 5:colcon.colcon_core.verb:set package 'pegasus_arm_description' build argument 'cmake_target_skip_unavailable' from command line to 'False'
[0.608s] Level 5:colcon.colcon_core.verb:set package 'pegasus_arm_description' build argument 'cmake_clean_cache' from command line to 'False'
[0.608s] Level 5:colcon.colcon_core.verb:set package 'pegasus_arm_description' build argument 'cmake_clean_first' from command line to 'False'
[0.608s] Level 5:colcon.colcon_core.verb:set package 'pegasus_arm_description' build argument 'cmake_force_configure' from command line to 'False'
[0.608s] Level 5:colcon.colcon_core.verb:set package 'pegasus_arm_description' build argument 'ament_cmake_args' from command line to 'None'
[0.608s] Level 5:colcon.colcon_core.verb:set package 'pegasus_arm_description' build argument 'catkin_cmake_args' from command line to 'None'
[0.608s] Level 5:colcon.colcon_core.verb:set package 'pegasus_arm_description' build argument 'catkin_skip_building_tests' from command line to 'False'
[0.608s] DEBUG:colcon.colcon_core.verb:Building package 'pegasus_arm_description' with the following arguments: {'ament_cmake_args': None, 'build_base': '/home/mmms/ros2-ws/Sim/build/pegasus_arm_description', 'catkin_cmake_args': None, 'catkin_skip_building_tests': False, 'cmake_args': None, 'cmake_clean_cache': False, 'cmake_clean_first': False, 'cmake_force_configure': False, 'cmake_target': None, 'cmake_target_skip_unavailable': False, 'install_base': '/home/mmms/ros2-ws/Sim/install/pegasus_arm_description', 'merge_install': False, 'path': '/home/mmms/ros2-ws/Sim/pegasus_arm_description', 'symlink_install': False, 'test_result_base': None}
[0.608s] INFO:colcon.colcon_core.executor:Executing jobs using 'parallel' executor
[0.610s] DEBUG:colcon.colcon_parallel_executor.executor.parallel:run_until_complete
[0.610s] INFO:colcon.colcon_ros.task.ament_cmake.build:Building ROS package in '/home/mmms/ros2-ws/Sim/pegasus_arm_description' with build type 'ament_cmake'
[0.610s] INFO:colcon.colcon_cmake.task.cmake.build:Building CMake package in '/home/mmms/ros2-ws/Sim/pegasus_arm_description'
[0.614s] INFO:colcon.colcon_core.plugin_system:Skipping extension 'colcon_core.shell.bat': Not used on non-Windows systems
[0.614s] INFO:colcon.colcon_core.shell:Skip shell extension 'powershell' for command environment: Not usable outside of PowerShell
[0.614s] DEBUG:colcon.colcon_core.shell:Skip shell extension 'dsv' for command environment
[0.626s] DEBUG:colcon.colcon_core.event_handler.log_command:Invoking command in '/home/mmms/ros2-ws/Sim/build/pegasus_arm_description': CMAKE_PREFIX_PATH=${CMAKE_PREFIX_PATH}:/opt/ros/humble /usr/bin/cmake --build /home/mmms/ros2-ws/Sim/build/pegasus_arm_description -- -j4 -l4
[1.088s] DEBUG:colcon.colcon_core.event_handler.log_command:Invoked command in '/home/mmms/ros2-ws/Sim/build/pegasus_arm_description' returned '0': CMAKE_PREFIX_PATH=${CMAKE_PREFIX_PATH}:/opt/ros/humble /usr/bin/cmake --build /home/mmms/ros2-ws/Sim/build/pegasus_arm_description -- -j4 -l4
[1.102s] DEBUG:colcon.colcon_core.event_handler.log_command:Invoking command in '/home/mmms/ros2-ws/Sim/build/pegasus_arm_description': CMAKE_PREFIX_PATH=${CMAKE_PREFIX_PATH}:/opt/ros/humble /usr/bin/cmake --install /home/mmms/ros2-ws/Sim/build/pegasus_arm_description
[1.117s] Level 1:colcon.colcon_core.environment:create_environment_scripts_only(pegasus_arm_description)
[1.118s] DEBUG:colcon.colcon_core.event_handler.log_command:Invoked command in '/home/mmms/ros2-ws/Sim/build/pegasus_arm_description' returned '0': CMAKE_PREFIX_PATH=${CMAKE_PREFIX_PATH}:/opt/ros/humble /usr/bin/cmake --install /home/mmms/ros2-ws/Sim/build/pegasus_arm_description
[1.121s] Level 1:colcon.colcon_core.environment:checking '/home/mmms/ros2-ws/Sim/install/pegasus_arm_description' for CMake module files
[1.122s] Level 1:colcon.colcon_core.environment:checking '/home/mmms/ros2-ws/Sim/install/pegasus_arm_description' for CMake config files
[1.122s] Level 1:colcon.colcon_core.shell:create_environment_hook('pegasus_arm_description', 'cmake_prefix_path')
[1.122s] INFO:colcon.colcon_core.shell:Creating environment hook '/home/mmms/ros2-ws/Sim/install/pegasus_arm_description/share/pegasus_arm_description/hook/cmake_prefix_path.ps1'
[1.123s] INFO:colcon.colcon_core.shell:Creating environment descriptor '/home/mmms/ros2-ws/Sim/install/pegasus_arm_description/share/pegasus_arm_description/hook/cmake_prefix_path.dsv'
[1.124s] INFO:colcon.colcon_core.shell:Creating environment hook '/home/mmms/ros2-ws/Sim/install/pegasus_arm_description/share/pegasus_arm_description/hook/cmake_prefix_path.sh'
[1.125s] Level 1:colcon.colcon_core.environment:checking '/home/mmms/ros2-ws/Sim/install/pegasus_arm_description/bin'
[1.125s] Level 1:colcon.colcon_core.environment:checking '/home/mmms/ros2-ws/Sim/install/pegasus_arm_description/lib/pkgconfig/pegasus_arm_description.pc'
[1.125s] Level 1:colcon.colcon_core.environment:checking '/home/mmms/ros2-ws/Sim/install/pegasus_arm_description/lib/python3.10/site-packages'
[1.126s] Level 1:colcon.colcon_core.environment:checking '/home/mmms/ros2-ws/Sim/install/pegasus_arm_description/bin'
[1.126s] INFO:colcon.colcon_core.shell:Creating package script '/home/mmms/ros2-ws/Sim/install/pegasus_arm_description/share/pegasus_arm_description/package.ps1'
[1.128s] INFO:colcon.colcon_core.shell:Creating package descriptor '/home/mmms/ros2-ws/Sim/install/pegasus_arm_description/share/pegasus_arm_description/package.dsv'
[1.130s] INFO:colcon.colcon_core.shell:Creating package script '/home/mmms/ros2-ws/Sim/install/pegasus_arm_description/share/pegasus_arm_description/package.sh'
[1.131s] INFO:colcon.colcon_core.shell:Creating package script '/home/mmms/ros2-ws/Sim/install/pegasus_arm_description/share/pegasus_arm_description/package.bash'
[1.132s] INFO:colcon.colcon_core.shell:Creating package script '/home/mmms/ros2-ws/Sim/install/pegasus_arm_description/share/pegasus_arm_description/package.zsh'
[1.133s] Level 1:colcon.colcon_core.environment:create_file_with_runtime_dependencies(/home/mmms/ros2-ws/Sim/install/pegasus_arm_description/share/colcon-core/packages/pegasus_arm_description)
[1.134s] Level 1:colcon.colcon_core.environment:create_environment_scripts_only(pegasus_arm_description)
[1.134s] Level 1:colcon.colcon_core.environment:checking '/home/mmms/ros2-ws/Sim/install/pegasus_arm_description' for CMake module files
[1.135s] Level 1:colcon.colcon_core.environment:checking '/home/mmms/ros2-ws/Sim/install/pegasus_arm_description' for CMake config files
[1.135s] Level 1:colcon.colcon_core.shell:create_environment_hook('pegasus_arm_description', 'cmake_prefix_path')
[1.136s] INFO:colcon.colcon_core.shell:Creating environment hook '/home/mmms/ros2-ws/Sim/install/pegasus_arm_description/share/pegasus_arm_description/hook/cmake_prefix_path.ps1'
[1.137s] INFO:colcon.colcon_core.shell:Creating environment descriptor '/home/mmms/ros2-ws/Sim/install/pegasus_arm_description/share/pegasus_arm_description/hook/cmake_prefix_path.dsv'
[1.138s] INFO:colcon.colcon_core.shell:Creating environment hook '/home/mmms/ros2-ws/Sim/install/pegasus_arm_description/share/pegasus_arm_description/hook/cmake_prefix_path.sh'
[1.139s] Level 1:colcon.colcon_core.environment:checking '/home/mmms/ros2-ws/Sim/install/pegasus_arm_description/bin'
[1.139s] Level 1:colcon.colcon_core.environment:checking '/home/mmms/ros2-ws/Sim/install/pegasus_arm_description/lib/pkgconfig/pegasus_arm_description.pc'
[1.139s] Level 1:colcon.colcon_core.environment:checking '/home/mmms/ros2-ws/Sim/install/pegasus_arm_description/lib/python3.10/site-packages'
[1.139s] Level 1:colcon.colcon_core.environment:checking '/home/mmms/ros2-ws/Sim/install/pegasus_arm_description/bin'
[1.140s] INFO:colcon.colcon_core.shell:Creating package script '/home/mmms/ros2-ws/Sim/install/pegasus_arm_description/share/pegasus_arm_description/package.ps1'
[1.140s] INFO:colcon.colcon_core.shell:Creating package descriptor '/home/mmms/ros2-ws/Sim/install/pegasus_arm_description/share/pegasus_arm_description/package.dsv'
[1.141s] INFO:colcon.colcon_core.shell:Creating package script '/home/mmms/ros2-ws/Sim/install/pegasus_arm_description/share/pegasus_arm_description/package.sh'
[1.142s] INFO:colcon.colcon_core.shell:Creating package script '/home/mmms/ros2-ws/Sim/install/pegasus_arm_description/share/pegasus_arm_description/package.bash'
[1.142s] INFO:colcon.colcon_core.shell:Creating package script '/home/mmms/ros2-ws/Sim/install/pegasus_arm_description/share/pegasus_arm_description/package.zsh'
[1.143s] Level 1:colcon.colcon_core.environment:create_file_with_runtime_dependencies(/home/mmms/ros2-ws/Sim/install/pegasus_arm_description/share/colcon-core/packages/pegasus_arm_description)
[1.144s] DEBUG:colcon.colcon_parallel_executor.executor.parallel:closing loop
[1.144s] DEBUG:colcon.colcon_parallel_executor.executor.parallel:loop closed
[1.145s] DEBUG:colcon.colcon_parallel_executor.executor.parallel:run_until_complete finished with '0'
[1.145s] DEBUG:colcon.colcon_core.event_reactor:joining thread
[1.159s] INFO:colcon.colcon_core.plugin_system:Skipping extension 'colcon_notification.desktop_notification.terminal_notifier': Not used on non-Darwin systems
[1.159s] INFO:colcon.colcon_core.plugin_system:Skipping extension 'colcon_notification.desktop_notification.win32': Not used on non-Windows systems
[1.159s] INFO:colcon.colcon_notification.desktop_notification:Sending desktop notification using 'notify2'
[1.194s] DEBUG:colcon.colcon_core.event_reactor:joined thread
[1.196s] INFO:colcon.colcon_core.shell:Creating prefix script '/home/mmms/ros2-ws/Sim/install/local_setup.ps1'
[1.198s] INFO:colcon.colcon_core.shell:Creating prefix util module '/home/mmms/ros2-ws/Sim/install/_local_setup_util_ps1.py'
[1.201s] INFO:colcon.colcon_core.shell:Creating prefix chain script '/home/mmms/ros2-ws/Sim/install/setup.ps1'
[1.206s] INFO:colcon.colcon_core.shell:Creating prefix script '/home/mmms/ros2-ws/Sim/install/local_setup.sh'
[1.207s] INFO:colcon.colcon_core.shell:Creating prefix util module '/home/mmms/ros2-ws/Sim/install/_local_setup_util_sh.py'
[1.209s] INFO:colcon.colcon_core.shell:Creating prefix chain script '/home/mmms/ros2-ws/Sim/install/setup.sh'
[1.212s] INFO:colcon.colcon_core.shell:Creating prefix script '/home/mmms/ros2-ws/Sim/install/local_setup.bash'
[1.213s] INFO:colcon.colcon_core.shell:Creating prefix chain script '/home/mmms/ros2-ws/Sim/install/setup.bash'
[1.217s] INFO:colcon.colcon_core.shell:Creating prefix script '/home/mmms/ros2-ws/Sim/install/local_setup.zsh'
[1.218s] INFO:colcon.colcon_core.shell:Creating prefix chain script '/home/mmms/ros2-ws/Sim/install/setup.zsh'
