[0.190s] Invoking command in '/home/mmms/ros2-ws/build/pegasus_arm_description': CMAKE_PREFIX_PATH=${CMAKE_PREFIX_PATH}:/home/mmms/ros2-ws/install/pegasus_arm_commander:/opt/ros/jazzy DEBUGINFOD_URLS=https://debuginfod.ubuntu.com /usr/bin/cmake --build /home/mmms/ros2-ws/build/pegasus_arm_description -- -j4 -l4
[1.669s] -- Found ament_cmake: 2.5.4 (/opt/ros/jazzy/share/ament_cmake/cmake)
[2.423s] -- Found rclcpp: 28.1.9 (/opt/ros/jazzy/share/rclcpp/cmake)
[2.776s] -- Found rosidl_generator_c: 4.6.5 (/opt/ros/jazzy/share/rosidl_generator_c/cmake)
[2.823s] -- Found rosidl_generator_cpp: 4.6.5 (/opt/ros/jazzy/share/rosidl_generator_cpp/cmake)
[2.890s] -- Using all available rosidl_typesupport_c: rosidl_typesupport_fastrtps_c;rosidl_typesupport_introspection_c
[2.961s] -- Using all available rosidl_typesupport_cpp: rosidl_typesupport_fastrtps_cpp;rosidl_typesupport_introspection_cpp
[3.237s] -- Found rmw_implementation_cmake: 7.3.2 (/opt/ros/jazzy/share/rmw_implementation_cmake/cmake)
[3.255s] -- Found rmw_fastrtps_cpp: 8.4.2 (/opt/ros/jazzy/share/rmw_fastrtps_cpp/cmake)
[3.636s] -- Using RMW implementation 'rmw_fastrtps_cpp' as default
[3.846s] -- Found moveit_ros_planning_interface: 2.12.3 (/opt/ros/jazzy/share/moveit_ros_planning_interface/cmake)
[4.027s] -- Found Boost: /usr/lib/x86_64-linux-gnu/cmake/Boost-1.83.0/BoostConfig.cmake (found version "1.83.0") found components: date_time filesystem program_options system thread 
[5.248s] -- Found Boost: /usr/lib/x86_64-linux-gnu/cmake/Boost-1.83.0/BoostConfig.cmake (found version "1.83.0") found components: chrono date_time filesystem iostreams program_options regex serialization system thread 
[5.522s] -- Found parameter_traits: 0.4.0 (/opt/ros/jazzy/share/parameter_traits/cmake)
[5.582s] -- Found rclcpp_lifecycle: 28.1.9 (/opt/ros/jazzy/share/rclcpp_lifecycle/cmake)
[5.706s] -- Found Boost: /usr/lib/x86_64-linux-gnu/cmake/Boost-1.83.0/BoostConfig.cmake (found version "1.83.0") found components: filesystem 
[5.937s] -- Ensuring Eigen3 include directory is part of orocos-kdl CMake target
[6.669s] -- Found Boost: /usr/lib/x86_64-linux-gnu/cmake/Boost-1.83.0/BoostConfig.cmake (found version "1.83.0") found components: system filesystem date_time program_options thread chrono 
[6.802s] -- Found Boost: /usr/lib/x86_64-linux-gnu/cmake/Boost-1.83.0/BoostConfig.cmake (found version "1.83.0") found components: thread system filesystem regex date_time program_options 
[6.880s] -- Found Boost: /usr/lib/x86_64-linux-gnu/cmake/Boost-1.83.0/BoostConfig.cmake (found version "1.83.0") found components: system filesystem date_time program_options thread 
[6.981s] -- Found robot_state_publisher: 3.3.3 (/opt/ros/jazzy/share/robot_state_publisher/cmake)
[7.008s] -- Found controller_manager: 4.29.0 (/opt/ros/jazzy/share/controller_manager/cmake)
[7.699s] -- Found xacro: 2.0.13 (/opt/ros/jazzy/share/xacro/cmake)
[8.184s] -- Configuring done (6.8s)
[8.286s] -- Generating done (0.0s)
[8.317s] -- Build files have been written to: /home/mmms/ros2-ws/build/pegasus_arm_description
[8.440s] Invoked command in '/home/mmms/ros2-ws/build/pegasus_arm_description' returned '0': CMAKE_PREFIX_PATH=${CMAKE_PREFIX_PATH}:/home/mmms/ros2-ws/install/pegasus_arm_commander:/opt/ros/jazzy DEBUGINFOD_URLS=https://debuginfod.ubuntu.com /usr/bin/cmake --build /home/mmms/ros2-ws/build/pegasus_arm_description -- -j4 -l4
[8.477s] Invoking command in '/home/mmms/ros2-ws/build/pegasus_arm_description': CMAKE_PREFIX_PATH=${CMAKE_PREFIX_PATH}:/home/mmms/ros2-ws/install/pegasus_arm_commander:/opt/ros/jazzy DEBUGINFOD_URLS=https://debuginfod.ubuntu.com /usr/bin/cmake --install /home/mmms/ros2-ws/build/pegasus_arm_description
[8.489s] -- Install configuration: ""
[8.489s] -- Up-to-date: /home/mmms/ros2-ws/install/pegasus_arm_description/share/pegasus_arm_description/urdf
[8.490s] -- Installing: /home/mmms/ros2-ws/install/pegasus_arm_description/share/pegasus_arm_description/urdf/pegasus_arm.urdf.xacro
[8.490s] -- Installing: /home/mmms/ros2-ws/install/pegasus_arm_description/share/pegasus_arm_description/urdf/pegasus_arm.ros2_control.xacro
[8.491s] -- Up-to-date: /home/mmms/ros2-ws/install/pegasus_arm_description/share/pegasus_arm_description/URDF
[8.491s] -- Installing: /home/mmms/ros2-ws/install/pegasus_arm_description/share/pegasus_arm_description/URDF/pegasus_arm_new.urdf.xacro
[8.491s] -- Installing: /home/mmms/ros2-ws/install/pegasus_arm_description/share/pegasus_arm_description/URDF/pegasus_arm.urdf.xacro
[8.502s] -- Up-to-date: /home/mmms/ros2-ws/install/pegasus_arm_description/share/pegasus_arm_description/URDF/.vscode
[8.502s] -- Installing: /home/mmms/ros2-ws/install/pegasus_arm_description/share/pegasus_arm_description/URDF/.vscode/c_cpp_properties.json
[8.503s] -- Installing: /home/mmms/ros2-ws/install/pegasus_arm_description/share/pegasus_arm_description/URDF/.vscode/settings.json
[8.503s] -- Installing: /home/mmms/ros2-ws/install/pegasus_arm_description/share/pegasus_arm_description/URDF/my_robot.urdf
[8.504s] -- Installing: /home/mmms/ros2-ws/install/pegasus_arm_description/share/pegasus_arm_description/URDF/pegasus_arm.urdf
[8.504s] -- Up-to-date: /home/mmms/ros2-ws/install/pegasus_arm_description/share/pegasus_arm_description/srdf
[8.505s] -- Installing: /home/mmms/ros2-ws/install/pegasus_arm_description/share/pegasus_arm_description/srdf/pegasus_arm.srdf
[8.505s] -- Up-to-date: /home/mmms/ros2-ws/install/pegasus_arm_description/share/pegasus_arm_description/config
[8.506s] -- Installing: /home/mmms/ros2-ws/install/pegasus_arm_description/share/pegasus_arm_description/config/moveit.yaml
[8.506s] -- Installing: /home/mmms/ros2-ws/install/pegasus_arm_description/share/pegasus_arm_description/config/ros2_controllers.yaml
[8.506s] -- Installing: /home/mmms/ros2-ws/install/pegasus_arm_description/share/pegasus_arm_description/config/ompl_planning.yaml
[8.506s] -- Installing: /home/mmms/ros2-ws/install/pegasus_arm_description/share/pegasus_arm_description/config/moveit_planners.yaml
[8.507s] -- Installing: /home/mmms/ros2-ws/install/pegasus_arm_description/share/pegasus_arm_description/config/pegasus_commander_params.yaml
[8.507s] -- Installing: /home/mmms/ros2-ws/install/pegasus_arm_description/share/pegasus_arm_description/config/moveit_planning.yaml
[8.508s] -- Installing: /home/mmms/ros2-ws/install/pegasus_arm_description/share/pegasus_arm_description/config/pegasus_arm.srdf
[8.508s] -- Installing: /home/mmms/ros2-ws/install/pegasus_arm_description/share/pegasus_arm_description/config/moveit_controllers.yaml
[8.508s] -- Installing: /home/mmms/ros2-ws/install/pegasus_arm_description/share/pegasus_arm_description/config/ros2_controllers1.yaml
[8.509s] -- Installing: /home/mmms/ros2-ws/install/pegasus_arm_description/share/pegasus_arm_description/config/controllers.yaml
[8.509s] -- Installing: /home/mmms/ros2-ws/install/pegasus_arm_description/share/pegasus_arm_description/config/kinematics.yaml
[8.509s] -- Up-to-date: /home/mmms/ros2-ws/install/pegasus_arm_description/share/pegasus_arm_description/rviz
[8.510s] -- Installing: /home/mmms/ros2-ws/install/pegasus_arm_description/share/pegasus_arm_description/rviz/minimal.rviz
[8.510s] -- Installing: /home/mmms/ros2-ws/install/pegasus_arm_description/share/pegasus_arm_description/rviz/moveit.rviz
[8.510s] -- Up-to-date: /home/mmms/ros2-ws/install/pegasus_arm_description/share/pegasus_arm_description/launch
[8.510s] -- Installing: /home/mmms/ros2-ws/install/pegasus_arm_description/share/pegasus_arm_description/launch/demo.launch.py
[8.511s] -- Up-to-date: /home/mmms/ros2-ws/install/pegasus_arm_description/share/pegasus_arm_description/launch/install
[8.511s] -- Installing: /home/mmms/ros2-ws/install/pegasus_arm_description/share/pegasus_arm_description/launch/install/local_setup.bash
[8.511s] -- Installing: /home/mmms/ros2-ws/install/pegasus_arm_description/share/pegasus_arm_description/launch/install/setup.sh
[8.511s] -- Installing: /home/mmms/ros2-ws/install/pegasus_arm_description/share/pegasus_arm_description/launch/install/local_setup.ps1
[8.511s] -- Installing: /home/mmms/ros2-ws/install/pegasus_arm_description/share/pegasus_arm_description/launch/install/_local_setup_util_sh.py
[8.512s] -- Installing: /home/mmms/ros2-ws/install/pegasus_arm_description/share/pegasus_arm_description/launch/install/setup.bash
[8.512s] -- Installing: /home/mmms/ros2-ws/install/pegasus_arm_description/share/pegasus_arm_description/launch/install/.colcon_install_layout
[8.512s] -- Installing: /home/mmms/ros2-ws/install/pegasus_arm_description/share/pegasus_arm_description/launch/install/local_setup.sh
[8.513s] -- Installing: /home/mmms/ros2-ws/install/pegasus_arm_description/share/pegasus_arm_description/launch/install/COLCON_IGNORE
[8.513s] -- Installing: /home/mmms/ros2-ws/install/pegasus_arm_description/share/pegasus_arm_description/launch/install/setup.ps1
[8.513s] -- Installing: /home/mmms/ros2-ws/install/pegasus_arm_description/share/pegasus_arm_description/launch/install/setup.zsh
[8.514s] -- Installing: /home/mmms/ros2-ws/install/pegasus_arm_description/share/pegasus_arm_description/launch/install/local_setup.zsh
[8.514s] -- Installing: /home/mmms/ros2-ws/install/pegasus_arm_description/share/pegasus_arm_description/launch/install/_local_setup_util_ps1.py
[8.514s] -- Installing: /home/mmms/ros2-ws/install/pegasus_arm_description/share/pegasus_arm_description/launch/moveit_display_minimal.launch.py
[8.515s] -- Installing: /home/mmms/ros2-ws/install/pegasus_arm_description/share/pegasus_arm_description/launch/moveit_display.launch.py
[8.515s] -- Installing: /home/mmms/ros2-ws/install/pegasus_arm_description/share/pegasus_arm_description/launch/rsp.launch.py
[8.515s] -- Installing: /home/mmms/ros2-ws/install/pegasus_arm_description/share/pegasus_arm_description/launch/move_group.launch.py
[8.516s] -- Installing: /home/mmms/ros2-ws/install/pegasus_arm_description/share/pegasus_arm_description/launch/static_virtual_joint_tfs.launch.py
[8.516s] -- Up-to-date: /home/mmms/ros2-ws/install/pegasus_arm_description/share/pegasus_arm_description/launch/.vscode
[8.516s] -- Installing: /home/mmms/ros2-ws/install/pegasus_arm_description/share/pegasus_arm_description/launch/.vscode/c_cpp_properties.json
[8.516s] -- Installing: /home/mmms/ros2-ws/install/pegasus_arm_description/share/pegasus_arm_description/launch/.vscode/settings.json
[8.517s] -- Up-to-date: /home/mmms/ros2-ws/install/pegasus_arm_description/share/pegasus_arm_description/launch/log
[8.517s] -- Installing: /home/mmms/ros2-ws/install/pegasus_arm_description/share/pegasus_arm_description/launch/log/COLCON_IGNORE
[8.517s] -- Up-to-date: /home/mmms/ros2-ws/install/pegasus_arm_description/share/pegasus_arm_description/launch/log/latest
[8.517s] -- Up-to-date: /home/mmms/ros2-ws/install/pegasus_arm_description/share/pegasus_arm_description/launch/log/build_2025-05-07_15-53-01
[8.518s] -- Installing: /home/mmms/ros2-ws/install/pegasus_arm_description/share/pegasus_arm_description/launch/log/build_2025-05-07_15-53-01/events.log
[8.518s] -- Installing: /home/mmms/ros2-ws/install/pegasus_arm_description/share/pegasus_arm_description/launch/log/build_2025-05-07_15-53-01/logger_all.log
[8.518s] -- Up-to-date: /home/mmms/ros2-ws/install/pegasus_arm_description/share/pegasus_arm_description/launch/log/latest_build
[8.518s] -- Installing: /home/mmms/ros2-ws/install/pegasus_arm_description/share/pegasus_arm_description/launch/spawn_controllers.launch.py
[8.519s] -- Installing: /home/mmms/ros2-ws/install/pegasus_arm_description/share/pegasus_arm_description/launch/warehouse_db.launch.py
[8.520s] -- Installing: /home/mmms/ros2-ws/install/pegasus_arm_description/share/pegasus_arm_description/launch/moveit_rviz.launch.py
[8.521s] -- Installing: /home/mmms/ros2-ws/install/pegasus_arm_description/share/pegasus_arm_description/launch/setup_assistant.launch.py
[8.522s] -- Installing: /home/mmms/ros2-ws/install/pegasus_arm_description/share/pegasus_arm_description/launch/display.launch.py
[8.522s] -- Up-to-date: /home/mmms/ros2-ws/install/pegasus_arm_description/share/pegasus_arm_description/launch/build
[8.523s] -- Installing: /home/mmms/ros2-ws/install/pegasus_arm_description/share/pegasus_arm_description/launch/build/COLCON_IGNORE
[8.523s] -- Installing: /home/mmms/ros2-ws/install/pegasus_arm_description/share/pegasus_arm_description/launch/build/.built_by
[8.524s] -- Installing: /home/mmms/ros2-ws/install/pegasus_arm_description/share/ament_index/resource_index/package_run_dependencies/pegasus_arm_description
[8.525s] -- Installing: /home/mmms/ros2-ws/install/pegasus_arm_description/share/ament_index/resource_index/parent_prefix_path/pegasus_arm_description
[8.526s] -- Installing: /home/mmms/ros2-ws/install/pegasus_arm_description/share/pegasus_arm_description/environment/ament_prefix_path.sh
[8.527s] -- Installing: /home/mmms/ros2-ws/install/pegasus_arm_description/share/pegasus_arm_description/environment/ament_prefix_path.dsv
[8.527s] -- Installing: /home/mmms/ros2-ws/install/pegasus_arm_description/share/pegasus_arm_description/environment/path.sh
[8.527s] -- Installing: /home/mmms/ros2-ws/install/pegasus_arm_description/share/pegasus_arm_description/environment/path.dsv
[8.528s] -- Installing: /home/mmms/ros2-ws/install/pegasus_arm_description/share/pegasus_arm_description/local_setup.bash
[8.528s] -- Installing: /home/mmms/ros2-ws/install/pegasus_arm_description/share/pegasus_arm_description/local_setup.sh
[8.528s] -- Installing: /home/mmms/ros2-ws/install/pegasus_arm_description/share/pegasus_arm_description/local_setup.zsh
[8.529s] -- Installing: /home/mmms/ros2-ws/install/pegasus_arm_description/share/pegasus_arm_description/local_setup.dsv
[8.529s] -- Installing: /home/mmms/ros2-ws/install/pegasus_arm_description/share/pegasus_arm_description/package.dsv
[8.530s] -- Installing: /home/mmms/ros2-ws/install/pegasus_arm_description/share/ament_index/resource_index/packages/pegasus_arm_description
[8.531s] -- Installing: /home/mmms/ros2-ws/install/pegasus_arm_description/share/pegasus_arm_description/cmake/pegasus_arm_descriptionConfig.cmake
[8.532s] -- Installing: /home/mmms/ros2-ws/install/pegasus_arm_description/share/pegasus_arm_description/cmake/pegasus_arm_descriptionConfig-version.cmake
[8.533s] -- Installing: /home/mmms/ros2-ws/install/pegasus_arm_description/share/pegasus_arm_description/package.xml
[8.536s] Invoked command in '/home/mmms/ros2-ws/build/pegasus_arm_description' returned '0': CMAKE_PREFIX_PATH=${CMAKE_PREFIX_PATH}:/home/mmms/ros2-ws/install/pegasus_arm_commander:/opt/ros/jazzy DEBUGINFOD_URLS=https://debuginfod.ubuntu.com /usr/bin/cmake --install /home/mmms/ros2-ws/build/pegasus_arm_description
