[0.018s] Invoking command in '/home/mmms/ros2-ws/src/pegasus_arm_moveit/build/pegasus_arm_moveit': /usr/bin/cmake /home/mmms/ros2-ws/src/pegasus_arm_moveit -DCMAKE_INSTALL_PREFIX=/home/mmms/ros2-ws/src/pegasus_arm_moveit/install/pegasus_arm_moveit
[0.214s] -- The C compiler identification is GNU 11.4.0
[0.304s] -- The CXX compiler identification is GNU 11.4.0
[0.321s] -- Detecting C compiler ABI info
[0.436s] -- Detecting C compiler ABI info - done
[0.449s] -- Check for working C compiler: /usr/bin/cc - skipped
[0.449s] -- Detecting C compile features
[0.450s] -- Detecting C compile features - done
[0.454s] -- Detecting CXX compiler ABI info
[0.717s] -- Detecting CXX compiler ABI info - done
[0.733s] -- Check for working CXX compiler: /usr/bin/c++ - skipped
[0.734s] -- Detecting CXX compile features
[0.735s] -- Detecting CXX compile features - done
[0.739s] -- Found ament_cmake: 1.3.11 (/opt/ros/humble/share/ament_cmake/cmake)
[0.977s] -- Found Python3: /usr/bin/python3 (found version "3.10.12") found components: Interpreter 
[1.251s] [0mCMake Error: File /home/mmms/ros2-ws/src/pegasus_arm_moveit/package.xml does not exist.[0m
[1.251s] [31mCMake Error at /opt/ros/humble/share/ament_cmake_core/cmake/core/stamp.cmake:24 (configure_file):
[1.251s]   configure_file Problem configuring file
[1.251s] Call Stack (most recent call first):
[1.251s]   /opt/ros/humble/share/ament_cmake_core/cmake/core/ament_package_xml.cmake:73 (stamp)
[1.252s]   /opt/ros/humble/share/ament_cmake_core/cmake/core/ament_package_xml.cmake:49 (_ament_package_xml)
[1.252s]   /opt/ros/humble/share/ament_cmake_core/cmake/core/ament_package.cmake:63 (ament_package_xml)
[1.252s]   CMakeLists.txt:15 (ament_package)
[1.252s] 
[1.252s] [0m
[1.286s] -- Configuring incomplete, errors occurred!
[1.286s] See also "/home/mmms/ros2-ws/src/pegasus_arm_moveit/build/pegasus_arm_moveit/CMakeFiles/CMakeOutput.log".
[1.293s] Invoked command in '/home/mmms/ros2-ws/src/pegasus_arm_moveit/build/pegasus_arm_moveit' returned '1': /usr/bin/cmake /home/mmms/ros2-ws/src/pegasus_arm_moveit -DCMAKE_INSTALL_PREFIX=/home/mmms/ros2-ws/src/pegasus_arm_moveit/install/pegasus_arm_moveit
