[0.255s] Invoking command in '/home/mmms/ros2-ws/build/pegasus_assistant': CMAKE_PREFIX_PATH=/home/mmms/ros2-ws/install/pegasus_arm_description:/home/mmms/ros2-ws/install/pegasus_assistant:/home/mmms/ros2-ws/install/pegasus_arm_moveit_config:/opt/ros/jazzy/opt/sdformat_vendor:/opt/ros/jazzy/opt/gz_math_vendor:/opt/ros/jazzy/opt/gz_utils_vendor:/opt/ros/jazzy/opt/gz_tools_vendor:/opt/ros/jazzy/opt/gz_cmake_vendor:/home/mmms/ros2-ws/install/pegasus_arm_commander:/opt/ros/jazzy DEBUGINFOD_URLS=https://debuginfod.ubuntu.com /usr/bin/cmake --build /home/mmms/ros2-ws/build/pegasus_assistant -- -j4 -l4
[0.805s] Invoked command in '/home/mmms/ros2-ws/build/pegasus_assistant' returned '0': CMAKE_PREFIX_PATH=/home/mmms/ros2-ws/install/pegasus_arm_description:/home/mmms/ros2-ws/install/pegasus_assistant:/home/mmms/ros2-ws/install/pegasus_arm_moveit_config:/opt/ros/jazzy/opt/sdformat_vendor:/opt/ros/jazzy/opt/gz_math_vendor:/opt/ros/jazzy/opt/gz_utils_vendor:/opt/ros/jazzy/opt/gz_tools_vendor:/opt/ros/jazzy/opt/gz_cmake_vendor:/home/mmms/ros2-ws/install/pegasus_arm_commander:/opt/ros/jazzy DEBUGINFOD_URLS=https://debuginfod.ubuntu.com /usr/bin/cmake --build /home/mmms/ros2-ws/build/pegasus_assistant -- -j4 -l4
[0.930s] Invoking command in '/home/mmms/ros2-ws/build/pegasus_assistant': CMAKE_PREFIX_PATH=/home/mmms/ros2-ws/install/pegasus_arm_description:/home/mmms/ros2-ws/install/pegasus_assistant:/home/mmms/ros2-ws/install/pegasus_arm_moveit_config:/opt/ros/jazzy/opt/sdformat_vendor:/opt/ros/jazzy/opt/gz_math_vendor:/opt/ros/jazzy/opt/gz_utils_vendor:/opt/ros/jazzy/opt/gz_tools_vendor:/opt/ros/jazzy/opt/gz_cmake_vendor:/home/mmms/ros2-ws/install/pegasus_arm_commander:/opt/ros/jazzy DEBUGINFOD_URLS=https://debuginfod.ubuntu.com /usr/bin/cmake --install /home/mmms/ros2-ws/build/pegasus_assistant
[1.052s] -- Install configuration: ""
[1.055s] -- Up-to-date: /home/mmms/ros2-ws/install/pegasus_assistant/share/ament_index/resource_index/package_run_dependencies/pegasus_assistant
[1.062s] -- Up-to-date: /home/mmms/ros2-ws/install/pegasus_assistant/share/ament_index/resource_index/parent_prefix_path/pegasus_assistant
[1.062s] -- Up-to-date: /home/mmms/ros2-ws/install/pegasus_assistant/share/pegasus_assistant/environment/ament_prefix_path.sh
[1.063s] -- Up-to-date: /home/mmms/ros2-ws/install/pegasus_assistant/share/pegasus_assistant/environment/ament_prefix_path.dsv
[1.064s] -- Up-to-date: /home/mmms/ros2-ws/install/pegasus_assistant/share/pegasus_assistant/environment/path.sh
[1.065s] -- Up-to-date: /home/mmms/ros2-ws/install/pegasus_assistant/share/pegasus_assistant/environment/path.dsv
[1.065s] -- Up-to-date: /home/mmms/ros2-ws/install/pegasus_assistant/share/pegasus_assistant/local_setup.bash
[1.066s] -- Up-to-date: /home/mmms/ros2-ws/install/pegasus_assistant/share/pegasus_assistant/local_setup.sh
[1.066s] -- Up-to-date: /home/mmms/ros2-ws/install/pegasus_assistant/share/pegasus_assistant/local_setup.zsh
[1.066s] -- Up-to-date: /home/mmms/ros2-ws/install/pegasus_assistant/share/pegasus_assistant/local_setup.dsv
[1.074s] -- Installing: /home/mmms/ros2-ws/install/pegasus_assistant/share/pegasus_assistant/package.dsv
[1.079s] -- Up-to-date: /home/mmms/ros2-ws/install/pegasus_assistant/share/ament_index/resource_index/packages/pegasus_assistant
[1.079s] -- Up-to-date: /home/mmms/ros2-ws/install/pegasus_assistant/share/pegasus_assistant/cmake/pegasus_assistantConfig.cmake
[1.099s] -- Up-to-date: /home/mmms/ros2-ws/install/pegasus_assistant/share/pegasus_assistant/cmake/pegasus_assistantConfig-version.cmake
[1.100s] -- Up-to-date: /home/mmms/ros2-ws/install/pegasus_assistant/share/pegasus_assistant/package.xml
[1.100s] -- Up-to-date: /home/mmms/ros2-ws/install/pegasus_assistant/share/pegasus_assistant/launch
[1.101s] -- Up-to-date: /home/mmms/ros2-ws/install/pegasus_assistant/share/pegasus_assistant/launch/demo.launch.py
[1.101s] -- Up-to-date: /home/mmms/ros2-ws/install/pegasus_assistant/share/pegasus_assistant/launch/rsp.launch.py
[1.101s] -- Up-to-date: /home/mmms/ros2-ws/install/pegasus_assistant/share/pegasus_assistant/launch/move_group.launch.py
[1.103s] -- Up-to-date: /home/mmms/ros2-ws/install/pegasus_assistant/share/pegasus_assistant/launch/static_virtual_joint_tfs.launch.py
[1.104s] -- Up-to-date: /home/mmms/ros2-ws/install/pegasus_assistant/share/pegasus_assistant/launch/spawn_controllers.launch.py
[1.104s] -- Up-to-date: /home/mmms/ros2-ws/install/pegasus_assistant/share/pegasus_assistant/launch/warehouse_db.launch.py
[1.126s] -- Up-to-date: /home/mmms/ros2-ws/install/pegasus_assistant/share/pegasus_assistant/launch/moveit_rviz.launch.py
[1.128s] -- Up-to-date: /home/mmms/ros2-ws/install/pegasus_assistant/share/pegasus_assistant/launch/setup_assistant.launch.py
[1.129s] -- Up-to-date: /home/mmms/ros2-ws/install/pegasus_assistant/share/pegasus_assistant/config
[1.136s] -- Installing: /home/mmms/ros2-ws/install/pegasus_assistant/share/pegasus_assistant/config/ros2_controllers.yaml
[1.137s] -- Up-to-date: /home/mmms/ros2-ws/install/pegasus_assistant/share/pegasus_assistant/config/pilz_cartesian_limits.yaml
[1.137s] -- Installing: /home/mmms/ros2-ws/install/pegasus_assistant/share/pegasus_assistant/config/initial_positions.yaml
[1.138s] -- Up-to-date: /home/mmms/ros2-ws/install/pegasus_assistant/share/pegasus_assistant/config/pegasus.urdf.xacro
[1.148s] -- Installing: /home/mmms/ros2-ws/install/pegasus_assistant/share/pegasus_assistant/config/moveit_controllers.yaml
[1.149s] -- Up-to-date: /home/mmms/ros2-ws/install/pegasus_assistant/share/pegasus_assistant/config/joint_limits.yaml
[1.151s] -- Up-to-date: /home/mmms/ros2-ws/install/pegasus_assistant/share/pegasus_assistant/config/pegasus.ros2_control.xacro
[1.151s] -- Up-to-date: /home/mmms/ros2-ws/install/pegasus_assistant/share/pegasus_assistant/config/pegasus.srdf
[1.151s] -- Up-to-date: /home/mmms/ros2-ws/install/pegasus_assistant/share/pegasus_assistant/config/kinematics.yaml
[1.152s] -- Up-to-date: /home/mmms/ros2-ws/install/pegasus_assistant/share/pegasus_assistant/config/moveit.rviz
[1.152s] -- Up-to-date: /home/mmms/ros2-ws/install/pegasus_assistant/share/pegasus_assistant/.setup_assistant
[1.153s] Invoked command in '/home/mmms/ros2-ws/build/pegasus_assistant' returned '0': CMAKE_PREFIX_PATH=/home/mmms/ros2-ws/install/pegasus_arm_description:/home/mmms/ros2-ws/install/pegasus_assistant:/home/mmms/ros2-ws/install/pegasus_arm_moveit_config:/opt/ros/jazzy/opt/sdformat_vendor:/opt/ros/jazzy/opt/gz_math_vendor:/opt/ros/jazzy/opt/gz_utils_vendor:/opt/ros/jazzy/opt/gz_tools_vendor:/opt/ros/jazzy/opt/gz_cmake_vendor:/home/mmms/ros2-ws/install/pegasus_arm_commander:/opt/ros/jazzy DEBUGINFOD_URLS=https://debuginfod.ubuntu.com /usr/bin/cmake --install /home/mmms/ros2-ws/build/pegasus_assistant
