[0.068s] Invoking command in '/home/mmms/ros2-ws/Sim/build/pegasus_arm_description': CMAKE_PREFIX_PATH=${CMAKE_PREFIX_PATH}:/opt/ros/humble /usr/bin/cmake /home/mmms/ros2-ws/Sim/pegasus_arm_description -DCMAKE_INSTALL_PREFIX=/home/mmms/ros2-ws/Sim/install/pegasus_arm_description
[0.973s] -- The C compiler identification is GNU 11.4.0
[1.538s] -- The CXX compiler identification is GNU 11.4.0
[1.657s] -- Detecting C compiler ABI info
[1.883s] -- Detecting C compiler ABI info - done
[1.894s] -- Check for working C compiler: /usr/bin/cc - skipped
[1.895s] -- Detecting C compile features
[1.923s] -- Detecting C compile features - done
[1.943s] -- Detecting CXX compiler ABI info
[2.128s] -- Detecting CXX compiler ABI info - done
[2.146s] -- Check for working CXX compiler: /usr/bin/c++ - skipped
[2.147s] -- Detecting CXX compile features
[2.149s] -- Detecting CXX compile features - done
[2.267s] -- Found ament_cmake: 1.3.11 (/opt/ros/humble/share/ament_cmake/cmake)
[2.709s] -- Found Python3: /usr/bin/python3 (found version "3.10.12") found components: Interpreter 
[3.010s] -- Found urdf: 2.6.1 (/opt/ros/humble/share/urdf/cmake)
[3.506s] -- Found rviz2: 11.2.16 (/opt/ros/humble/share/rviz2/cmake)
[3.539s] -- Found ament_lint_auto: 0.12.11 (/opt/ros/humble/share/ament_lint_auto/cmake)
[3.875s] -- Added test 'flake8' to check Python code syntax and style conventions
[3.880s] -- Added test 'lint_cmake' to check CMake code style
[3.884s] -- Added test 'pep257' to check Python code against some of the docstring style conventions in PEP 257
[3.891s] -- Added test 'xmllint' to check XML markup files
[3.900s] -- Configuring done
[3.913s] -- Generating done
[3.921s] -- Build files have been written to: /home/mmms/ros2-ws/Sim/build/pegasus_arm_description
[3.942s] Invoked command in '/home/mmms/ros2-ws/Sim/build/pegasus_arm_description' returned '0': CMAKE_PREFIX_PATH=${CMAKE_PREFIX_PATH}:/opt/ros/humble /usr/bin/cmake /home/mmms/ros2-ws/Sim/pegasus_arm_description -DCMAKE_INSTALL_PREFIX=/home/mmms/ros2-ws/Sim/install/pegasus_arm_description
[3.947s] Invoking command in '/home/mmms/ros2-ws/Sim/build/pegasus_arm_description': CMAKE_PREFIX_PATH=${CMAKE_PREFIX_PATH}:/opt/ros/humble /usr/bin/cmake --build /home/mmms/ros2-ws/Sim/build/pegasus_arm_description -- -j4 -l4
[4.000s] Invoked command in '/home/mmms/ros2-ws/Sim/build/pegasus_arm_description' returned '0': CMAKE_PREFIX_PATH=${CMAKE_PREFIX_PATH}:/opt/ros/humble /usr/bin/cmake --build /home/mmms/ros2-ws/Sim/build/pegasus_arm_description -- -j4 -l4
[4.015s] Invoking command in '/home/mmms/ros2-ws/Sim/build/pegasus_arm_description': CMAKE_PREFIX_PATH=${CMAKE_PREFIX_PATH}:/opt/ros/humble /usr/bin/cmake --install /home/mmms/ros2-ws/Sim/build/pegasus_arm_description
[4.027s] -- Install configuration: ""
[4.027s] -- Installing: /home/mmms/ros2-ws/Sim/install/pegasus_arm_description/share/ament_index/resource_index/package_run_dependencies/pegasus_arm_description
[4.027s] -- Installing: /home/mmms/ros2-ws/Sim/install/pegasus_arm_description/share/ament_index/resource_index/parent_prefix_path/pegasus_arm_description
[4.028s] -- Installing: /home/mmms/ros2-ws/Sim/install/pegasus_arm_description/share/pegasus_arm_description/environment/ament_prefix_path.sh
[4.028s] -- Installing: /home/mmms/ros2-ws/Sim/install/pegasus_arm_description/share/pegasus_arm_description/environment/ament_prefix_path.dsv
[4.028s] -- Installing: /home/mmms/ros2-ws/Sim/install/pegasus_arm_description/share/pegasus_arm_description/environment/path.sh
[4.028s] -- Installing: /home/mmms/ros2-ws/Sim/install/pegasus_arm_description/share/pegasus_arm_description/environment/path.dsv
[4.029s] -- Installing: /home/mmms/ros2-ws/Sim/install/pegasus_arm_description/share/pegasus_arm_description/local_setup.bash
[4.029s] -- Installing: /home/mmms/ros2-ws/Sim/install/pegasus_arm_description/share/pegasus_arm_description/local_setup.sh
[4.029s] -- Installing: /home/mmms/ros2-ws/Sim/install/pegasus_arm_description/share/pegasus_arm_description/local_setup.zsh
[4.029s] -- Installing: /home/mmms/ros2-ws/Sim/install/pegasus_arm_description/share/pegasus_arm_description/local_setup.dsv
[4.030s] -- Installing: /home/mmms/ros2-ws/Sim/install/pegasus_arm_description/share/pegasus_arm_description/package.dsv
[4.030s] -- Installing: /home/mmms/ros2-ws/Sim/install/pegasus_arm_description/share/ament_index/resource_index/packages/pegasus_arm_description
[4.030s] -- Installing: /home/mmms/ros2-ws/Sim/install/pegasus_arm_description/share/pegasus_arm_description/cmake/pegasus_arm_descriptionConfig.cmake
[4.030s] -- Installing: /home/mmms/ros2-ws/Sim/install/pegasus_arm_description/share/pegasus_arm_description/cmake/pegasus_arm_descriptionConfig-version.cmake
[4.030s] -- Installing: /home/mmms/ros2-ws/Sim/install/pegasus_arm_description/share/pegasus_arm_description/package.xml
[4.034s] Invoked command in '/home/mmms/ros2-ws/Sim/build/pegasus_arm_description' returned '0': CMAKE_PREFIX_PATH=${CMAKE_PREFIX_PATH}:/opt/ros/humble /usr/bin/cmake --install /home/mmms/ros2-ws/Sim/build/pegasus_arm_description
