[0.154s] Invoking command in '/home/mmms/ros2-ws/build/pegasus_arm_description': CMAKE_PREFIX_PATH=${CMAKE_PREFIX_PATH}:/opt/ros/humble /usr/bin/cmake --build /home/mmms/ros2-ws/build/pegasus_arm_description -- -j4 -l4
[0.252s] Invoked command in '/home/mmms/ros2-ws/build/pegasus_arm_description' returned '0': CMAKE_PREFIX_PATH=${CMAKE_PREFIX_PATH}:/opt/ros/humble /usr/bin/cmake --build /home/mmms/ros2-ws/build/pegasus_arm_description -- -j4 -l4
[0.254s] Invoking command in '/home/mmms/ros2-ws/build/pegasus_arm_description': CMAKE_PREFIX_PATH=${CMAKE_PREFIX_PATH}:/opt/ros/humble /usr/bin/cmake --install /home/mmms/ros2-ws/build/pegasus_arm_description
[0.267s] -- Install configuration: ""
[0.267s] -- Up-to-date: /home/mmms/ros2-ws/install/pegasus_arm_description/share/pegasus_arm_description/URDF
[0.267s] -- Up-to-date: /home/mmms/ros2-ws/install/pegasus_arm_description/share/pegasus_arm_description/URDF/.vscode
[0.290s] -- Up-to-date: /home/mmms/ros2-ws/install/pegasus_arm_description/share/pegasus_arm_description/URDF/.vscode/c_cpp_properties.json
[0.291s] -- Up-to-date: /home/mmms/ros2-ws/install/pegasus_arm_description/share/pegasus_arm_description/URDF/.vscode/settings.json
[0.291s] -- Up-to-date: /home/mmms/ros2-ws/install/pegasus_arm_description/share/pegasus_arm_description/URDF/my_robot.urdf
[0.291s] -- Up-to-date: /home/mmms/ros2-ws/install/pegasus_arm_description/share/pegasus_arm_description/launch
[0.291s] -- Up-to-date: /home/mmms/ros2-ws/install/pegasus_arm_description/share/pegasus_arm_description/launch/moveit_display.launch.py
[0.291s] -- Up-to-date: /home/mmms/ros2-ws/install/pegasus_arm_description/share/pegasus_arm_description/launch/.vscode
[0.292s] -- Up-to-date: /home/mmms/ros2-ws/install/pegasus_arm_description/share/pegasus_arm_description/launch/.vscode/c_cpp_properties.json
[0.292s] -- Up-to-date: /home/mmms/ros2-ws/install/pegasus_arm_description/share/pegasus_arm_description/launch/.vscode/settings.json
[0.293s] -- Up-to-date: /home/mmms/ros2-ws/install/pegasus_arm_description/share/pegasus_arm_description/launch/display.launch.py
[0.293s] -- Up-to-date: /home/mmms/ros2-ws/install/pegasus_arm_description/share/pegasus_arm_description/rviz
[0.293s] -- Up-to-date: /home/mmms/ros2-ws/install/pegasus_arm_description/share/pegasus_arm_description/rviz/display.rviz
[0.293s] -- Installing: /home/mmms/ros2-ws/install/pegasus_arm_description/lib/pegasus_arm_description/pegasus_commander.py
[0.294s] -- Up-to-date: /home/mmms/ros2-ws/install/pegasus_arm_description/share/ament_index/resource_index/package_run_dependencies/pegasus_arm_description
[0.294s] -- Up-to-date: /home/mmms/ros2-ws/install/pegasus_arm_description/share/ament_index/resource_index/parent_prefix_path/pegasus_arm_description
[0.294s] -- Up-to-date: /home/mmms/ros2-ws/install/pegasus_arm_description/share/pegasus_arm_description/environment/ament_prefix_path.sh
[0.294s] -- Up-to-date: /home/mmms/ros2-ws/install/pegasus_arm_description/share/pegasus_arm_description/environment/ament_prefix_path.dsv
[0.294s] -- Up-to-date: /home/mmms/ros2-ws/install/pegasus_arm_description/share/pegasus_arm_description/environment/path.sh
[0.294s] -- Up-to-date: /home/mmms/ros2-ws/install/pegasus_arm_description/share/pegasus_arm_description/environment/path.dsv
[0.294s] -- Up-to-date: /home/mmms/ros2-ws/install/pegasus_arm_description/share/pegasus_arm_description/local_setup.bash
[0.294s] -- Up-to-date: /home/mmms/ros2-ws/install/pegasus_arm_description/share/pegasus_arm_description/local_setup.sh
[0.294s] -- Up-to-date: /home/mmms/ros2-ws/install/pegasus_arm_description/share/pegasus_arm_description/local_setup.zsh
[0.294s] -- Up-to-date: /home/mmms/ros2-ws/install/pegasus_arm_description/share/pegasus_arm_description/local_setup.dsv
[0.295s] -- Installing: /home/mmms/ros2-ws/install/pegasus_arm_description/share/pegasus_arm_description/package.dsv
[0.318s] -- Up-to-date: /home/mmms/ros2-ws/install/pegasus_arm_description/share/ament_index/resource_index/packages/pegasus_arm_description
[0.318s] -- Up-to-date: /home/mmms/ros2-ws/install/pegasus_arm_description/share/pegasus_arm_description/cmake/pegasus_arm_descriptionConfig.cmake
[0.319s] -- Up-to-date: /home/mmms/ros2-ws/install/pegasus_arm_description/share/pegasus_arm_description/cmake/pegasus_arm_descriptionConfig-version.cmake
[0.319s] -- Up-to-date: /home/mmms/ros2-ws/install/pegasus_arm_description/share/pegasus_arm_description/package.xml
[0.319s] Invoked command in '/home/mmms/ros2-ws/build/pegasus_arm_description' returned '0': CMAKE_PREFIX_PATH=${CMAKE_PREFIX_PATH}:/opt/ros/humble /usr/bin/cmake --install /home/mmms/ros2-ws/build/pegasus_arm_description
