[0.036s] Invoking command in '/home/mmms/ros2-ws/src/pegasus_arm_description/build/pegasus_arm_description': CMAKE_PREFIX_PATH=${CMAKE_PREFIX_PATH}:/opt/ros/jazzy DEBUGINFOD_URLS=https://debuginfod.ubuntu.com /usr/bin/cmake /home/mmms/ros2-ws/src/pegasus_arm_description -DCMAKE_INSTALL_PREFIX=/home/mmms/ros2-ws/src/pegasus_arm_description/install/pegasus_arm_description
[0.177s] -- The C compiler identification is GNU 13.3.0
[0.303s] -- The CXX compiler identification is GNU 13.3.0
[0.338s] -- Detecting C compiler ABI info
[0.474s] -- Detecting C compiler ABI info - done
[0.495s] -- Check for working C compiler: /usr/bin/cc - skipped
[0.496s] -- Detecting C compile features
[0.496s] -- Detecting C compile features - done
[0.514s] -- Detecting CXX compiler ABI info
[0.662s] -- Detecting CXX compiler ABI info - done
[0.680s] -- Check for working CXX compiler: /usr/bin/c++ - skipped
[0.680s] -- Detecting CXX compile features
[0.681s] -- Detecting CXX compile features - done
[0.737s] -- Found ament_cmake: 2.5.4 (/opt/ros/jazzy/share/ament_cmake/cmake)
[0.984s] -- Found Python3: /usr/bin/python3 (found version "3.12.3") found components: Interpreter 
[1.180s] -- Found rclcpp: 28.1.9 (/opt/ros/jazzy/share/rclcpp/cmake)
[1.249s] -- Found rosidl_generator_c: 4.6.5 (/opt/ros/jazzy/share/rosidl_generator_c/cmake)
[1.275s] -- Found rosidl_generator_cpp: 4.6.5 (/opt/ros/jazzy/share/rosidl_generator_cpp/cmake)
[1.318s] -- Using all available rosidl_typesupport_c: rosidl_typesupport_fastrtps_c;rosidl_typesupport_introspection_c
[1.351s] -- Using all available rosidl_typesupport_cpp: rosidl_typesupport_fastrtps_cpp;rosidl_typesupport_introspection_cpp
[1.492s] -- Found rmw_implementation_cmake: 7.3.2 (/opt/ros/jazzy/share/rmw_implementation_cmake/cmake)
[1.498s] -- Found rmw_fastrtps_cpp: 8.4.2 (/opt/ros/jazzy/share/rmw_fastrtps_cpp/cmake)
[1.652s] -- Found OpenSSL: /usr/lib/x86_64-linux-gnu/libcrypto.so (found version "3.0.13")  
[1.688s] -- Found FastRTPS: /opt/ros/jazzy/include (Required is at least version "2.13") 
[1.729s] -- Using RMW implementation 'rmw_fastrtps_cpp' as default
[1.864s] -- Found moveit_ros_planning_interface: 2.12.3 (/opt/ros/jazzy/share/moveit_ros_planning_interface/cmake)
[2.054s] -- Found Boost: /usr/lib/x86_64-linux-gnu/cmake/Boost-1.83.0/BoostConfig.cmake (found version "1.83.0") found components: date_time filesystem program_options system thread 
[2.583s] -- Found Boost: /usr/lib/x86_64-linux-gnu/cmake/Boost-1.83.0/BoostConfig.cmake (found version "1.83.0") found components: chrono date_time filesystem iostreams program_options regex serialization system thread 
[2.692s] -- Found parameter_traits: 0.4.0 (/opt/ros/jazzy/share/parameter_traits/cmake)
[2.714s] -- Found rclcpp_lifecycle: 28.1.9 (/opt/ros/jazzy/share/rclcpp_lifecycle/cmake)
[2.780s] -- Found Boost: /usr/lib/x86_64-linux-gnu/cmake/Boost-1.83.0/BoostConfig.cmake (found version "1.83.0") found components: filesystem 
[2.896s] -- Found Eigen3: TRUE (found version "3.4.0") 
[2.896s] -- Ensuring Eigen3 include directory is part of orocos-kdl CMake target
[3.186s] -- Found Boost: /usr/lib/x86_64-linux-gnu/cmake/Boost-1.83.0/BoostConfig.cmake (found version "1.83.0") found components: system filesystem date_time program_options thread chrono 
[3.278s] -- Found Boost: /usr/lib/x86_64-linux-gnu/cmake/Boost-1.83.0/BoostConfig.cmake (found version "1.83.0") found components: thread system filesystem regex date_time program_options 
[3.328s] -- Found Boost: /usr/lib/x86_64-linux-gnu/cmake/Boost-1.83.0/BoostConfig.cmake (found version "1.83.0") found components: system filesystem date_time program_options thread 
[3.400s] -- Found robot_state_publisher: 3.3.3 (/opt/ros/jazzy/share/robot_state_publisher/cmake)
[3.419s] -- Found controller_manager: 4.29.0 (/opt/ros/jazzy/share/controller_manager/cmake)
[3.743s] -- Found xacro: 2.0.13 (/opt/ros/jazzy/share/xacro/cmake)
[3.902s] -- Configuring done (3.8s)
[3.915s] -- Generating done (0.0s)
[3.920s] -- Build files have been written to: /home/mmms/ros2-ws/src/pegasus_arm_description/build/pegasus_arm_description
[3.944s] Invoked command in '/home/mmms/ros2-ws/src/pegasus_arm_description/build/pegasus_arm_description' returned '0': CMAKE_PREFIX_PATH=${CMAKE_PREFIX_PATH}:/opt/ros/jazzy DEBUGINFOD_URLS=https://debuginfod.ubuntu.com /usr/bin/cmake /home/mmms/ros2-ws/src/pegasus_arm_description -DCMAKE_INSTALL_PREFIX=/home/mmms/ros2-ws/src/pegasus_arm_description/install/pegasus_arm_description
[3.946s] Invoking command in '/home/mmms/ros2-ws/src/pegasus_arm_description/build/pegasus_arm_description': CMAKE_PREFIX_PATH=${CMAKE_PREFIX_PATH}:/opt/ros/jazzy DEBUGINFOD_URLS=https://debuginfod.ubuntu.com /usr/bin/cmake --build /home/mmms/ros2-ws/src/pegasus_arm_description/build/pegasus_arm_description -- -j4 -l4
[4.021s] Invoked command in '/home/mmms/ros2-ws/src/pegasus_arm_description/build/pegasus_arm_description' returned '0': CMAKE_PREFIX_PATH=${CMAKE_PREFIX_PATH}:/opt/ros/jazzy DEBUGINFOD_URLS=https://debuginfod.ubuntu.com /usr/bin/cmake --build /home/mmms/ros2-ws/src/pegasus_arm_description/build/pegasus_arm_description -- -j4 -l4
[4.036s] Invoking command in '/home/mmms/ros2-ws/src/pegasus_arm_description/build/pegasus_arm_description': CMAKE_PREFIX_PATH=${CMAKE_PREFIX_PATH}:/opt/ros/jazzy DEBUGINFOD_URLS=https://debuginfod.ubuntu.com /usr/bin/cmake --install /home/mmms/ros2-ws/src/pegasus_arm_description/build/pegasus_arm_description
[4.048s] -- Install configuration: ""
[4.048s] -- Installing: /home/mmms/ros2-ws/src/pegasus_arm_description/install/pegasus_arm_description/share/pegasus_arm_description/urdf
[4.049s] -- Installing: /home/mmms/ros2-ws/src/pegasus_arm_description/install/pegasus_arm_description/share/pegasus_arm_description/urdf/pegasus_arm.urdf.xacro
[4.064s] -- Installing: /home/mmms/ros2-ws/src/pegasus_arm_description/install/pegasus_arm_description/share/pegasus_arm_description/urdf/pegasus_arm.ros2_control.xacro
[4.077s] -- Installing: /home/mmms/ros2-ws/src/pegasus_arm_description/install/pegasus_arm_description/share/pegasus_arm_description/URDF
[4.078s] -- Installing: /home/mmms/ros2-ws/src/pegasus_arm_description/install/pegasus_arm_description/share/pegasus_arm_description/URDF/pegasus_arm_new.urdf.xacro
[4.079s] -- Installing: /home/mmms/ros2-ws/src/pegasus_arm_description/install/pegasus_arm_description/share/pegasus_arm_description/URDF/pegasus_arm.urdf.xacro
[4.079s] -- Installing: /home/mmms/ros2-ws/src/pegasus_arm_description/install/pegasus_arm_description/share/pegasus_arm_description/URDF/.vscode
[4.095s] -- Installing: /home/mmms/ros2-ws/src/pegasus_arm_description/install/pegasus_arm_description/share/pegasus_arm_description/URDF/.vscode/c_cpp_properties.json
[4.103s] -- Installing: /home/mmms/ros2-ws/src/pegasus_arm_description/install/pegasus_arm_description/share/pegasus_arm_description/URDF/.vscode/settings.json
[4.104s] -- Installing: /home/mmms/ros2-ws/src/pegasus_arm_description/install/pegasus_arm_description/share/pegasus_arm_description/URDF/my_robot.urdf
[4.104s] -- Installing: /home/mmms/ros2-ws/src/pegasus_arm_description/install/pegasus_arm_description/share/pegasus_arm_description/srdf
[4.104s] -- Installing: /home/mmms/ros2-ws/src/pegasus_arm_description/install/pegasus_arm_description/share/pegasus_arm_description/srdf/pegasus_arm.srdf
[4.105s] -- Installing: /home/mmms/ros2-ws/src/pegasus_arm_description/install/pegasus_arm_description/share/pegasus_arm_description/config
[4.105s] -- Installing: /home/mmms/ros2-ws/src/pegasus_arm_description/install/pegasus_arm_description/share/pegasus_arm_description/config/ros2_controllers.yaml
[4.106s] -- Installing: /home/mmms/ros2-ws/src/pegasus_arm_description/install/pegasus_arm_description/share/pegasus_arm_description/config/ompl_planning.yaml
[4.106s] -- Installing: /home/mmms/ros2-ws/src/pegasus_arm_description/install/pegasus_arm_description/share/pegasus_arm_description/config/moveit_planners.yaml
[4.107s] -- Installing: /home/mmms/ros2-ws/src/pegasus_arm_description/install/pegasus_arm_description/share/pegasus_arm_description/config/pegasus_commander_params.yaml
[4.107s] -- Installing: /home/mmms/ros2-ws/src/pegasus_arm_description/install/pegasus_arm_description/share/pegasus_arm_description/config/pegasus_arm.srdf
[4.108s] -- Installing: /home/mmms/ros2-ws/src/pegasus_arm_description/install/pegasus_arm_description/share/pegasus_arm_description/config/controllers.yaml
[4.108s] -- Installing: /home/mmms/ros2-ws/src/pegasus_arm_description/install/pegasus_arm_description/share/pegasus_arm_description/config/kinematics.yaml
[4.108s] -- Installing: /home/mmms/ros2-ws/src/pegasus_arm_description/install/pegasus_arm_description/share/pegasus_arm_description/rviz
[4.109s] -- Installing: /home/mmms/ros2-ws/src/pegasus_arm_description/install/pegasus_arm_description/share/pegasus_arm_description/rviz/minimal.rviz
[4.109s] -- Installing: /home/mmms/ros2-ws/src/pegasus_arm_description/install/pegasus_arm_description/share/pegasus_arm_description/rviz/moveit.rviz
[4.113s] -- Installing: /home/mmms/ros2-ws/src/pegasus_arm_description/install/pegasus_arm_description/share/pegasus_arm_description/launch
[4.113s] -- Installing: /home/mmms/ros2-ws/src/pegasus_arm_description/install/pegasus_arm_description/share/pegasus_arm_description/launch/demo.launch.py
[4.114s] -- Installing: /home/mmms/ros2-ws/src/pegasus_arm_description/install/pegasus_arm_description/share/pegasus_arm_description/launch/install
[4.115s] -- Installing: /home/mmms/ros2-ws/src/pegasus_arm_description/install/pegasus_arm_description/share/pegasus_arm_description/launch/install/local_setup.bash
[4.127s] -- Installing: /home/mmms/ros2-ws/src/pegasus_arm_description/install/pegasus_arm_description/share/pegasus_arm_description/launch/install/setup.sh
[4.127s] -- Installing: /home/mmms/ros2-ws/src/pegasus_arm_description/install/pegasus_arm_description/share/pegasus_arm_description/launch/install/local_setup.ps1
[4.132s] -- Installing: /home/mmms/ros2-ws/src/pegasus_arm_description/install/pegasus_arm_description/share/pegasus_arm_description/launch/install/_local_setup_util_sh.py
[4.134s] -- Installing: /home/mmms/ros2-ws/src/pegasus_arm_description/install/pegasus_arm_description/share/pegasus_arm_description/launch/install/setup.bash
[4.135s] -- Installing: /home/mmms/ros2-ws/src/pegasus_arm_description/install/pegasus_arm_description/share/pegasus_arm_description/launch/install/.colcon_install_layout
[4.136s] -- Installing: /home/mmms/ros2-ws/src/pegasus_arm_description/install/pegasus_arm_description/share/pegasus_arm_description/launch/install/local_setup.sh
[4.136s] -- Installing: /home/mmms/ros2-ws/src/pegasus_arm_description/install/pegasus_arm_description/share/pegasus_arm_description/launch/install/COLCON_IGNORE
[4.136s] -- Installing: /home/mmms/ros2-ws/src/pegasus_arm_description/install/pegasus_arm_description/share/pegasus_arm_description/launch/install/setup.ps1
[4.137s] -- Installing: /home/mmms/ros2-ws/src/pegasus_arm_description/install/pegasus_arm_description/share/pegasus_arm_description/launch/install/setup.zsh
[4.138s] -- Installing: /home/mmms/ros2-ws/src/pegasus_arm_description/install/pegasus_arm_description/share/pegasus_arm_description/launch/install/local_setup.zsh
[4.138s] -- Installing: /home/mmms/ros2-ws/src/pegasus_arm_description/install/pegasus_arm_description/share/pegasus_arm_description/launch/install/_local_setup_util_ps1.py
[4.138s] -- Installing: /home/mmms/ros2-ws/src/pegasus_arm_description/install/pegasus_arm_description/share/pegasus_arm_description/launch/moveit_display_minimal.launch.py
[4.139s] -- Installing: /home/mmms/ros2-ws/src/pegasus_arm_description/install/pegasus_arm_description/share/pegasus_arm_description/launch/moveit_display.launch.py
[4.139s] -- Installing: /home/mmms/ros2-ws/src/pegasus_arm_description/install/pegasus_arm_description/share/pegasus_arm_description/launch/rsp.launch.py
[4.140s] -- Installing: /home/mmms/ros2-ws/src/pegasus_arm_description/install/pegasus_arm_description/share/pegasus_arm_description/launch/move_group.launch.py
[4.140s] -- Installing: /home/mmms/ros2-ws/src/pegasus_arm_description/install/pegasus_arm_description/share/pegasus_arm_description/launch/static_virtual_joint_tfs.launch.py
[4.140s] -- Installing: /home/mmms/ros2-ws/src/pegasus_arm_description/install/pegasus_arm_description/share/pegasus_arm_description/launch/.vscode
[4.141s] -- Installing: /home/mmms/ros2-ws/src/pegasus_arm_description/install/pegasus_arm_description/share/pegasus_arm_description/launch/.vscode/c_cpp_properties.json
[4.141s] -- Installing: /home/mmms/ros2-ws/src/pegasus_arm_description/install/pegasus_arm_description/share/pegasus_arm_description/launch/.vscode/settings.json
[4.141s] -- Installing: /home/mmms/ros2-ws/src/pegasus_arm_description/install/pegasus_arm_description/share/pegasus_arm_description/launch/log
[4.142s] -- Installing: /home/mmms/ros2-ws/src/pegasus_arm_description/install/pegasus_arm_description/share/pegasus_arm_description/launch/log/COLCON_IGNORE
[4.142s] -- Installing: /home/mmms/ros2-ws/src/pegasus_arm_description/install/pegasus_arm_description/share/pegasus_arm_description/launch/log/latest
[4.142s] -- Installing: /home/mmms/ros2-ws/src/pegasus_arm_description/install/pegasus_arm_description/share/pegasus_arm_description/launch/log/build_2025-05-07_15-53-01
[4.142s] -- Installing: /home/mmms/ros2-ws/src/pegasus_arm_description/install/pegasus_arm_description/share/pegasus_arm_description/launch/log/build_2025-05-07_15-53-01/events.log
[4.157s] -- Installing: /home/mmms/ros2-ws/src/pegasus_arm_description/install/pegasus_arm_description/share/pegasus_arm_description/launch/log/build_2025-05-07_15-53-01/logger_all.log
[4.158s] -- Installing: /home/mmms/ros2-ws/src/pegasus_arm_description/install/pegasus_arm_description/share/pegasus_arm_description/launch/log/latest_build
[4.158s] -- Installing: /home/mmms/ros2-ws/src/pegasus_arm_description/install/pegasus_arm_description/share/pegasus_arm_description/launch/spawn_controllers.launch.py
[4.158s] -- Installing: /home/mmms/ros2-ws/src/pegasus_arm_description/install/pegasus_arm_description/share/pegasus_arm_description/launch/warehouse_db.launch.py
[4.159s] -- Installing: /home/mmms/ros2-ws/src/pegasus_arm_description/install/pegasus_arm_description/share/pegasus_arm_description/launch/moveit_rviz.launch.py
[4.159s] -- Installing: /home/mmms/ros2-ws/src/pegasus_arm_description/install/pegasus_arm_description/share/pegasus_arm_description/launch/setup_assistant.launch.py
[4.159s] -- Installing: /home/mmms/ros2-ws/src/pegasus_arm_description/install/pegasus_arm_description/share/pegasus_arm_description/launch/display.launch.py
[4.159s] -- Installing: /home/mmms/ros2-ws/src/pegasus_arm_description/install/pegasus_arm_description/share/pegasus_arm_description/launch/build
[4.160s] -- Installing: /home/mmms/ros2-ws/src/pegasus_arm_description/install/pegasus_arm_description/share/pegasus_arm_description/launch/build/COLCON_IGNORE
[4.160s] -- Installing: /home/mmms/ros2-ws/src/pegasus_arm_description/install/pegasus_arm_description/share/pegasus_arm_description/launch/build/.built_by
[4.160s] -- Installing: /home/mmms/ros2-ws/src/pegasus_arm_description/install/pegasus_arm_description/share/ament_index/resource_index/package_run_dependencies/pegasus_arm_description
[4.160s] -- Installing: /home/mmms/ros2-ws/src/pegasus_arm_description/install/pegasus_arm_description/share/ament_index/resource_index/parent_prefix_path/pegasus_arm_description
[4.161s] -- Installing: /home/mmms/ros2-ws/src/pegasus_arm_description/install/pegasus_arm_description/share/pegasus_arm_description/environment/ament_prefix_path.sh
[4.161s] -- Installing: /home/mmms/ros2-ws/src/pegasus_arm_description/install/pegasus_arm_description/share/pegasus_arm_description/environment/ament_prefix_path.dsv
[4.161s] -- Installing: /home/mmms/ros2-ws/src/pegasus_arm_description/install/pegasus_arm_description/share/pegasus_arm_description/environment/path.sh
[4.161s] -- Installing: /home/mmms/ros2-ws/src/pegasus_arm_description/install/pegasus_arm_description/share/pegasus_arm_description/environment/path.dsv
[4.161s] -- Installing: /home/mmms/ros2-ws/src/pegasus_arm_description/install/pegasus_arm_description/share/pegasus_arm_description/local_setup.bash
[4.162s] -- Installing: /home/mmms/ros2-ws/src/pegasus_arm_description/install/pegasus_arm_description/share/pegasus_arm_description/local_setup.sh
[4.162s] -- Installing: /home/mmms/ros2-ws/src/pegasus_arm_description/install/pegasus_arm_description/share/pegasus_arm_description/local_setup.zsh
[4.162s] -- Installing: /home/mmms/ros2-ws/src/pegasus_arm_description/install/pegasus_arm_description/share/pegasus_arm_description/local_setup.dsv
[4.162s] -- Installing: /home/mmms/ros2-ws/src/pegasus_arm_description/install/pegasus_arm_description/share/pegasus_arm_description/package.dsv
[4.162s] -- Installing: /home/mmms/ros2-ws/src/pegasus_arm_description/install/pegasus_arm_description/share/ament_index/resource_index/packages/pegasus_arm_description
[4.163s] -- Installing: /home/mmms/ros2-ws/src/pegasus_arm_description/install/pegasus_arm_description/share/pegasus_arm_description/cmake/pegasus_arm_descriptionConfig.cmake
[4.163s] -- Installing: /home/mmms/ros2-ws/src/pegasus_arm_description/install/pegasus_arm_description/share/pegasus_arm_description/cmake/pegasus_arm_descriptionConfig-version.cmake
[4.163s] -- Installing: /home/mmms/ros2-ws/src/pegasus_arm_description/install/pegasus_arm_description/share/pegasus_arm_description/package.xml
[4.167s] Invoked command in '/home/mmms/ros2-ws/src/pegasus_arm_description/build/pegasus_arm_description' returned '0': CMAKE_PREFIX_PATH=${CMAKE_PREFIX_PATH}:/opt/ros/jazzy DEBUGINFOD_URLS=https://debuginfod.ubuntu.com /usr/bin/cmake --install /home/mmms/ros2-ws/src/pegasus_arm_description/build/pegasus_arm_description
