[0.197s] Invoking command in '/home/mmms/ros2-ws/build/pegasus_arm_description': CMAKE_PREFIX_PATH=${CMAKE_PREFIX_PATH}:/opt/ros/humble /usr/bin/cmake --build /home/mmms/ros2-ws/build/pegasus_arm_description -- -j4 -l4
[1.390s] Invoked command in '/home/mmms/ros2-ws/build/pegasus_arm_description' returned '0': CMAKE_PREFIX_PATH=${CMAKE_PREFIX_PATH}:/opt/ros/humble /usr/bin/cmake --build /home/mmms/ros2-ws/build/pegasus_arm_description -- -j4 -l4
[1.404s] Invoking command in '/home/mmms/ros2-ws/build/pegasus_arm_description': CMAKE_PREFIX_PATH=${CMAKE_PREFIX_PATH}:/opt/ros/humble /usr/bin/cmake --install /home/mmms/ros2-ws/build/pegasus_arm_description
[1.427s] -- Install configuration: ""
[1.427s] -- Up-to-date: /home/mmms/ros2-ws/install/pegasus_arm_description/share/pegasus_arm_description/URDF
[1.442s] -- Up-to-date: /home/mmms/ros2-ws/install/pegasus_arm_description/share/pegasus_arm_description/URDF/.vscode
[1.453s] -- Up-to-date: /home/mmms/ros2-ws/install/pegasus_arm_description/share/pegasus_arm_description/URDF/.vscode/c_cpp_properties.json
[1.454s] -- Up-to-date: /home/mmms/ros2-ws/install/pegasus_arm_description/share/pegasus_arm_description/URDF/.vscode/settings.json
[1.454s] -- Up-to-date: /home/mmms/ros2-ws/install/pegasus_arm_description/share/pegasus_arm_description/URDF/my_robot.urdf
[1.455s] -- Up-to-date: /home/mmms/ros2-ws/install/pegasus_arm_description/share/pegasus_arm_description/launch
[1.455s] -- Up-to-date: /home/mmms/ros2-ws/install/pegasus_arm_description/share/pegasus_arm_description/launch/moveit_display.launch.py
[1.456s] -- Up-to-date: /home/mmms/ros2-ws/install/pegasus_arm_description/share/pegasus_arm_description/launch/.vscode
[1.456s] -- Up-to-date: /home/mmms/ros2-ws/install/pegasus_arm_description/share/pegasus_arm_description/launch/.vscode/c_cpp_properties.json
[1.456s] -- Up-to-date: /home/mmms/ros2-ws/install/pegasus_arm_description/share/pegasus_arm_description/launch/.vscode/settings.json
[1.457s] -- Up-to-date: /home/mmms/ros2-ws/install/pegasus_arm_description/share/pegasus_arm_description/launch/display.launch.py
[1.458s] -- Up-to-date: /home/mmms/ros2-ws/install/pegasus_arm_description/share/pegasus_arm_description/rviz
[1.458s] -- Up-to-date: /home/mmms/ros2-ws/install/pegasus_arm_description/share/pegasus_arm_description/rviz/display.rviz
[1.458s] -- Installing: /home/mmms/ros2-ws/install/pegasus_arm_description/lib/pegasus_arm_description/pegasus_commander.py
[1.470s] -- Up-to-date: /home/mmms/ros2-ws/install/pegasus_arm_description/share/ament_index/resource_index/package_run_dependencies/pegasus_arm_description
[1.471s] -- Up-to-date: /home/mmms/ros2-ws/install/pegasus_arm_description/share/ament_index/resource_index/parent_prefix_path/pegasus_arm_description
[1.471s] -- Up-to-date: /home/mmms/ros2-ws/install/pegasus_arm_description/share/pegasus_arm_description/environment/ament_prefix_path.sh
[1.472s] -- Up-to-date: /home/mmms/ros2-ws/install/pegasus_arm_description/share/pegasus_arm_description/environment/ament_prefix_path.dsv
[1.472s] -- Up-to-date: /home/mmms/ros2-ws/install/pegasus_arm_description/share/pegasus_arm_description/environment/path.sh
[1.472s] -- Up-to-date: /home/mmms/ros2-ws/install/pegasus_arm_description/share/pegasus_arm_description/environment/path.dsv
[1.472s] -- Up-to-date: /home/mmms/ros2-ws/install/pegasus_arm_description/share/pegasus_arm_description/local_setup.bash
[1.473s] -- Up-to-date: /home/mmms/ros2-ws/install/pegasus_arm_description/share/pegasus_arm_description/local_setup.sh
[1.473s] -- Up-to-date: /home/mmms/ros2-ws/install/pegasus_arm_description/share/pegasus_arm_description/local_setup.zsh
[1.473s] -- Up-to-date: /home/mmms/ros2-ws/install/pegasus_arm_description/share/pegasus_arm_description/local_setup.dsv
[1.474s] -- Installing: /home/mmms/ros2-ws/install/pegasus_arm_description/share/pegasus_arm_description/package.dsv
[1.474s] -- Up-to-date: /home/mmms/ros2-ws/install/pegasus_arm_description/share/ament_index/resource_index/packages/pegasus_arm_description
[1.474s] -- Up-to-date: /home/mmms/ros2-ws/install/pegasus_arm_description/share/pegasus_arm_description/cmake/pegasus_arm_descriptionConfig.cmake
[1.474s] -- Up-to-date: /home/mmms/ros2-ws/install/pegasus_arm_description/share/pegasus_arm_description/cmake/pegasus_arm_descriptionConfig-version.cmake
[1.475s] -- Up-to-date: /home/mmms/ros2-ws/install/pegasus_arm_description/share/pegasus_arm_description/package.xml
[1.628s] Invoked command in '/home/mmms/ros2-ws/build/pegasus_arm_description' returned '0': CMAKE_PREFIX_PATH=${CMAKE_PREFIX_PATH}:/opt/ros/humble /usr/bin/cmake --install /home/mmms/ros2-ws/build/pegasus_arm_description
