[0.089s] Invoking command in '/home/mmms/ros2-ws/build/pegasus_arm_moveit': CMAKE_PREFIX_PATH=${CMAKE_PREFIX_PATH}:/opt/ros/humble /usr/bin/cmake --build /home/mmms/ros2-ws/build/pegasus_arm_moveit -- -j4 -l4
[0.593s] Invoked command in '/home/mmms/ros2-ws/build/pegasus_arm_moveit' returned '0': CMAKE_PREFIX_PATH=${CMAKE_PREFIX_PATH}:/opt/ros/humble /usr/bin/cmake --build /home/mmms/ros2-ws/build/pegasus_arm_moveit -- -j4 -l4
[0.617s] Invoking command in '/home/mmms/ros2-ws/build/pegasus_arm_moveit': CMAKE_PREFIX_PATH=${CMAKE_PREFIX_PATH}:/opt/ros/humble /usr/bin/cmake --install /home/mmms/ros2-ws/build/pegasus_arm_moveit
[0.629s] -- Install configuration: ""
[0.630s] -- Up-to-date: /home/mmms/ros2-ws/install/pegasus_arm_moveit/share/pegasus_arm_moveit/config
[0.630s] -- Up-to-date: /home/mmms/ros2-ws/install/pegasus_arm_moveit/share/pegasus_arm_moveit/config/pegasus_arm.urdf
[0.631s] -- Up-to-date: /home/mmms/ros2-ws/install/pegasus_arm_moveit/share/pegasus_arm_moveit/config/kinematics.yaml
[0.632s] -- Up-to-date: /home/mmms/ros2-ws/install/pegasus_arm_moveit/share/pegasus_arm_moveit/config/moveit_controllers.yaml
[0.632s] -- Up-to-date: /home/mmms/ros2-ws/install/pegasus_arm_moveit/share/pegasus_arm_moveit/config/joint_limits.yaml
[0.632s] -- Up-to-date: /home/mmms/ros2-ws/install/pegasus_arm_moveit/share/pegasus_arm_moveit/config/ompl_planning.yaml
[0.633s] -- Up-to-date: /home/mmms/ros2-ws/install/pegasus_arm_moveit/share/pegasus_arm_moveit/config/pegasus_arm.srdf
[0.634s] -- Up-to-date: /home/mmms/ros2-ws/install/pegasus_arm_moveit/share/pegasus_arm_moveit/launch
[0.634s] -- Up-to-date: /home/mmms/ros2-ws/install/pegasus_arm_moveit/share/pegasus_arm_moveit/launch/pegasus_moveit.launch.py
[0.636s] -- Up-to-date: /home/mmms/ros2-ws/install/pegasus_arm_moveit/share/pegasus_arm_moveit/launch/.vscode
[0.637s] -- Up-to-date: /home/mmms/ros2-ws/install/pegasus_arm_moveit/share/pegasus_arm_moveit/launch/.vscode/c_cpp_properties.json
[0.637s] -- Up-to-date: /home/mmms/ros2-ws/install/pegasus_arm_moveit/share/pegasus_arm_moveit/launch/.vscode/settings.json
[0.637s] -- Up-to-date: /home/mmms/ros2-ws/install/pegasus_arm_moveit/share/pegasus_arm_moveit/launch/kinematics.yaml
[0.637s] -- Up-to-date: /home/mmms/ros2-ws/install/pegasus_arm_moveit/share/pegasus_arm_moveit/launch/package.xml
[0.638s] -- Up-to-date: /home/mmms/ros2-ws/install/pegasus_arm_moveit/share/pegasus_arm_moveit/launch/CMakeLists.txt
[0.638s] -- Up-to-date: /home/mmms/ros2-ws/install/pegasus_arm_moveit/share/ament_index/resource_index/package_run_dependencies/pegasus_arm_moveit
[0.638s] -- Up-to-date: /home/mmms/ros2-ws/install/pegasus_arm_moveit/share/ament_index/resource_index/parent_prefix_path/pegasus_arm_moveit
[0.638s] -- Up-to-date: /home/mmms/ros2-ws/install/pegasus_arm_moveit/share/pegasus_arm_moveit/environment/ament_prefix_path.sh
[0.638s] -- Up-to-date: /home/mmms/ros2-ws/install/pegasus_arm_moveit/share/pegasus_arm_moveit/environment/ament_prefix_path.dsv
[0.638s] -- Up-to-date: /home/mmms/ros2-ws/install/pegasus_arm_moveit/share/pegasus_arm_moveit/environment/path.sh
[0.639s] -- Up-to-date: /home/mmms/ros2-ws/install/pegasus_arm_moveit/share/pegasus_arm_moveit/environment/path.dsv
[0.639s] -- Up-to-date: /home/mmms/ros2-ws/install/pegasus_arm_moveit/share/pegasus_arm_moveit/local_setup.bash
[0.639s] -- Up-to-date: /home/mmms/ros2-ws/install/pegasus_arm_moveit/share/pegasus_arm_moveit/local_setup.sh
[0.640s] -- Up-to-date: /home/mmms/ros2-ws/install/pegasus_arm_moveit/share/pegasus_arm_moveit/local_setup.zsh
[0.640s] -- Up-to-date: /home/mmms/ros2-ws/install/pegasus_arm_moveit/share/pegasus_arm_moveit/local_setup.dsv
[0.640s] -- Installing: /home/mmms/ros2-ws/install/pegasus_arm_moveit/share/pegasus_arm_moveit/package.dsv
[0.640s] -- Up-to-date: /home/mmms/ros2-ws/install/pegasus_arm_moveit/share/ament_index/resource_index/packages/pegasus_arm_moveit
[0.641s] -- Up-to-date: /home/mmms/ros2-ws/install/pegasus_arm_moveit/share/pegasus_arm_moveit/cmake/pegasus_arm_moveitConfig.cmake
[0.641s] -- Up-to-date: /home/mmms/ros2-ws/install/pegasus_arm_moveit/share/pegasus_arm_moveit/cmake/pegasus_arm_moveitConfig-version.cmake
[0.641s] -- Up-to-date: /home/mmms/ros2-ws/install/pegasus_arm_moveit/share/pegasus_arm_moveit/package.xml
[0.643s] Invoked command in '/home/mmms/ros2-ws/build/pegasus_arm_moveit' returned '0': CMAKE_PREFIX_PATH=${CMAKE_PREFIX_PATH}:/opt/ros/humble /usr/bin/cmake --install /home/mmms/ros2-ws/build/pegasus_arm_moveit
