[0.047s] Invoking command in '/home/mmms/ros2-ws/build/pegasus_arm_moveit_config': CMAKE_PREFIX_PATH=/home/mmms/ros2-ws/install/pegasus_arm_description:/home/mmms/ros2-ws/install/pegasus_arm_moveit_config:/home/mmms/ros2-ws/install/pegasus_arm_moveit:/home/mmms/ros2-ws/install/moveit_srdf:/opt/ros/humble /usr/bin/cmake --build /home/mmms/ros2-ws/build/pegasus_arm_moveit_config -- -j4 -l4
[0.118s] Invoked command in '/home/mmms/ros2-ws/build/pegasus_arm_moveit_config' returned '0': CMAKE_PREFIX_PATH=/home/mmms/ros2-ws/install/pegasus_arm_description:/home/mmms/ros2-ws/install/pegasus_arm_moveit_config:/home/mmms/ros2-ws/install/pegasus_arm_moveit:/home/mmms/ros2-ws/install/moveit_srdf:/opt/ros/humble /usr/bin/cmake --build /home/mmms/ros2-ws/build/pegasus_arm_moveit_config -- -j4 -l4
[0.120s] Invoking command in '/home/mmms/ros2-ws/build/pegasus_arm_moveit_config': CMAKE_PREFIX_PATH=/home/mmms/ros2-ws/install/pegasus_arm_description:/home/mmms/ros2-ws/install/pegasus_arm_moveit_config:/home/mmms/ros2-ws/install/pegasus_arm_moveit:/home/mmms/ros2-ws/install/moveit_srdf:/opt/ros/humble /usr/bin/cmake --install /home/mmms/ros2-ws/build/pegasus_arm_moveit_config
[0.137s] -- Install configuration: ""
[0.139s] -- Up-to-date: /home/mmms/ros2-ws/install/pegasus_arm_moveit_config/share/ament_index/resource_index/package_run_dependencies/pegasus_arm_moveit_config
[0.140s] -- Up-to-date: /home/mmms/ros2-ws/install/pegasus_arm_moveit_config/share/ament_index/resource_index/parent_prefix_path/pegasus_arm_moveit_config
[0.140s] -- Up-to-date: /home/mmms/ros2-ws/install/pegasus_arm_moveit_config/share/pegasus_arm_moveit_config/environment/ament_prefix_path.sh
[0.141s] -- Up-to-date: /home/mmms/ros2-ws/install/pegasus_arm_moveit_config/share/pegasus_arm_moveit_config/environment/ament_prefix_path.dsv
[0.141s] -- Up-to-date: /home/mmms/ros2-ws/install/pegasus_arm_moveit_config/share/pegasus_arm_moveit_config/environment/path.sh
[0.141s] -- Up-to-date: /home/mmms/ros2-ws/install/pegasus_arm_moveit_config/share/pegasus_arm_moveit_config/environment/path.dsv
[0.141s] -- Up-to-date: /home/mmms/ros2-ws/install/pegasus_arm_moveit_config/share/pegasus_arm_moveit_config/local_setup.bash
[0.142s] -- Up-to-date: /home/mmms/ros2-ws/install/pegasus_arm_moveit_config/share/pegasus_arm_moveit_config/local_setup.sh
[0.143s] -- Up-to-date: /home/mmms/ros2-ws/install/pegasus_arm_moveit_config/share/pegasus_arm_moveit_config/local_setup.zsh
[0.143s] -- Up-to-date: /home/mmms/ros2-ws/install/pegasus_arm_moveit_config/share/pegasus_arm_moveit_config/local_setup.dsv
[0.144s] -- Installing: /home/mmms/ros2-ws/install/pegasus_arm_moveit_config/share/pegasus_arm_moveit_config/package.dsv
[0.144s] -- Up-to-date: /home/mmms/ros2-ws/install/pegasus_arm_moveit_config/share/ament_index/resource_index/packages/pegasus_arm_moveit_config
[0.144s] -- Up-to-date: /home/mmms/ros2-ws/install/pegasus_arm_moveit_config/share/pegasus_arm_moveit_config/cmake/pegasus_arm_moveit_configConfig.cmake
[0.144s] -- Up-to-date: /home/mmms/ros2-ws/install/pegasus_arm_moveit_config/share/pegasus_arm_moveit_config/cmake/pegasus_arm_moveit_configConfig-version.cmake
[0.144s] -- Up-to-date: /home/mmms/ros2-ws/install/pegasus_arm_moveit_config/share/pegasus_arm_moveit_config/package.xml
[0.144s] -- Up-to-date: /home/mmms/ros2-ws/install/pegasus_arm_moveit_config/share/pegasus_arm_moveit_config/launch
[0.144s] -- Up-to-date: /home/mmms/ros2-ws/install/pegasus_arm_moveit_config/share/pegasus_arm_moveit_config/launch/moveit_rviz.launch.py
[0.144s] -- Up-to-date: /home/mmms/ros2-ws/install/pegasus_arm_moveit_config/share/pegasus_arm_moveit_config/launch/move_group.launch.py
[0.145s] -- Up-to-date: /home/mmms/ros2-ws/install/pegasus_arm_moveit_config/share/pegasus_arm_moveit_config/launch/rsp.launch.py
[0.145s] -- Up-to-date: /home/mmms/ros2-ws/install/pegasus_arm_moveit_config/share/pegasus_arm_moveit_config/launch/spawn_controllers.launch.py
[0.145s] -- Up-to-date: /home/mmms/ros2-ws/install/pegasus_arm_moveit_config/share/pegasus_arm_moveit_config/launch/static_virtual_joint_tfs.launch.py
[0.145s] -- Up-to-date: /home/mmms/ros2-ws/install/pegasus_arm_moveit_config/share/pegasus_arm_moveit_config/launch/warehouse_db.launch.py
[0.145s] -- Up-to-date: /home/mmms/ros2-ws/install/pegasus_arm_moveit_config/share/pegasus_arm_moveit_config/launch/setup_assistant.launch.py
[0.145s] -- Up-to-date: /home/mmms/ros2-ws/install/pegasus_arm_moveit_config/share/pegasus_arm_moveit_config/launch/demo.launch.py
[0.145s] -- Up-to-date: /home/mmms/ros2-ws/install/pegasus_arm_moveit_config/share/pegasus_arm_moveit_config/config
[0.145s] -- Up-to-date: /home/mmms/ros2-ws/install/pegasus_arm_moveit_config/share/pegasus_arm_moveit_config/config/ros2_controllers.yaml
[0.145s] -- Up-to-date: /home/mmms/ros2-ws/install/pegasus_arm_moveit_config/share/pegasus_arm_moveit_config/config/pegasus_arm.ros2_control.xacro
[0.146s] -- Up-to-date: /home/mmms/ros2-ws/install/pegasus_arm_moveit_config/share/pegasus_arm_moveit_config/config/.vscode
[0.152s] -- Up-to-date: /home/mmms/ros2-ws/install/pegasus_arm_moveit_config/share/pegasus_arm_moveit_config/config/.vscode/c_cpp_properties.json
[0.153s] -- Up-to-date: /home/mmms/ros2-ws/install/pegasus_arm_moveit_config/share/pegasus_arm_moveit_config/config/.vscode/settings.json
[0.153s] -- Up-to-date: /home/mmms/ros2-ws/install/pegasus_arm_moveit_config/share/pegasus_arm_moveit_config/config/moveit.rviz
[0.154s] -- Up-to-date: /home/mmms/ros2-ws/install/pegasus_arm_moveit_config/share/pegasus_arm_moveit_config/config/pilz_cartesian_limits.yaml
[0.155s] -- Up-to-date: /home/mmms/ros2-ws/install/pegasus_arm_moveit_config/share/pegasus_arm_moveit_config/config/kinematics.yaml
[0.156s] -- Up-to-date: /home/mmms/ros2-ws/install/pegasus_arm_moveit_config/share/pegasus_arm_moveit_config/config/pegasus_arm.urdf.xacro
[0.156s] -- Up-to-date: /home/mmms/ros2-ws/install/pegasus_arm_moveit_config/share/pegasus_arm_moveit_config/config/initial_positions.yaml
[0.156s] -- Up-to-date: /home/mmms/ros2-ws/install/pegasus_arm_moveit_config/share/pegasus_arm_moveit_config/config/sensors_3d.yaml
[0.157s] -- Up-to-date: /home/mmms/ros2-ws/install/pegasus_arm_moveit_config/share/pegasus_arm_moveit_config/config/joint_limits.yaml
[0.157s] -- Up-to-date: /home/mmms/ros2-ws/install/pegasus_arm_moveit_config/share/pegasus_arm_moveit_config/config/pegasus_arm.srdf
[0.157s] -- Up-to-date: /home/mmms/ros2-ws/install/pegasus_arm_moveit_config/share/pegasus_arm_moveit_config/config/controllers.yaml
[0.158s] -- Up-to-date: /home/mmms/ros2-ws/install/pegasus_arm_moveit_config/share/pegasus_arm_moveit_config/.setup_assistant
[0.171s] Invoked command in '/home/mmms/ros2-ws/build/pegasus_arm_moveit_config' returned '0': CMAKE_PREFIX_PATH=/home/mmms/ros2-ws/install/pegasus_arm_description:/home/mmms/ros2-ws/install/pegasus_arm_moveit_config:/home/mmms/ros2-ws/install/pegasus_arm_moveit:/home/mmms/ros2-ws/install/moveit_srdf:/opt/ros/humble /usr/bin/cmake --install /home/mmms/ros2-ws/build/pegasus_arm_moveit_config
