[0.212s] Invoking command in '/home/mmms/ros2-ws/build/admittance_controller': CMAKE_PREFIX_PATH=${CMAKE_PREFIX_PATH}:/home/mmms/ros2-ws/install/pegasus_arm_commander:/opt/ros/jazzy DEBUGINFOD_URLS=https://debuginfod.ubuntu.com /usr/bin/cmake /home/mmms/ros2-ws/src/ros2_controllers/admittance_controller -DCMAKE_INSTALL_PREFIX=/home/mmms/ros2-ws/install/admittance_controller
[3.949s] -- The C compiler identification is GNU 13.3.0
[4.833s] -- The CXX compiler identification is GNU 13.3.0
[5.023s] -- Detecting C compiler ABI info
[5.651s] -- Detecting C compiler ABI info - done
[5.696s] -- Check for working C compiler: /usr/bin/cc - skipped
[5.696s] -- Detecting C compile features
[5.703s] -- Detecting C compile features - done
[5.759s] -- Detecting CXX compiler ABI info
[6.344s] -- Detecting CXX compiler ABI info - done
[6.388s] -- Check for working CXX compiler: /usr/bin/c++ - skipped
[6.392s] -- Detecting CXX compile features
[6.393s] -- Detecting CXX compile features - done
[6.460s] -- Found ros2_control_cmake: 0.1.1 (/opt/ros/jazzy/share/ros2_control_cmake/cmake)
[6.478s] -- Compiler warnings enabled for GNU
[6.486s] -- Detected GCC Version: 13.3.0 (Major: 13, Minor: 3)
[6.524s] -- Found ament_cmake: 2.5.4 (/opt/ros/jazzy/share/ament_cmake/cmake)
[7.228s] -- Found Python3: /usr/bin/python3 (found version "3.12.3") found components: Interpreter 
[7.913s] -- Found angles: 1.16.0 (/opt/ros/jazzy/share/angles/cmake)
[7.935s] -- Found control_msgs: 5.4.0 (/opt/ros/jazzy/share/control_msgs/cmake)
[8.377s] -- Found rosidl_generator_c: 4.6.5 (/opt/ros/jazzy/share/rosidl_generator_c/cmake)
[8.451s] -- Found rosidl_generator_cpp: 4.6.5 (/opt/ros/jazzy/share/rosidl_generator_cpp/cmake)
[8.543s] -- Using all available rosidl_typesupport_c: rosidl_typesupport_fastrtps_c;rosidl_typesupport_introspection_c
[8.652s] -- Using all available rosidl_typesupport_cpp: rosidl_typesupport_fastrtps_cpp;rosidl_typesupport_introspection_cpp
[10.110s] -- Found control_toolbox: 4.3.0 (/opt/ros/jazzy/share/control_toolbox/cmake)
[10.313s] -- Found rmw_implementation_cmake: 7.3.2 (/opt/ros/jazzy/share/rmw_implementation_cmake/cmake)
[10.320s] -- Found rmw_fastrtps_cpp: 8.4.2 (/opt/ros/jazzy/share/rmw_fastrtps_cpp/cmake)
[10.623s] -- Found OpenSSL: /usr/lib/x86_64-linux-gnu/libcrypto.so (found version "3.0.13")  
[10.689s] -- Found FastRTPS: /opt/ros/jazzy/include (Required is at least version "2.13") 
[10.766s] -- Using RMW implementation 'rmw_fastrtps_cpp' as default
[13.912s] -- Found eigen3_cmake_module: 0.3.0 (/opt/ros/jazzy/share/eigen3_cmake_module/cmake)
[13.966s] -- Found Eigen3: TRUE (found version "3.4.0") 
[13.966s] -- Ensuring Eigen3 include directory is part of orocos-kdl CMake target
[15.018s] -- Found controller_interface: 4.29.0 (/opt/ros/jazzy/share/controller_interface/cmake)
[15.508s] -- Found kinematics_interface: 1.3.0 (/opt/ros/jazzy/share/kinematics_interface/cmake)
[15.670s] -- Found tf2_eigen: 0.36.11 (/opt/ros/jazzy/share/tf2_eigen/cmake)
[15.816s] -- Found tf2_kdl: 0.36.11 (/opt/ros/jazzy/share/tf2_kdl/cmake)
[15.898s] -- Found ament_cmake_gmock: 2.5.4 (/opt/ros/jazzy/share/ament_cmake_gmock/cmake)
[15.923s] -- Found controller_manager: 4.29.0 (/opt/ros/jazzy/share/controller_manager/cmake)
[16.331s] -- Found ros2_control_test_assets: 4.29.0 (/opt/ros/jazzy/share/ros2_control_test_assets/cmake)
[16.361s] -- Found kinematics_interface_kdl: 1.3.0 (/opt/ros/jazzy/share/kinematics_interface_kdl/cmake)
[16.527s] -- Found gmock sources under '/opt/ros/jazzy/src/gmock_vendor': C++ tests using 'Google Mock' will be built
[16.543s] -- Found ament_cmake_gtest: 2.5.4 (/opt/ros/jazzy/share/ament_cmake_gtest/cmake)
[16.546s] -- Found gtest sources under '/opt/ros/jazzy/src/gtest_vendor': C++ tests using 'Google Test' will be built
[16.910s] -- Configuring done (15.9s)
[17.307s] -- Generating done (0.2s)
[17.357s] -- Build files have been written to: /home/mmms/ros2-ws/build/admittance_controller
[17.407s] Invoked command in '/home/mmms/ros2-ws/build/admittance_controller' returned '0': CMAKE_PREFIX_PATH=${CMAKE_PREFIX_PATH}:/home/mmms/ros2-ws/install/pegasus_arm_commander:/opt/ros/jazzy DEBUGINFOD_URLS=https://debuginfod.ubuntu.com /usr/bin/cmake /home/mmms/ros2-ws/src/ros2_controllers/admittance_controller -DCMAKE_INSTALL_PREFIX=/home/mmms/ros2-ws/install/admittance_controller
[17.409s] Invoking command in '/home/mmms/ros2-ws/build/admittance_controller': CMAKE_PREFIX_PATH=${CMAKE_PREFIX_PATH}:/home/mmms/ros2-ws/install/pegasus_arm_commander:/opt/ros/jazzy DEBUGINFOD_URLS=https://debuginfod.ubuntu.com /usr/bin/cmake --build /home/mmms/ros2-ws/build/admittance_controller -- -j4 -l4
[17.546s] [  7%] [34m[1mRunning `/opt/ros/jazzy/bin/generate_parameter_library_cpp /home/mmms/ros2-ws/build/admittance_controller/include/admittance_controller/admittance_controller_parameters.hpp /home/mmms/ros2-ws/src/ros2_controllers/admittance_controller/src/admittance_controller_parameters.yaml `[0m
[23.226s] [ 15%] [34m[1mCreating deprecated header file /home/mmms/ros2-ws/build/admittance_controller/include/admittance_controller_parameters.hpp[0m
[23.311s] [ 15%] Built target admittance_controller_parameters
[23.348s] [ 23%] [32mBuilding CXX object gmock/CMakeFiles/gmock.dir/opt/ros/jazzy/src/gtest_vendor/src/gtest-all.cc.o[0m
[47.396s] [ 30%] [32mBuilding CXX object gmock/CMakeFiles/gmock.dir/src/gmock-all.cc.o[0m
[47.975s] gmake[2]: *** wait: No child processes.  Stop.
[48.068s] gmake[2]: *** Waiting for unfinished jobs....
[48.258s] gmake[2]: *** wait: No child processes.  Stop.
[48.258s] gmake[1]: *** [CMakeFiles/Makefile2:287: gmock/CMakeFiles/gmock.dir/all] Error 2
[48.259s] gmake: *** wait: No child processes.  Stop.
[48.260s] gmake: *** Waiting for unfinished jobs....
[48.260s] gmake: *** wait: No child processes.  Stop.
[48.511s] Invoked command in '/home/mmms/ros2-ws/build/admittance_controller' returned '-2': CMAKE_PREFIX_PATH=${CMAKE_PREFIX_PATH}:/home/mmms/ros2-ws/install/pegasus_arm_commander:/opt/ros/jazzy DEBUGINFOD_URLS=https://debuginfod.ubuntu.com /usr/bin/cmake --build /home/mmms/ros2-ws/build/admittance_controller -- -j4 -l4
