[3.094s] DEBUG:colcon:Command line arguments: ['/usr/bin/colcon', 'build', '--packages-select', 'pegasus_arm_commander']
[3.094s] DEBUG:colcon:Parsed command line arguments: Namespace(log_base=None, log_level=None, verb_name='build', build_base='build', install_base='install', merge_install=False, symlink_install=False, test_result_base=None, continue_on_error=False, executor='parallel', parallel_workers=4, event_handlers=None, ignore_user_meta=False, metas=['./colcon.meta'], base_paths=['.'], packages_ignore=None, packages_ignore_regex=None, paths=None, packages_up_to=None, packages_up_to_regex=None, packages_above=None, packages_above_and_dependencies=None, packages_above_depth=None, packages_select_by_dep=None, packages_skip_by_dep=None, packages_skip_up_to=None, packages_select_build_failed=False, packages_skip_build_finished=False, packages_select_test_failures=False, packages_skip_test_passed=False, packages_select=['pegasus_arm_commander'], packages_skip=None, packages_select_regex=None, packages_skip_regex=None, packages_start=None, packages_end=None, allow_overriding=[], cmake_args=None, cmake_target=None, cmake_target_skip_unavailable=False, cmake_clean_cache=False, cmake_clean_first=False, cmake_force_configure=False, ament_cmake_args=None, catkin_cmake_args=None, catkin_skip_building_tests=False, mixin_files=None, mixin=None, verb_parser=<colcon_mixin.mixin.mixin_argument.MixinArgumentDecorator object at 0x73780d666920>, verb_extension=<colcon_core.verb.build.BuildVerb object at 0x73780d76f8b0>, main=<bound method BuildVerb.main of <colcon_core.verb.build.BuildVerb object at 0x73780d76f8b0>>, mixin_verb=('build',))
[7.826s] Level 1:colcon.colcon_core.package_discovery:discover_packages(colcon_meta) check parameters
[7.826s] Level 1:colcon.colcon_core.package_discovery:discover_packages(recursive) check parameters
[7.826s] Level 1:colcon.colcon_core.package_discovery:discover_packages(ignore) check parameters
[7.827s] Level 1:colcon.colcon_core.package_discovery:discover_packages(path) check parameters
[7.827s] Level 1:colcon.colcon_core.package_discovery:discover_packages(colcon_meta) discover
[7.827s] Level 1:colcon.colcon_core.package_discovery:discover_packages(recursive) discover
[7.827s] INFO:colcon.colcon_core.package_discovery:Crawling recursively for packages in '/home/mmms/ros2-ws/Sim/pegasus_arm_description'
[7.827s] Level 1:colcon.colcon_core.package_identification:_identify(.) by extensions ['ignore', 'ignore_ament_install']
[7.827s] Level 1:colcon.colcon_core.package_identification:_identify(.) by extension 'ignore'
[7.827s] Level 1:colcon.colcon_core.package_identification:_identify(.) by extension 'ignore_ament_install'
[7.828s] Level 1:colcon.colcon_core.package_identification:_identify(.) by extensions ['colcon_pkg']
[7.828s] Level 1:colcon.colcon_core.package_identification:_identify(.) by extension 'colcon_pkg'
[7.828s] Level 1:colcon.colcon_core.package_identification:_identify(.) by extensions ['colcon_meta']
[7.828s] Level 1:colcon.colcon_core.package_identification:_identify(.) by extension 'colcon_meta'
[7.828s] Level 1:colcon.colcon_core.package_identification:_identify(.) by extensions ['ros']
[7.828s] Level 1:colcon.colcon_core.package_identification:_identify(.) by extension 'ros'
[7.876s] DEBUG:colcon.colcon_core.package_identification:Package '.' with type 'ros.ament_cmake' and name 'pegasus_arm_description'
[7.876s] Level 1:colcon.colcon_core.package_discovery:discover_packages(recursive) using defaults
[7.876s] Level 1:colcon.colcon_core.package_discovery:discover_packages(ignore) discover
[7.876s] Level 1:colcon.colcon_core.package_discovery:discover_packages(ignore) using defaults
[7.876s] Level 1:colcon.colcon_core.package_discovery:discover_packages(path) discover
[7.876s] Level 1:colcon.colcon_core.package_discovery:discover_packages(path) using defaults
[7.877s] WARNING:colcon.colcon_core.package_selection:ignoring unknown package 'pegasus_arm_commander' in --packages-select
[8.084s] INFO:colcon.colcon_core.package_selection:Skipping not selected package 'pegasus_arm_description' in '.'
[8.085s] Level 1:colcon.colcon_core.package_discovery:discover_packages(prefix_path) check parameters
[8.085s] Level 1:colcon.colcon_core.package_discovery:discover_packages(prefix_path) discover
[8.086s] WARNING:colcon.colcon_ros.prefix_path.ament:The path '/home/mmms/ros2-ws/install/setup_package' in the environment variable AMENT_PREFIX_PATH doesn't exist
[8.086s] WARNING:colcon.colcon_ros.prefix_path.ament:The path '/home/mmms/ros2-ws/install/pegasus_arm_task' in the environment variable AMENT_PREFIX_PATH doesn't exist
[8.086s] WARNING:colcon.colcon_ros.prefix_path.ament:The path '/home/mmms/ros2-ws/install/pegasus_arm_msgs' in the environment variable AMENT_PREFIX_PATH doesn't exist
[8.087s] WARNING:colcon.colcon_ros.prefix_path.ament:The path '/home/mmms/ros2-ws/install/pegasus_arm_controller' in the environment variable AMENT_PREFIX_PATH doesn't exist
[8.087s] WARNING:colcon.colcon_ros.prefix_path.ament:The path '/home/mmms/ros2-ws/install/pegasus_arm_arise' in the environment variable AMENT_PREFIX_PATH doesn't exist
[8.087s] WARNING:colcon.colcon_ros.prefix_path.catkin:The path '/home/mmms/ros2-ws/install/setup_package' in the environment variable CMAKE_PREFIX_PATH doesn't exist
[8.087s] WARNING:colcon.colcon_ros.prefix_path.catkin:The path '/home/mmms/ros2-ws/install/pegasus_arm_task' in the environment variable CMAKE_PREFIX_PATH doesn't exist
[8.087s] WARNING:colcon.colcon_ros.prefix_path.catkin:The path '/home/mmms/ros2-ws/install/pegasus_arm_msgs' in the environment variable CMAKE_PREFIX_PATH doesn't exist
[8.087s] WARNING:colcon.colcon_ros.prefix_path.catkin:The path '/home/mmms/ros2-ws/install/pegasus_arm_controller' in the environment variable CMAKE_PREFIX_PATH doesn't exist
[8.087s] WARNING:colcon.colcon_ros.prefix_path.catkin:The path '/home/mmms/ros2-ws/install/pegasus_arm_arise' in the environment variable CMAKE_PREFIX_PATH doesn't exist
[8.089s] DEBUG:colcon.colcon_installed_package_information.package_discovery:Found 4 installed packages in /home/mmms/ros2-ws/install
[8.096s] DEBUG:colcon.colcon_installed_package_information.package_discovery:Found 370 installed packages in /opt/ros/humble
[8.100s] Level 1:colcon.colcon_core.package_discovery:discover_packages(prefix_path) using defaults
[10.235s] INFO:colcon.colcon_core.executor:Executing jobs using 'parallel' executor
[10.239s] DEBUG:colcon.colcon_parallel_executor.executor.parallel:run_until_complete
[10.239s] DEBUG:colcon.colcon_parallel_executor.executor.parallel:closing loop
[10.240s] DEBUG:colcon.colcon_parallel_executor.executor.parallel:loop closed
[10.240s] DEBUG:colcon.colcon_parallel_executor.executor.parallel:run_until_complete finished with '0'
[10.240s] DEBUG:colcon.colcon_core.event_reactor:joining thread
[10.251s] INFO:colcon.colcon_core.plugin_system:Skipping extension 'colcon_notification.desktop_notification.terminal_notifier': Not used on non-Darwin systems
[10.251s] INFO:colcon.colcon_core.plugin_system:Skipping extension 'colcon_notification.desktop_notification.win32': Not used on non-Windows systems
[10.251s] INFO:colcon.colcon_notification.desktop_notification:Sending desktop notification using 'notify2'
[10.283s] DEBUG:colcon.colcon_core.event_reactor:joined thread
[10.309s] INFO:colcon.colcon_core.plugin_system:Skipping extension 'colcon_core.shell.bat': Not used on non-Windows systems
[10.309s] INFO:colcon.colcon_core.shell:Creating prefix script '/home/mmms/ros2-ws/Sim/pegasus_arm_description/install/local_setup.ps1'
[10.311s] INFO:colcon.colcon_core.shell:Creating prefix util module '/home/mmms/ros2-ws/Sim/pegasus_arm_description/install/_local_setup_util_ps1.py'
[10.313s] INFO:colcon.colcon_core.shell:Creating prefix chain script '/home/mmms/ros2-ws/Sim/pegasus_arm_description/install/setup.ps1'
[10.315s] INFO:colcon.colcon_core.shell:Creating prefix script '/home/mmms/ros2-ws/Sim/pegasus_arm_description/install/local_setup.sh'
[10.316s] INFO:colcon.colcon_core.shell:Creating prefix util module '/home/mmms/ros2-ws/Sim/pegasus_arm_description/install/_local_setup_util_sh.py'
[10.317s] INFO:colcon.colcon_core.shell:Creating prefix chain script '/home/mmms/ros2-ws/Sim/pegasus_arm_description/install/setup.sh'
[10.320s] INFO:colcon.colcon_core.shell:Creating prefix script '/home/mmms/ros2-ws/Sim/pegasus_arm_description/install/local_setup.bash'
[10.321s] INFO:colcon.colcon_core.shell:Creating prefix chain script '/home/mmms/ros2-ws/Sim/pegasus_arm_description/install/setup.bash'
[10.324s] INFO:colcon.colcon_core.shell:Creating prefix script '/home/mmms/ros2-ws/Sim/pegasus_arm_description/install/local_setup.zsh'
[10.325s] INFO:colcon.colcon_core.shell:Creating prefix chain script '/home/mmms/ros2-ws/Sim/pegasus_arm_description/install/setup.zsh'
