-- Install configuration: ""
-- Up-to-date: /home/mmms/ros2-ws/install/pegasus_arm_moveit/share/pegasus_arm_moveit/config
-- Up-to-date: /home/mmms/ros2-ws/install/pegasus_arm_moveit/share/pegasus_arm_moveit/config/pegasus_arm.urdf
-- Up-to-date: /home/mmms/ros2-ws/install/pegasus_arm_moveit/share/pegasus_arm_moveit/config/kinematics.yaml
-- Up-to-date: /home/mmms/ros2-ws/install/pegasus_arm_moveit/share/pegasus_arm_moveit/config/moveit_controllers.yaml
-- Up-to-date: /home/mmms/ros2-ws/install/pegasus_arm_moveit/share/pegasus_arm_moveit/config/joint_limits.yaml
-- Up-to-date: /home/mmms/ros2-ws/install/pegasus_arm_moveit/share/pegasus_arm_moveit/config/ompl_planning.yaml
-- Up-to-date: /home/mmms/ros2-ws/install/pegasus_arm_moveit/share/pegasus_arm_moveit/config/pegasus_arm.srdf
-- Up-to-date: /home/mmms/ros2-ws/install/pegasus_arm_moveit/share/pegasus_arm_moveit/launch
-- Up-to-date: /home/mmms/ros2-ws/install/pegasus_arm_moveit/share/pegasus_arm_moveit/launch/pegasus_moveit.launch.py
-- Up-to-date: /home/mmms/ros2-ws/install/pegasus_arm_moveit/share/pegasus_arm_moveit/launch/.vscode
-- Up-to-date: /home/mmms/ros2-ws/install/pegasus_arm_moveit/share/pegasus_arm_moveit/launch/.vscode/c_cpp_properties.json
-- Up-to-date: /home/mmms/ros2-ws/install/pegasus_arm_moveit/share/pegasus_arm_moveit/launch/.vscode/settings.json
-- Up-to-date: /home/mmms/ros2-ws/install/pegasus_arm_moveit/share/pegasus_arm_moveit/launch/kinematics.yaml
-- Up-to-date: /home/mmms/ros2-ws/install/pegasus_arm_moveit/share/pegasus_arm_moveit/launch/package.xml
-- Up-to-date: /home/mmms/ros2-ws/install/pegasus_arm_moveit/share/pegasus_arm_moveit/launch/CMakeLists.txt
-- Up-to-date: /home/mmms/ros2-ws/install/pegasus_arm_moveit/share/ament_index/resource_index/package_run_dependencies/pegasus_arm_moveit
-- Up-to-date: /home/mmms/ros2-ws/install/pegasus_arm_moveit/share/ament_index/resource_index/parent_prefix_path/pegasus_arm_moveit
-- Up-to-date: /home/mmms/ros2-ws/install/pegasus_arm_moveit/share/pegasus_arm_moveit/environment/ament_prefix_path.sh
-- Up-to-date: /home/mmms/ros2-ws/install/pegasus_arm_moveit/share/pegasus_arm_moveit/environment/ament_prefix_path.dsv
-- Up-to-date: /home/mmms/ros2-ws/install/pegasus_arm_moveit/share/pegasus_arm_moveit/environment/path.sh
-- Up-to-date: /home/mmms/ros2-ws/install/pegasus_arm_moveit/share/pegasus_arm_moveit/environment/path.dsv
-- Up-to-date: /home/mmms/ros2-ws/install/pegasus_arm_moveit/share/pegasus_arm_moveit/local_setup.bash
-- Up-to-date: /home/mmms/ros2-ws/install/pegasus_arm_moveit/share/pegasus_arm_moveit/local_setup.sh
-- Up-to-date: /home/mmms/ros2-ws/install/pegasus_arm_moveit/share/pegasus_arm_moveit/local_setup.zsh
-- Up-to-date: /home/mmms/ros2-ws/install/pegasus_arm_moveit/share/pegasus_arm_moveit/local_setup.dsv
-- Up-to-date: /home/mmms/ros2-ws/install/pegasus_arm_moveit/share/pegasus_arm_moveit/package.dsv
-- Up-to-date: /home/mmms/ros2-ws/install/pegasus_arm_moveit/share/ament_index/resource_index/packages/pegasus_arm_moveit
-- Up-to-date: /home/mmms/ros2-ws/install/pegasus_arm_moveit/share/pegasus_arm_moveit/cmake/pegasus_arm_moveitConfig.cmake
-- Up-to-date: /home/mmms/ros2-ws/install/pegasus_arm_moveit/share/pegasus_arm_moveit/cmake/pegasus_arm_moveitConfig-version.cmake
-- Up-to-date: /home/mmms/ros2-ws/install/pegasus_arm_moveit/share/pegasus_arm_moveit/package.xml
