[0.066s] Invoking command in '/home/mmms/ros2-ws/build/pegasus_arm_moveit': CMAKE_PREFIX_PATH=${CMAKE_PREFIX_PATH}:/opt/ros/humble /usr/bin/cmake --build /home/mmms/ros2-ws/build/pegasus_arm_moveit -- -j4 -l4
[0.238s] Invoked command in '/home/mmms/ros2-ws/build/pegasus_arm_moveit' returned '0': CMAKE_PREFIX_PATH=${CMAKE_PREFIX_PATH}:/opt/ros/humble /usr/bin/cmake --build /home/mmms/ros2-ws/build/pegasus_arm_moveit -- -j4 -l4
[0.241s] Invoking command in '/home/mmms/ros2-ws/build/pegasus_arm_moveit': CMAKE_PREFIX_PATH=${CMAKE_PREFIX_PATH}:/opt/ros/humble /usr/bin/cmake --install /home/mmms/ros2-ws/build/pegasus_arm_moveit
[0.257s] -- Install configuration: ""
[0.257s] -- Up-to-date: /home/mmms/ros2-ws/install/pegasus_arm_moveit/share/pegasus_arm_moveit/config
[0.257s] -- Up-to-date: /home/mmms/ros2-ws/install/pegasus_arm_moveit/share/pegasus_arm_moveit/config/pegasus_arm.urdf
[0.258s] -- Up-to-date: /home/mmms/ros2-ws/install/pegasus_arm_moveit/share/pegasus_arm_moveit/config/kinematics.yaml
[0.258s] -- Up-to-date: /home/mmms/ros2-ws/install/pegasus_arm_moveit/share/pegasus_arm_moveit/config/moveit_controllers.yaml
[0.258s] -- Up-to-date: /home/mmms/ros2-ws/install/pegasus_arm_moveit/share/pegasus_arm_moveit/config/joint_limits.yaml
[0.258s] -- Up-to-date: /home/mmms/ros2-ws/install/pegasus_arm_moveit/share/pegasus_arm_moveit/config/ompl_planning.yaml
[0.258s] -- Up-to-date: /home/mmms/ros2-ws/install/pegasus_arm_moveit/share/pegasus_arm_moveit/config/pegasus_arm.srdf
[0.259s] -- Up-to-date: /home/mmms/ros2-ws/install/pegasus_arm_moveit/share/pegasus_arm_moveit/launch
[0.259s] -- Up-to-date: /home/mmms/ros2-ws/install/pegasus_arm_moveit/share/pegasus_arm_moveit/launch/pegasus_moveit.launch.py
[0.259s] -- Up-to-date: /home/mmms/ros2-ws/install/pegasus_arm_moveit/share/pegasus_arm_moveit/launch/.vscode
[0.259s] -- Up-to-date: /home/mmms/ros2-ws/install/pegasus_arm_moveit/share/pegasus_arm_moveit/launch/.vscode/c_cpp_properties.json
[0.259s] -- Up-to-date: /home/mmms/ros2-ws/install/pegasus_arm_moveit/share/pegasus_arm_moveit/launch/.vscode/settings.json
[0.259s] -- Up-to-date: /home/mmms/ros2-ws/install/pegasus_arm_moveit/share/pegasus_arm_moveit/launch/kinematics.yaml
[0.259s] -- Up-to-date: /home/mmms/ros2-ws/install/pegasus_arm_moveit/share/pegasus_arm_moveit/launch/package.xml
[0.260s] -- Up-to-date: /home/mmms/ros2-ws/install/pegasus_arm_moveit/share/pegasus_arm_moveit/launch/CMakeLists.txt
[0.260s] -- Up-to-date: /home/mmms/ros2-ws/install/pegasus_arm_moveit/share/ament_index/resource_index/package_run_dependencies/pegasus_arm_moveit
[0.260s] -- Up-to-date: /home/mmms/ros2-ws/install/pegasus_arm_moveit/share/ament_index/resource_index/parent_prefix_path/pegasus_arm_moveit
[0.260s] -- Up-to-date: /home/mmms/ros2-ws/install/pegasus_arm_moveit/share/pegasus_arm_moveit/environment/ament_prefix_path.sh
[0.260s] -- Up-to-date: /home/mmms/ros2-ws/install/pegasus_arm_moveit/share/pegasus_arm_moveit/environment/ament_prefix_path.dsv
[0.260s] -- Up-to-date: /home/mmms/ros2-ws/install/pegasus_arm_moveit/share/pegasus_arm_moveit/environment/path.sh
[0.261s] -- Up-to-date: /home/mmms/ros2-ws/install/pegasus_arm_moveit/share/pegasus_arm_moveit/environment/path.dsv
[0.261s] -- Up-to-date: /home/mmms/ros2-ws/install/pegasus_arm_moveit/share/pegasus_arm_moveit/local_setup.bash
[0.261s] -- Up-to-date: /home/mmms/ros2-ws/install/pegasus_arm_moveit/share/pegasus_arm_moveit/local_setup.sh
[0.261s] -- Up-to-date: /home/mmms/ros2-ws/install/pegasus_arm_moveit/share/pegasus_arm_moveit/local_setup.zsh
[0.261s] -- Up-to-date: /home/mmms/ros2-ws/install/pegasus_arm_moveit/share/pegasus_arm_moveit/local_setup.dsv
[0.261s] -- Up-to-date: /home/mmms/ros2-ws/install/pegasus_arm_moveit/share/pegasus_arm_moveit/package.dsv
[0.261s] -- Up-to-date: /home/mmms/ros2-ws/install/pegasus_arm_moveit/share/ament_index/resource_index/packages/pegasus_arm_moveit
[0.261s] -- Up-to-date: /home/mmms/ros2-ws/install/pegasus_arm_moveit/share/pegasus_arm_moveit/cmake/pegasus_arm_moveitConfig.cmake
[0.262s] -- Up-to-date: /home/mmms/ros2-ws/install/pegasus_arm_moveit/share/pegasus_arm_moveit/cmake/pegasus_arm_moveitConfig-version.cmake
[0.262s] -- Up-to-date: /home/mmms/ros2-ws/install/pegasus_arm_moveit/share/pegasus_arm_moveit/package.xml
[0.404s] Invoked command in '/home/mmms/ros2-ws/build/pegasus_arm_moveit' returned '0': CMAKE_PREFIX_PATH=${CMAKE_PREFIX_PATH}:/opt/ros/humble /usr/bin/cmake --install /home/mmms/ros2-ws/build/pegasus_arm_moveit
