[0.194s] DEBUG:colcon:Command line arguments: ['/usr/bin/colcon', 'build']
[0.194s] DEBUG:colcon:Parsed command line arguments: Namespace(log_base=None, log_level=None, verb_name='build', build_base='build', install_base='install', merge_install=False, symlink_install=False, test_result_base=None, continue_on_error=False, executor='parallel', parallel_workers=4, event_handlers=None, ignore_user_meta=False, metas=['./colcon.meta'], base_paths=['.'], packages_ignore=None, packages_ignore_regex=None, paths=None, packages_up_to=None, packages_up_to_regex=None, packages_above=None, packages_above_and_dependencies=None, packages_above_depth=None, packages_select_by_dep=None, packages_skip_by_dep=None, packages_skip_up_to=None, packages_select_build_failed=False, packages_skip_build_finished=False, packages_select_test_failures=False, packages_skip_test_passed=False, packages_select=None, packages_skip=None, packages_select_regex=None, packages_skip_regex=None, packages_start=None, packages_end=None, allow_overriding=[], cmake_args=None, cmake_target=None, cmake_target_skip_unavailable=False, cmake_clean_cache=False, cmake_clean_first=False, cmake_force_configure=False, ament_cmake_args=None, catkin_cmake_args=None, catkin_skip_building_tests=False, mixin_files=None, mixin=None, verb_parser=<colcon_mixin.mixin.mixin_argument.MixinArgumentDecorator object at 0x757fcccb40b0>, verb_extension=<colcon_core.verb.build.BuildVerb object at 0x757fccdd4770>, main=<bound method BuildVerb.main of <colcon_core.verb.build.BuildVerb object at 0x757fccdd4770>>, mixin_verb=('build',))
[0.273s] Level 1:colcon.colcon_core.package_discovery:discover_packages(colcon_meta) check parameters
[0.273s] Level 1:colcon.colcon_core.package_discovery:discover_packages(recursive) check parameters
[0.273s] Level 1:colcon.colcon_core.package_discovery:discover_packages(ignore) check parameters
[0.273s] Level 1:colcon.colcon_core.package_discovery:discover_packages(path) check parameters
[0.273s] Level 1:colcon.colcon_core.package_discovery:discover_packages(colcon_meta) discover
[0.274s] Level 1:colcon.colcon_core.package_discovery:discover_packages(recursive) discover
[0.274s] INFO:colcon.colcon_core.package_discovery:Crawling recursively for packages in '/home/mmms/ros2-ws/src/pegasus_arm_description'
[0.274s] Level 1:colcon.colcon_core.package_identification:_identify(.) by extensions ['ignore', 'ignore_ament_install']
[0.274s] Level 1:colcon.colcon_core.package_identification:_identify(.) by extension 'ignore'
[0.274s] Level 1:colcon.colcon_core.package_identification:_identify(.) by extension 'ignore_ament_install'
[0.274s] Level 1:colcon.colcon_core.package_identification:_identify(.) by extensions ['colcon_pkg']
[0.274s] Level 1:colcon.colcon_core.package_identification:_identify(.) by extension 'colcon_pkg'
[0.274s] Level 1:colcon.colcon_core.package_identification:_identify(.) by extensions ['colcon_meta']
[0.274s] Level 1:colcon.colcon_core.package_identification:_identify(.) by extension 'colcon_meta'
[0.274s] Level 1:colcon.colcon_core.package_identification:_identify(.) by extensions ['ros']
[0.274s] Level 1:colcon.colcon_core.package_identification:_identify(.) by extension 'ros'
[0.320s] DEBUG:colcon.colcon_core.package_identification:Package '.' with type 'ros.ament_cmake' and name 'pegasus_arm_description'
[0.320s] Level 1:colcon.colcon_core.package_discovery:discover_packages(recursive) using defaults
[0.320s] Level 1:colcon.colcon_core.package_discovery:discover_packages(ignore) discover
[0.320s] Level 1:colcon.colcon_core.package_discovery:discover_packages(ignore) using defaults
[0.320s] Level 1:colcon.colcon_core.package_discovery:discover_packages(path) discover
[0.320s] Level 1:colcon.colcon_core.package_discovery:discover_packages(path) using defaults
[0.346s] Level 1:colcon.colcon_core.package_discovery:discover_packages(prefix_path) check parameters
[0.347s] Level 1:colcon.colcon_core.package_discovery:discover_packages(prefix_path) discover
[0.352s] DEBUG:colcon.colcon_installed_package_information.package_discovery:Found 390 installed packages in /opt/ros/jazzy
[0.355s] Level 1:colcon.colcon_core.package_discovery:discover_packages(prefix_path) using defaults
[0.454s] Level 5:colcon.colcon_core.verb:set package 'pegasus_arm_description' build argument 'cmake_args' from command line to 'None'
[0.454s] Level 5:colcon.colcon_core.verb:set package 'pegasus_arm_description' build argument 'cmake_target' from command line to 'None'
[0.454s] Level 5:colcon.colcon_core.verb:set package 'pegasus_arm_description' build argument 'cmake_target_skip_unavailable' from command line to 'False'
[0.455s] Level 5:colcon.colcon_core.verb:set package 'pegasus_arm_description' build argument 'cmake_clean_cache' from command line to 'False'
[0.455s] Level 5:colcon.colcon_core.verb:set package 'pegasus_arm_description' build argument 'cmake_clean_first' from command line to 'False'
[0.455s] Level 5:colcon.colcon_core.verb:set package 'pegasus_arm_description' build argument 'cmake_force_configure' from command line to 'False'
[0.455s] Level 5:colcon.colcon_core.verb:set package 'pegasus_arm_description' build argument 'ament_cmake_args' from command line to 'None'
[0.455s] Level 5:colcon.colcon_core.verb:set package 'pegasus_arm_description' build argument 'catkin_cmake_args' from command line to 'None'
[0.455s] Level 5:colcon.colcon_core.verb:set package 'pegasus_arm_description' build argument 'catkin_skip_building_tests' from command line to 'False'
[0.455s] DEBUG:colcon.colcon_core.verb:Building package 'pegasus_arm_description' with the following arguments: {'ament_cmake_args': None, 'build_base': '/home/mmms/ros2-ws/src/pegasus_arm_description/build/pegasus_arm_description', 'catkin_cmake_args': None, 'catkin_skip_building_tests': False, 'cmake_args': None, 'cmake_clean_cache': False, 'cmake_clean_first': False, 'cmake_force_configure': False, 'cmake_target': None, 'cmake_target_skip_unavailable': False, 'install_base': '/home/mmms/ros2-ws/src/pegasus_arm_description/install/pegasus_arm_description', 'merge_install': False, 'path': '/home/mmms/ros2-ws/src/pegasus_arm_description', 'symlink_install': False, 'test_result_base': None}
[0.455s] INFO:colcon.colcon_core.executor:Executing jobs using 'parallel' executor
[0.457s] DEBUG:colcon.colcon_parallel_executor.executor.parallel:run_until_complete
[0.457s] INFO:colcon.colcon_ros.task.ament_cmake.build:Building ROS package in '/home/mmms/ros2-ws/src/pegasus_arm_description' with build type 'ament_cmake'
[0.458s] INFO:colcon.colcon_cmake.task.cmake.build:Building CMake package in '/home/mmms/ros2-ws/src/pegasus_arm_description'
[0.464s] INFO:colcon.colcon_core.plugin_system:Skipping extension 'colcon_core.shell.bat': Not used on non-Windows systems
[0.465s] INFO:colcon.colcon_core.shell:Skip shell extension 'powershell' for command environment: Not usable outside of PowerShell
[0.465s] DEBUG:colcon.colcon_core.shell:Skip shell extension 'dsv' for command environment
[0.494s] DEBUG:colcon.colcon_core.event_handler.log_command:Invoking command in '/home/mmms/ros2-ws/src/pegasus_arm_description/build/pegasus_arm_description': CMAKE_PREFIX_PATH=${CMAKE_PREFIX_PATH}:/opt/ros/jazzy DEBUGINFOD_URLS=https://debuginfod.ubuntu.com /usr/bin/cmake /home/mmms/ros2-ws/src/pegasus_arm_description -DCMAKE_INSTALL_PREFIX=/home/mmms/ros2-ws/src/pegasus_arm_description/install/pegasus_arm_description
[4.402s] DEBUG:colcon.colcon_core.event_handler.log_command:Invoked command in '/home/mmms/ros2-ws/src/pegasus_arm_description/build/pegasus_arm_description' returned '0': CMAKE_PREFIX_PATH=${CMAKE_PREFIX_PATH}:/opt/ros/jazzy DEBUGINFOD_URLS=https://debuginfod.ubuntu.com /usr/bin/cmake /home/mmms/ros2-ws/src/pegasus_arm_description -DCMAKE_INSTALL_PREFIX=/home/mmms/ros2-ws/src/pegasus_arm_description/install/pegasus_arm_description
[4.404s] DEBUG:colcon.colcon_core.event_handler.log_command:Invoking command in '/home/mmms/ros2-ws/src/pegasus_arm_description/build/pegasus_arm_description': CMAKE_PREFIX_PATH=${CMAKE_PREFIX_PATH}:/opt/ros/jazzy DEBUGINFOD_URLS=https://debuginfod.ubuntu.com /usr/bin/cmake --build /home/mmms/ros2-ws/src/pegasus_arm_description/build/pegasus_arm_description -- -j4 -l4
[4.479s] DEBUG:colcon.colcon_core.event_handler.log_command:Invoked command in '/home/mmms/ros2-ws/src/pegasus_arm_description/build/pegasus_arm_description' returned '0': CMAKE_PREFIX_PATH=${CMAKE_PREFIX_PATH}:/opt/ros/jazzy DEBUGINFOD_URLS=https://debuginfod.ubuntu.com /usr/bin/cmake --build /home/mmms/ros2-ws/src/pegasus_arm_description/build/pegasus_arm_description -- -j4 -l4
[4.495s] DEBUG:colcon.colcon_core.event_handler.log_command:Invoking command in '/home/mmms/ros2-ws/src/pegasus_arm_description/build/pegasus_arm_description': CMAKE_PREFIX_PATH=${CMAKE_PREFIX_PATH}:/opt/ros/jazzy DEBUGINFOD_URLS=https://debuginfod.ubuntu.com /usr/bin/cmake --install /home/mmms/ros2-ws/src/pegasus_arm_description/build/pegasus_arm_description
[4.624s] Level 1:colcon.colcon_core.environment:create_environment_scripts_only(pegasus_arm_description)
[4.625s] DEBUG:colcon.colcon_core.event_handler.log_command:Invoked command in '/home/mmms/ros2-ws/src/pegasus_arm_description/build/pegasus_arm_description' returned '0': CMAKE_PREFIX_PATH=${CMAKE_PREFIX_PATH}:/opt/ros/jazzy DEBUGINFOD_URLS=https://debuginfod.ubuntu.com /usr/bin/cmake --install /home/mmms/ros2-ws/src/pegasus_arm_description/build/pegasus_arm_description
[4.633s] Level 1:colcon.colcon_core.environment:checking '/home/mmms/ros2-ws/src/pegasus_arm_description/install/pegasus_arm_description' for CMake module files
[4.635s] Level 1:colcon.colcon_core.environment:checking '/home/mmms/ros2-ws/src/pegasus_arm_description/install/pegasus_arm_description' for CMake config files
[4.635s] Level 1:colcon.colcon_core.shell:create_environment_hook('pegasus_arm_description', 'cmake_prefix_path')
[4.636s] INFO:colcon.colcon_core.shell:Creating environment hook '/home/mmms/ros2-ws/src/pegasus_arm_description/install/pegasus_arm_description/share/pegasus_arm_description/hook/cmake_prefix_path.ps1'
[4.637s] INFO:colcon.colcon_core.shell:Creating environment descriptor '/home/mmms/ros2-ws/src/pegasus_arm_description/install/pegasus_arm_description/share/pegasus_arm_description/hook/cmake_prefix_path.dsv'
[4.638s] INFO:colcon.colcon_core.shell:Creating environment hook '/home/mmms/ros2-ws/src/pegasus_arm_description/install/pegasus_arm_description/share/pegasus_arm_description/hook/cmake_prefix_path.sh'
[4.639s] Level 1:colcon.colcon_core.environment:checking '/home/mmms/ros2-ws/src/pegasus_arm_description/install/pegasus_arm_description/bin'
[4.639s] Level 1:colcon.colcon_core.environment:checking '/home/mmms/ros2-ws/src/pegasus_arm_description/install/pegasus_arm_description/lib/pkgconfig/pegasus_arm_description.pc'
[4.640s] Level 1:colcon.colcon_core.environment:checking '/home/mmms/ros2-ws/src/pegasus_arm_description/install/pegasus_arm_description/lib/python3.12/site-packages'
[4.640s] Level 1:colcon.colcon_core.environment:checking '/home/mmms/ros2-ws/src/pegasus_arm_description/install/pegasus_arm_description/bin'
[4.641s] INFO:colcon.colcon_core.shell:Creating package script '/home/mmms/ros2-ws/src/pegasus_arm_description/install/pegasus_arm_description/share/pegasus_arm_description/package.ps1'
[4.643s] INFO:colcon.colcon_core.shell:Creating package descriptor '/home/mmms/ros2-ws/src/pegasus_arm_description/install/pegasus_arm_description/share/pegasus_arm_description/package.dsv'
[4.645s] INFO:colcon.colcon_core.shell:Creating package script '/home/mmms/ros2-ws/src/pegasus_arm_description/install/pegasus_arm_description/share/pegasus_arm_description/package.sh'
[4.647s] INFO:colcon.colcon_core.shell:Creating package script '/home/mmms/ros2-ws/src/pegasus_arm_description/install/pegasus_arm_description/share/pegasus_arm_description/package.bash'
[4.649s] INFO:colcon.colcon_core.shell:Creating package script '/home/mmms/ros2-ws/src/pegasus_arm_description/install/pegasus_arm_description/share/pegasus_arm_description/package.zsh'
[4.650s] Level 1:colcon.colcon_core.environment:create_file_with_runtime_dependencies(/home/mmms/ros2-ws/src/pegasus_arm_description/install/pegasus_arm_description/share/colcon-core/packages/pegasus_arm_description)
[4.651s] Level 1:colcon.colcon_core.environment:create_environment_scripts_only(pegasus_arm_description)
[4.652s] Level 1:colcon.colcon_core.environment:checking '/home/mmms/ros2-ws/src/pegasus_arm_description/install/pegasus_arm_description' for CMake module files
[4.653s] Level 1:colcon.colcon_core.environment:checking '/home/mmms/ros2-ws/src/pegasus_arm_description/install/pegasus_arm_description' for CMake config files
[4.654s] Level 1:colcon.colcon_core.shell:create_environment_hook('pegasus_arm_description', 'cmake_prefix_path')
[4.654s] INFO:colcon.colcon_core.shell:Creating environment hook '/home/mmms/ros2-ws/src/pegasus_arm_description/install/pegasus_arm_description/share/pegasus_arm_description/hook/cmake_prefix_path.ps1'
[4.655s] INFO:colcon.colcon_core.shell:Creating environment descriptor '/home/mmms/ros2-ws/src/pegasus_arm_description/install/pegasus_arm_description/share/pegasus_arm_description/hook/cmake_prefix_path.dsv'
[4.656s] INFO:colcon.colcon_core.shell:Creating environment hook '/home/mmms/ros2-ws/src/pegasus_arm_description/install/pegasus_arm_description/share/pegasus_arm_description/hook/cmake_prefix_path.sh'
[4.657s] Level 1:colcon.colcon_core.environment:checking '/home/mmms/ros2-ws/src/pegasus_arm_description/install/pegasus_arm_description/bin'
[4.657s] Level 1:colcon.colcon_core.environment:checking '/home/mmms/ros2-ws/src/pegasus_arm_description/install/pegasus_arm_description/lib/pkgconfig/pegasus_arm_description.pc'
[4.658s] Level 1:colcon.colcon_core.environment:checking '/home/mmms/ros2-ws/src/pegasus_arm_description/install/pegasus_arm_description/lib/python3.12/site-packages'
[4.658s] Level 1:colcon.colcon_core.environment:checking '/home/mmms/ros2-ws/src/pegasus_arm_description/install/pegasus_arm_description/bin'
[4.659s] INFO:colcon.colcon_core.shell:Creating package script '/home/mmms/ros2-ws/src/pegasus_arm_description/install/pegasus_arm_description/share/pegasus_arm_description/package.ps1'
[4.660s] INFO:colcon.colcon_core.shell:Creating package descriptor '/home/mmms/ros2-ws/src/pegasus_arm_description/install/pegasus_arm_description/share/pegasus_arm_description/package.dsv'
[4.661s] INFO:colcon.colcon_core.shell:Creating package script '/home/mmms/ros2-ws/src/pegasus_arm_description/install/pegasus_arm_description/share/pegasus_arm_description/package.sh'
[4.662s] INFO:colcon.colcon_core.shell:Creating package script '/home/mmms/ros2-ws/src/pegasus_arm_description/install/pegasus_arm_description/share/pegasus_arm_description/package.bash'
[4.663s] INFO:colcon.colcon_core.shell:Creating package script '/home/mmms/ros2-ws/src/pegasus_arm_description/install/pegasus_arm_description/share/pegasus_arm_description/package.zsh'
[4.664s] Level 1:colcon.colcon_core.environment:create_file_with_runtime_dependencies(/home/mmms/ros2-ws/src/pegasus_arm_description/install/pegasus_arm_description/share/colcon-core/packages/pegasus_arm_description)
[4.665s] DEBUG:colcon.colcon_parallel_executor.executor.parallel:closing loop
[4.666s] DEBUG:colcon.colcon_parallel_executor.executor.parallel:loop closed
[4.667s] DEBUG:colcon.colcon_parallel_executor.executor.parallel:run_until_complete finished with '0'
[4.667s] DEBUG:colcon.colcon_core.event_reactor:joining thread
[4.683s] INFO:colcon.colcon_core.plugin_system:Skipping extension 'colcon_notification.desktop_notification.terminal_notifier': Not used on non-Darwin systems
[4.683s] INFO:colcon.colcon_core.plugin_system:Skipping extension 'colcon_notification.desktop_notification.win32': Not used on non-Windows systems
[4.683s] INFO:colcon.colcon_notification.desktop_notification:Sending desktop notification using 'notify2'
[4.737s] DEBUG:colcon.colcon_core.event_reactor:joined thread
[4.738s] INFO:colcon.colcon_core.shell:Creating prefix script '/home/mmms/ros2-ws/src/pegasus_arm_description/install/local_setup.ps1'
[4.750s] INFO:colcon.colcon_core.shell:Creating prefix util module '/home/mmms/ros2-ws/src/pegasus_arm_description/install/_local_setup_util_ps1.py'
[4.755s] INFO:colcon.colcon_core.shell:Creating prefix chain script '/home/mmms/ros2-ws/src/pegasus_arm_description/install/setup.ps1'
[4.758s] INFO:colcon.colcon_core.shell:Creating prefix script '/home/mmms/ros2-ws/src/pegasus_arm_description/install/local_setup.sh'
[4.760s] INFO:colcon.colcon_core.shell:Creating prefix util module '/home/mmms/ros2-ws/src/pegasus_arm_description/install/_local_setup_util_sh.py'
[4.761s] INFO:colcon.colcon_core.shell:Creating prefix chain script '/home/mmms/ros2-ws/src/pegasus_arm_description/install/setup.sh'
[4.764s] INFO:colcon.colcon_core.shell:Creating prefix script '/home/mmms/ros2-ws/src/pegasus_arm_description/install/local_setup.bash'
[4.765s] INFO:colcon.colcon_core.shell:Creating prefix chain script '/home/mmms/ros2-ws/src/pegasus_arm_description/install/setup.bash'
[4.768s] INFO:colcon.colcon_core.shell:Creating prefix script '/home/mmms/ros2-ws/src/pegasus_arm_description/install/local_setup.zsh'
[4.769s] INFO:colcon.colcon_core.shell:Creating prefix chain script '/home/mmms/ros2-ws/src/pegasus_arm_description/install/setup.zsh'
