[0.015s] Invoking command in '/home/mmms/ros2-ws/Sim/build/pegasus_arm_description': CMAKE_PREFIX_PATH=${CMAKE_PREFIX_PATH}:/opt/ros/humble /usr/bin/cmake --build /home/mmms/ros2-ws/Sim/build/pegasus_arm_description -- -j4 -l4
[0.052s] -- Found ament_cmake: 1.3.11 (/opt/ros/humble/share/ament_cmake/cmake)
[0.259s] -- Found urdf: 2.6.1 (/opt/ros/humble/share/urdf/cmake)
[0.309s] -- Found rviz2: 11.2.16 (/opt/ros/humble/share/rviz2/cmake)
[0.310s] -- Found ament_lint_auto: 0.12.11 (/opt/ros/humble/share/ament_lint_auto/cmake)
[0.418s] -- Added test 'flake8' to check Python code syntax and style conventions
[0.419s] -- Added test 'lint_cmake' to check CMake code style
[0.420s] -- Added test 'pep257' to check Python code against some of the docstring style conventions in PEP 257
[0.422s] -- Added test 'xmllint' to check XML markup files
[0.423s] -- Configuring done
[0.429s] -- Generating done
[0.432s] -- Build files have been written to: /home/mmms/ros2-ws/Sim/build/pegasus_arm_description
[0.477s] Invoked command in '/home/mmms/ros2-ws/Sim/build/pegasus_arm_description' returned '0': CMAKE_PREFIX_PATH=${CMAKE_PREFIX_PATH}:/opt/ros/humble /usr/bin/cmake --build /home/mmms/ros2-ws/Sim/build/pegasus_arm_description -- -j4 -l4
[0.491s] Invoking command in '/home/mmms/ros2-ws/Sim/build/pegasus_arm_description': CMAKE_PREFIX_PATH=${CMAKE_PREFIX_PATH}:/opt/ros/humble /usr/bin/cmake --install /home/mmms/ros2-ws/Sim/build/pegasus_arm_description
[0.501s] -- Install configuration: ""
[0.501s] -- Installing: /home/mmms/ros2-ws/Sim/install/pegasus_arm_description/share/pegasus_arm_description//launch
[0.502s] -- Installing: /home/mmms/ros2-ws/Sim/install/pegasus_arm_description/share/pegasus_arm_description//launch/display.launch.py
[0.502s] -- Up-to-date: /home/mmms/ros2-ws/Sim/install/pegasus_arm_description/share/ament_index/resource_index/package_run_dependencies/pegasus_arm_description
[0.502s] -- Up-to-date: /home/mmms/ros2-ws/Sim/install/pegasus_arm_description/share/ament_index/resource_index/parent_prefix_path/pegasus_arm_description
[0.503s] -- Up-to-date: /home/mmms/ros2-ws/Sim/install/pegasus_arm_description/share/pegasus_arm_description/environment/ament_prefix_path.sh
[0.503s] -- Installing: /home/mmms/ros2-ws/Sim/install/pegasus_arm_description/share/pegasus_arm_description/environment/ament_prefix_path.dsv
[0.503s] -- Up-to-date: /home/mmms/ros2-ws/Sim/install/pegasus_arm_description/share/pegasus_arm_description/environment/path.sh
[0.503s] -- Installing: /home/mmms/ros2-ws/Sim/install/pegasus_arm_description/share/pegasus_arm_description/environment/path.dsv
[0.503s] -- Up-to-date: /home/mmms/ros2-ws/Sim/install/pegasus_arm_description/share/pegasus_arm_description/local_setup.bash
[0.504s] -- Up-to-date: /home/mmms/ros2-ws/Sim/install/pegasus_arm_description/share/pegasus_arm_description/local_setup.sh
[0.504s] -- Up-to-date: /home/mmms/ros2-ws/Sim/install/pegasus_arm_description/share/pegasus_arm_description/local_setup.zsh
[0.504s] -- Installing: /home/mmms/ros2-ws/Sim/install/pegasus_arm_description/share/pegasus_arm_description/local_setup.dsv
[0.504s] -- Installing: /home/mmms/ros2-ws/Sim/install/pegasus_arm_description/share/pegasus_arm_description/package.dsv
[0.504s] -- Up-to-date: /home/mmms/ros2-ws/Sim/install/pegasus_arm_description/share/ament_index/resource_index/packages/pegasus_arm_description
[0.505s] -- Up-to-date: /home/mmms/ros2-ws/Sim/install/pegasus_arm_description/share/pegasus_arm_description/cmake/pegasus_arm_descriptionConfig.cmake
[0.505s] -- Up-to-date: /home/mmms/ros2-ws/Sim/install/pegasus_arm_description/share/pegasus_arm_description/cmake/pegasus_arm_descriptionConfig-version.cmake
[0.505s] -- Up-to-date: /home/mmms/ros2-ws/Sim/install/pegasus_arm_description/share/pegasus_arm_description/package.xml
[0.507s] Invoked command in '/home/mmms/ros2-ws/Sim/build/pegasus_arm_description' returned '0': CMAKE_PREFIX_PATH=${CMAKE_PREFIX_PATH}:/opt/ros/humble /usr/bin/cmake --install /home/mmms/ros2-ws/Sim/build/pegasus_arm_description
