[0.172s] DEBUG:colcon:Command line arguments: ['/usr/bin/colcon', 'build', '--symlink-install']
[0.172s] DEBUG:colcon:Parsed command line arguments: Namespace(log_base=None, log_level=None, verb_name='build', build_base='build', install_base='install', merge_install=False, symlink_install=True, test_result_base=None, continue_on_error=False, executor='parallel', parallel_workers=4, event_handlers=None, ignore_user_meta=False, metas=['./colcon.meta'], base_paths=['.'], packages_ignore=None, packages_ignore_regex=None, paths=None, packages_up_to=None, packages_up_to_regex=None, packages_above=None, packages_above_and_dependencies=None, packages_above_depth=None, packages_select_by_dep=None, packages_skip_by_dep=None, packages_skip_up_to=None, packages_select_build_failed=False, packages_skip_build_finished=False, packages_select_test_failures=False, packages_skip_test_passed=False, packages_select=None, packages_skip=None, packages_select_regex=None, packages_skip_regex=None, packages_start=None, packages_end=None, allow_overriding=[], cmake_args=None, cmake_target=None, cmake_target_skip_unavailable=False, cmake_clean_cache=False, cmake_clean_first=False, cmake_force_configure=False, ament_cmake_args=None, catkin_cmake_args=None, catkin_skip_building_tests=False, mixin_files=None, mixin=None, verb_parser=<colcon_mixin.mixin.mixin_argument.MixinArgumentDecorator object at 0x7360253d9900>, verb_extension=<colcon_core.verb.build.BuildVerb object at 0x7360253d9390>, main=<bound method BuildVerb.main of <colcon_core.verb.build.BuildVerb object at 0x7360253d9390>>, mixin_verb=('build',))
[0.463s] Level 1:colcon.colcon_core.package_discovery:discover_packages(colcon_meta) check parameters
[0.463s] Level 1:colcon.colcon_core.package_discovery:discover_packages(recursive) check parameters
[0.463s] Level 1:colcon.colcon_core.package_discovery:discover_packages(ignore) check parameters
[0.463s] Level 1:colcon.colcon_core.package_discovery:discover_packages(path) check parameters
[0.463s] Level 1:colcon.colcon_core.package_discovery:discover_packages(colcon_meta) discover
[0.463s] Level 1:colcon.colcon_core.package_discovery:discover_packages(recursive) discover
[0.464s] INFO:colcon.colcon_core.package_discovery:Crawling recursively for packages in '/home/mmms/ros2-ws/src/pegasus_arm_moveit'
[0.464s] Level 1:colcon.colcon_core.package_identification:_identify(.) by extensions ['ignore', 'ignore_ament_install']
[0.464s] Level 1:colcon.colcon_core.package_identification:_identify(.) by extension 'ignore'
[0.464s] Level 1:colcon.colcon_core.package_identification:_identify(.) by extension 'ignore_ament_install'
[0.464s] Level 1:colcon.colcon_core.package_identification:_identify(.) by extensions ['colcon_pkg']
[0.464s] Level 1:colcon.colcon_core.package_identification:_identify(.) by extension 'colcon_pkg'
[0.464s] Level 1:colcon.colcon_core.package_identification:_identify(.) by extensions ['colcon_meta']
[0.464s] Level 1:colcon.colcon_core.package_identification:_identify(.) by extension 'colcon_meta'
[0.464s] Level 1:colcon.colcon_core.package_identification:_identify(.) by extensions ['ros']
[0.464s] Level 1:colcon.colcon_core.package_identification:_identify(.) by extension 'ros'
[0.480s] Level 1:colcon.colcon_core.package_identification:_identify(.) by extensions ['cmake', 'python']
[0.481s] Level 1:colcon.colcon_core.package_identification:_identify(.) by extension 'cmake'
[0.483s] Level 1:colcon.colcon_core.package_identification:_identify(.) by extension 'python'
[0.483s] DEBUG:colcon.colcon_core.package_identification:Package '.' with type 'cmake' and name 'pegasus_arm_moveit'
[0.483s] Level 1:colcon.colcon_core.package_discovery:discover_packages(recursive) using defaults
[0.483s] Level 1:colcon.colcon_core.package_discovery:discover_packages(ignore) discover
[0.483s] Level 1:colcon.colcon_core.package_discovery:discover_packages(ignore) using defaults
[0.483s] Level 1:colcon.colcon_core.package_discovery:discover_packages(path) discover
[0.483s] Level 1:colcon.colcon_core.package_discovery:discover_packages(path) using defaults
[0.529s] Level 1:colcon.colcon_core.package_discovery:discover_packages(prefix_path) check parameters
[0.529s] Level 1:colcon.colcon_core.package_discovery:discover_packages(prefix_path) discover
[0.530s] WARNING:colcon.colcon_core.prefix_path.colcon:The path '/home/mmms/ros2-ws/install' in the environment variable COLCON_PREFIX_PATH doesn't exist
[0.530s] WARNING:colcon.colcon_ros.prefix_path.ament:The path '/home/mmms/ros2-ws/install/pegasus_arm_task' in the environment variable AMENT_PREFIX_PATH doesn't exist
[0.530s] WARNING:colcon.colcon_ros.prefix_path.ament:The path '/home/mmms/ros2-ws/install/pegasus_arm_msgs' in the environment variable AMENT_PREFIX_PATH doesn't exist
[0.530s] WARNING:colcon.colcon_ros.prefix_path.ament:The path '/home/mmms/ros2-ws/install/pegasus_arm_moveit' in the environment variable AMENT_PREFIX_PATH doesn't exist
[0.530s] WARNING:colcon.colcon_ros.prefix_path.ament:The path '/home/mmms/ros2-ws/install/moveit_srfd' in the environment variable AMENT_PREFIX_PATH doesn't exist
[0.530s] WARNING:colcon.colcon_ros.prefix_path.ament:The path '/home/mmms/ros2-ws/install/pegasus_arm_description' in the environment variable AMENT_PREFIX_PATH doesn't exist
[0.530s] WARNING:colcon.colcon_ros.prefix_path.ament:The path '/home/mmms/ros2-ws/install/pegasus_arm_controller' in the environment variable AMENT_PREFIX_PATH doesn't exist
[0.530s] WARNING:colcon.colcon_ros.prefix_path.ament:The path '/home/mmms/ros2-ws/install/pegasus_arm_arise' in the environment variable AMENT_PREFIX_PATH doesn't exist
[0.531s] WARNING:colcon.colcon_ros.prefix_path.catkin:The path '/home/mmms/ros2-ws/install/pegasus_arm_task' in the environment variable CMAKE_PREFIX_PATH doesn't exist
[0.531s] WARNING:colcon.colcon_ros.prefix_path.catkin:The path '/home/mmms/ros2-ws/install/pegasus_arm_msgs' in the environment variable CMAKE_PREFIX_PATH doesn't exist
[0.531s] WARNING:colcon.colcon_ros.prefix_path.catkin:The path '/home/mmms/ros2-ws/install/moveit_srfd' in the environment variable CMAKE_PREFIX_PATH doesn't exist
[0.531s] WARNING:colcon.colcon_ros.prefix_path.catkin:The path '/home/mmms/ros2-ws/install/pegasus_arm_description' in the environment variable CMAKE_PREFIX_PATH doesn't exist
[0.531s] WARNING:colcon.colcon_ros.prefix_path.catkin:The path '/home/mmms/ros2-ws/install/pegasus_arm_controller' in the environment variable CMAKE_PREFIX_PATH doesn't exist
[0.531s] WARNING:colcon.colcon_ros.prefix_path.catkin:The path '/home/mmms/ros2-ws/install/pegasus_arm_arise' in the environment variable CMAKE_PREFIX_PATH doesn't exist
[0.534s] DEBUG:colcon.colcon_installed_package_information.package_discovery:Found 338 installed packages in /opt/ros/humble
[0.537s] Level 1:colcon.colcon_core.package_discovery:discover_packages(prefix_path) using defaults
[0.618s] Level 5:colcon.colcon_core.verb:set package 'pegasus_arm_moveit' build argument 'cmake_args' from command line to 'None'
[0.618s] Level 5:colcon.colcon_core.verb:set package 'pegasus_arm_moveit' build argument 'cmake_target' from command line to 'None'
[0.618s] Level 5:colcon.colcon_core.verb:set package 'pegasus_arm_moveit' build argument 'cmake_target_skip_unavailable' from command line to 'False'
[0.618s] Level 5:colcon.colcon_core.verb:set package 'pegasus_arm_moveit' build argument 'cmake_clean_cache' from command line to 'False'
[0.618s] Level 5:colcon.colcon_core.verb:set package 'pegasus_arm_moveit' build argument 'cmake_clean_first' from command line to 'False'
[0.618s] Level 5:colcon.colcon_core.verb:set package 'pegasus_arm_moveit' build argument 'cmake_force_configure' from command line to 'False'
[0.618s] Level 5:colcon.colcon_core.verb:set package 'pegasus_arm_moveit' build argument 'ament_cmake_args' from command line to 'None'
[0.618s] Level 5:colcon.colcon_core.verb:set package 'pegasus_arm_moveit' build argument 'catkin_cmake_args' from command line to 'None'
[0.618s] Level 5:colcon.colcon_core.verb:set package 'pegasus_arm_moveit' build argument 'catkin_skip_building_tests' from command line to 'False'
[0.618s] DEBUG:colcon.colcon_core.verb:Building package 'pegasus_arm_moveit' with the following arguments: {'ament_cmake_args': None, 'build_base': '/home/mmms/ros2-ws/src/pegasus_arm_moveit/build/pegasus_arm_moveit', 'catkin_cmake_args': None, 'catkin_skip_building_tests': False, 'cmake_args': None, 'cmake_clean_cache': False, 'cmake_clean_first': False, 'cmake_force_configure': False, 'cmake_target': None, 'cmake_target_skip_unavailable': False, 'install_base': '/home/mmms/ros2-ws/src/pegasus_arm_moveit/install/pegasus_arm_moveit', 'merge_install': False, 'path': '/home/mmms/ros2-ws/src/pegasus_arm_moveit', 'symlink_install': True, 'test_result_base': None}
[0.618s] INFO:colcon.colcon_core.executor:Executing jobs using 'parallel' executor
[0.620s] DEBUG:colcon.colcon_parallel_executor.executor.parallel:run_until_complete
[0.621s] INFO:colcon.colcon_cmake.task.cmake.build:Building CMake package in '/home/mmms/ros2-ws/src/pegasus_arm_moveit'
[0.624s] INFO:colcon.colcon_core.plugin_system:Skipping extension 'colcon_core.shell.bat': Not used on non-Windows systems
[0.624s] INFO:colcon.colcon_core.shell:Skip shell extension 'powershell' for command environment: Not usable outside of PowerShell
[0.624s] DEBUG:colcon.colcon_core.shell:Skip shell extension 'dsv' for command environment
[0.639s] DEBUG:colcon.colcon_core.event_handler.log_command:Invoking command in '/home/mmms/ros2-ws/src/pegasus_arm_moveit/build/pegasus_arm_moveit': /usr/bin/cmake /home/mmms/ros2-ws/src/pegasus_arm_moveit -DCMAKE_INSTALL_PREFIX=/home/mmms/ros2-ws/src/pegasus_arm_moveit/install/pegasus_arm_moveit
[1.914s] DEBUG:colcon.colcon_core.event_handler.log_command:Invoked command in '/home/mmms/ros2-ws/src/pegasus_arm_moveit/build/pegasus_arm_moveit' returned '1': /usr/bin/cmake /home/mmms/ros2-ws/src/pegasus_arm_moveit -DCMAKE_INSTALL_PREFIX=/home/mmms/ros2-ws/src/pegasus_arm_moveit/install/pegasus_arm_moveit
[1.925s] DEBUG:colcon.colcon_parallel_executor.executor.parallel:closing loop
[1.925s] DEBUG:colcon.colcon_parallel_executor.executor.parallel:loop closed
[1.925s] DEBUG:colcon.colcon_parallel_executor.executor.parallel:run_until_complete finished with '1'
[1.925s] DEBUG:colcon.colcon_core.event_reactor:joining thread
[1.933s] INFO:colcon.colcon_core.plugin_system:Skipping extension 'colcon_notification.desktop_notification.terminal_notifier': Not used on non-Darwin systems
[1.933s] INFO:colcon.colcon_core.plugin_system:Skipping extension 'colcon_notification.desktop_notification.win32': Not used on non-Windows systems
[1.933s] INFO:colcon.colcon_notification.desktop_notification:Sending desktop notification using 'notify2'
[1.957s] DEBUG:colcon.colcon_core.event_reactor:joined thread
[1.958s] INFO:colcon.colcon_core.shell:Creating prefix script '/home/mmms/ros2-ws/src/pegasus_arm_moveit/install/local_setup.ps1'
[1.960s] INFO:colcon.colcon_core.shell:Creating prefix util module '/home/mmms/ros2-ws/src/pegasus_arm_moveit/install/_local_setup_util_ps1.py'
[1.964s] INFO:colcon.colcon_core.shell:Creating prefix chain script '/home/mmms/ros2-ws/src/pegasus_arm_moveit/install/setup.ps1'
[1.966s] INFO:colcon.colcon_core.shell:Creating prefix script '/home/mmms/ros2-ws/src/pegasus_arm_moveit/install/local_setup.sh'
[1.967s] INFO:colcon.colcon_core.shell:Creating prefix util module '/home/mmms/ros2-ws/src/pegasus_arm_moveit/install/_local_setup_util_sh.py'
[1.969s] INFO:colcon.colcon_core.shell:Creating prefix chain script '/home/mmms/ros2-ws/src/pegasus_arm_moveit/install/setup.sh'
[1.972s] INFO:colcon.colcon_core.shell:Creating prefix script '/home/mmms/ros2-ws/src/pegasus_arm_moveit/install/local_setup.bash'
[1.973s] INFO:colcon.colcon_core.shell:Creating prefix chain script '/home/mmms/ros2-ws/src/pegasus_arm_moveit/install/setup.bash'
[1.976s] INFO:colcon.colcon_core.shell:Creating prefix script '/home/mmms/ros2-ws/src/pegasus_arm_moveit/install/local_setup.zsh'
[1.977s] INFO:colcon.colcon_core.shell:Creating prefix chain script '/home/mmms/ros2-ws/src/pegasus_arm_moveit/install/setup.zsh'
